<?xml version="1.0" encoding="UTF-8" ?>
<testsuites name="vitest tests" tests="379" failures="91" errors="0" time="5.1821769">
    <testsuite name="test/components/IntegrationsSettings.test.tsx" timestamp="2025-10-12T03:32:33.838Z" hostname="1000D" tests="6" failures="6" errors="0" skipped="0" time="0.0111874">
        <testcase classname="test/components/IntegrationsSettings.test.tsx" name="IntegrationsSettings &gt; should show loading state initially" time="0.0079284">
            <failure message="useIntegrations must be used within an IntegrationsProvider" type="Error">
Error: useIntegrations must be used within an IntegrationsProvider
 ❯ useIntegrations src/contexts/IntegrationsContext.tsx:342:11
 ❯ IntegrationsSettings2 src/components/IntegrationsSettings.tsx:16:24
 ❯ ../../../../@solid-refresh:31:68
 ❯ untrack ../node_modules/solid-js/dist/dev.js:475:12
 ❯ Object.HMRComp.name [as fn] ../../../../@solid-refresh:31:61
 ❯ runComputation ../node_modules/solid-js/dist/dev.js:742:22
 ❯ updateComputation ../node_modules/solid-js/dist/dev.js:724:3
 ❯ createMemo ../node_modules/solid-js/dist/dev.js:273:10
 ❯ [solid-refresh]IntegrationsSettings ../../../../@solid-refresh:28:56
 ❯ ../node_modules/solid-js/dist/dev.js:586:12
            </failure>
        </testcase>
        <testcase classname="test/components/IntegrationsSettings.test.tsx" name="IntegrationsSettings &gt; should eventually render the integrations page" time="0.0007777">
            <failure message="useIntegrations must be used within an IntegrationsProvider" type="Error">
Error: useIntegrations must be used within an IntegrationsProvider
 ❯ useIntegrations src/contexts/IntegrationsContext.tsx:342:11
 ❯ IntegrationsSettings2 src/components/IntegrationsSettings.tsx:16:24
 ❯ ../../../../@solid-refresh:31:68
 ❯ untrack ../node_modules/solid-js/dist/dev.js:475:12
 ❯ Object.HMRComp.name [as fn] ../../../../@solid-refresh:31:61
 ❯ runComputation ../node_modules/solid-js/dist/dev.js:742:22
 ❯ updateComputation ../node_modules/solid-js/dist/dev.js:724:3
 ❯ createMemo ../node_modules/solid-js/dist/dev.js:273:10
 ❯ [solid-refresh]IntegrationsSettings ../../../../@solid-refresh:28:56
 ❯ ../node_modules/solid-js/dist/dev.js:586:12
            </failure>
        </testcase>
        <testcase classname="test/components/IntegrationsSettings.test.tsx" name="IntegrationsSettings &gt; should display all available integrations after loading" time="0.0004764">
            <failure message="useIntegrations must be used within an IntegrationsProvider" type="Error">
Error: useIntegrations must be used within an IntegrationsProvider
 ❯ useIntegrations src/contexts/IntegrationsContext.tsx:342:11
 ❯ IntegrationsSettings2 src/components/IntegrationsSettings.tsx:16:24
 ❯ ../../../../@solid-refresh:31:68
 ❯ untrack ../node_modules/solid-js/dist/dev.js:475:12
 ❯ Object.HMRComp.name [as fn] ../../../../@solid-refresh:31:61
 ❯ runComputation ../node_modules/solid-js/dist/dev.js:742:22
 ❯ updateComputation ../node_modules/solid-js/dist/dev.js:724:3
 ❯ createMemo ../node_modules/solid-js/dist/dev.js:273:10
 ❯ [solid-refresh]IntegrationsSettings ../../../../@solid-refresh:28:56
 ❯ ../node_modules/solid-js/dist/dev.js:586:12
            </failure>
        </testcase>
        <testcase classname="test/components/IntegrationsSettings.test.tsx" name="IntegrationsSettings &gt; should display not connected status by default after loading" time="0.0003757">
            <failure message="useIntegrations must be used within an IntegrationsProvider" type="Error">
Error: useIntegrations must be used within an IntegrationsProvider
 ❯ useIntegrations src/contexts/IntegrationsContext.tsx:342:11
 ❯ IntegrationsSettings2 src/components/IntegrationsSettings.tsx:16:24
 ❯ ../../../../@solid-refresh:31:68
 ❯ untrack ../node_modules/solid-js/dist/dev.js:475:12
 ❯ Object.HMRComp.name [as fn] ../../../../@solid-refresh:31:61
 ❯ runComputation ../node_modules/solid-js/dist/dev.js:742:22
 ❯ updateComputation ../node_modules/solid-js/dist/dev.js:724:3
 ❯ createMemo ../node_modules/solid-js/dist/dev.js:273:10
 ❯ [solid-refresh]IntegrationsSettings ../../../../@solid-refresh:28:56
 ❯ ../node_modules/solid-js/dist/dev.js:586:12
            </failure>
        </testcase>
        <testcase classname="test/components/IntegrationsSettings.test.tsx" name="IntegrationsSettings &gt; should have help icons with documentation links after loading" time="0.000368">
            <failure message="useIntegrations must be used within an IntegrationsProvider" type="Error">
Error: useIntegrations must be used within an IntegrationsProvider
 ❯ useIntegrations src/contexts/IntegrationsContext.tsx:342:11
 ❯ IntegrationsSettings2 src/components/IntegrationsSettings.tsx:16:24
 ❯ ../../../../@solid-refresh:31:68
 ❯ untrack ../node_modules/solid-js/dist/dev.js:475:12
 ❯ Object.HMRComp.name [as fn] ../../../../@solid-refresh:31:61
 ❯ runComputation ../node_modules/solid-js/dist/dev.js:742:22
 ❯ updateComputation ../node_modules/solid-js/dist/dev.js:724:3
 ❯ createMemo ../node_modules/solid-js/dist/dev.js:273:10
 ❯ [solid-refresh]IntegrationsSettings ../../../../@solid-refresh:28:56
 ❯ ../node_modules/solid-js/dist/dev.js:586:12
            </failure>
        </testcase>
        <testcase classname="test/components/IntegrationsSettings.test.tsx" name="IntegrationsSettings &gt; should show connect buttons for disconnected integrations after loading" time="0.0003444">
            <failure message="useIntegrations must be used within an IntegrationsProvider" type="Error">
Error: useIntegrations must be used within an IntegrationsProvider
 ❯ useIntegrations src/contexts/IntegrationsContext.tsx:342:11
 ❯ IntegrationsSettings2 src/components/IntegrationsSettings.tsx:16:24
 ❯ ../../../../@solid-refresh:31:68
 ❯ untrack ../node_modules/solid-js/dist/dev.js:475:12
 ❯ Object.HMRComp.name [as fn] ../../../../@solid-refresh:31:61
 ❯ runComputation ../node_modules/solid-js/dist/dev.js:742:22
 ❯ updateComputation ../node_modules/solid-js/dist/dev.js:724:3
 ❯ createMemo ../node_modules/solid-js/dist/dev.js:273:10
 ❯ [solid-refresh]IntegrationsSettings ../../../../@solid-refresh:28:56
 ❯ ../node_modules/solid-js/dist/dev.js:586:12
            </failure>
        </testcase>
    </testsuite>
    <testsuite name="test/components/UpgradePrompt.test.tsx" timestamp="2025-10-12T03:32:33.850Z" hostname="1000D" tests="16" failures="16" errors="0" skipped="0" time="0.0330302">
        <testcase classname="test/components/UpgradePrompt.test.tsx" name="UpgradePrompt &gt; basic rendering &gt; should render locked badge" time="0.016771">
            <failure message="[vitest] No &quot;ExternalLink&quot; export is defined on the &quot;lucide-solid&quot; mock. Did you forget to return it from &quot;vi.mock&quot;?
If you need to partially mock a module, you can use &quot;importOriginal&quot; helper inside:
" type="Error">
Error: [vitest] No &quot;ExternalLink&quot; export is defined on the &quot;lucide-solid&quot; mock. Did you forget to return it from &quot;vi.mock&quot;?
If you need to partially mock a module, you can use &quot;importOriginal&quot; helper inside:

vi.mock(import(&quot;lucide-solid&quot;), async (importOriginal) =&gt; {
  const actual = await importOriginal()
  return {
    ...actual,
    // your mocked methods
  }
})

 ❯ src/components/workflow/ui/UpgradePrompt.tsx:105:12
 ❯ UpgradePrompt2 src/components/workflow/ui/UpgradePrompt.tsx:105:24
 ❯ ../../../../@solid-refresh:31:68
 ❯ untrack ../node_modules/solid-js/dist/dev.js:475:12
 ❯ Object.HMRComp.name [as fn] ../../../../@solid-refresh:31:61
 ❯ runComputation ../node_modules/solid-js/dist/dev.js:742:22
 ❯ updateComputation ../node_modules/solid-js/dist/dev.js:724:3
 ❯ createMemo ../node_modules/solid-js/dist/dev.js:273:10
            </failure>
        </testcase>
        <testcase classname="test/components/UpgradePrompt.test.tsx" name="UpgradePrompt &gt; basic rendering &gt; should display node name" time="0.0015104">
            <failure message="[vitest] No &quot;ExternalLink&quot; export is defined on the &quot;lucide-solid&quot; mock. Did you forget to return it from &quot;vi.mock&quot;?
If you need to partially mock a module, you can use &quot;importOriginal&quot; helper inside:
" type="Error">
Error: [vitest] No &quot;ExternalLink&quot; export is defined on the &quot;lucide-solid&quot; mock. Did you forget to return it from &quot;vi.mock&quot;?
If you need to partially mock a module, you can use &quot;importOriginal&quot; helper inside:

vi.mock(import(&quot;lucide-solid&quot;), async (importOriginal) =&gt; {
  const actual = await importOriginal()
  return {
    ...actual,
    // your mocked methods
  }
})

 ❯ src/components/workflow/ui/UpgradePrompt.tsx:105:12
 ❯ UpgradePrompt2 src/components/workflow/ui/UpgradePrompt.tsx:105:24
 ❯ ../../../../@solid-refresh:31:68
 ❯ untrack ../node_modules/solid-js/dist/dev.js:475:12
 ❯ Object.HMRComp.name [as fn] ../../../../@solid-refresh:31:61
 ❯ runComputation ../node_modules/solid-js/dist/dev.js:742:22
 ❯ updateComputation ../node_modules/solid-js/dist/dev.js:724:3
 ❯ createMemo ../node_modules/solid-js/dist/dev.js:273:10
            </failure>
        </testcase>
        <testcase classname="test/components/UpgradePrompt.test.tsx" name="UpgradePrompt &gt; basic rendering &gt; should display node description when provided" time="0.0010935">
            <failure message="[vitest] No &quot;ExternalLink&quot; export is defined on the &quot;lucide-solid&quot; mock. Did you forget to return it from &quot;vi.mock&quot;?
If you need to partially mock a module, you can use &quot;importOriginal&quot; helper inside:
" type="Error">
Error: [vitest] No &quot;ExternalLink&quot; export is defined on the &quot;lucide-solid&quot; mock. Did you forget to return it from &quot;vi.mock&quot;?
If you need to partially mock a module, you can use &quot;importOriginal&quot; helper inside:

vi.mock(import(&quot;lucide-solid&quot;), async (importOriginal) =&gt; {
  const actual = await importOriginal()
  return {
    ...actual,
    // your mocked methods
  }
})

 ❯ src/components/workflow/ui/UpgradePrompt.tsx:105:12
 ❯ UpgradePrompt2 src/components/workflow/ui/UpgradePrompt.tsx:105:24
 ❯ ../../../../@solid-refresh:31:68
 ❯ untrack ../node_modules/solid-js/dist/dev.js:475:12
 ❯ Object.HMRComp.name [as fn] ../../../../@solid-refresh:31:61
 ❯ runComputation ../node_modules/solid-js/dist/dev.js:742:22
 ❯ updateComputation ../node_modules/solid-js/dist/dev.js:724:3
 ❯ createMemo ../node_modules/solid-js/dist/dev.js:273:10
            </failure>
        </testcase>
        <testcase classname="test/components/UpgradePrompt.test.tsx" name="UpgradePrompt &gt; basic rendering &gt; should display upgrade message" time="0.0009364">
            <failure message="[vitest] No &quot;ExternalLink&quot; export is defined on the &quot;lucide-solid&quot; mock. Did you forget to return it from &quot;vi.mock&quot;?
If you need to partially mock a module, you can use &quot;importOriginal&quot; helper inside:
" type="Error">
Error: [vitest] No &quot;ExternalLink&quot; export is defined on the &quot;lucide-solid&quot; mock. Did you forget to return it from &quot;vi.mock&quot;?
If you need to partially mock a module, you can use &quot;importOriginal&quot; helper inside:

vi.mock(import(&quot;lucide-solid&quot;), async (importOriginal) =&gt; {
  const actual = await importOriginal()
  return {
    ...actual,
    // your mocked methods
  }
})

 ❯ src/components/workflow/ui/UpgradePrompt.tsx:105:12
 ❯ UpgradePrompt2 src/components/workflow/ui/UpgradePrompt.tsx:105:24
 ❯ ../../../../@solid-refresh:31:68
 ❯ untrack ../node_modules/solid-js/dist/dev.js:475:12
 ❯ Object.HMRComp.name [as fn] ../../../../@solid-refresh:31:61
 ❯ runComputation ../node_modules/solid-js/dist/dev.js:742:22
 ❯ updateComputation ../node_modules/solid-js/dist/dev.js:724:3
 ❯ createMemo ../node_modules/solid-js/dist/dev.js:273:10
            </failure>
        </testcase>
        <testcase classname="test/components/UpgradePrompt.test.tsx" name="UpgradePrompt &gt; infrastructure state &gt; should show deploying message when infraState is deploying" time="0.0009304">
            <failure message="[vitest] No &quot;ExternalLink&quot; export is defined on the &quot;lucide-solid&quot; mock. Did you forget to return it from &quot;vi.mock&quot;?
If you need to partially mock a module, you can use &quot;importOriginal&quot; helper inside:
" type="Error">
Error: [vitest] No &quot;ExternalLink&quot; export is defined on the &quot;lucide-solid&quot; mock. Did you forget to return it from &quot;vi.mock&quot;?
If you need to partially mock a module, you can use &quot;importOriginal&quot; helper inside:

vi.mock(import(&quot;lucide-solid&quot;), async (importOriginal) =&gt; {
  const actual = await importOriginal()
  return {
    ...actual,
    // your mocked methods
  }
})

 ❯ src/components/workflow/ui/UpgradePrompt.tsx:105:12
 ❯ UpgradePrompt2 src/components/workflow/ui/UpgradePrompt.tsx:105:24
 ❯ ../../../../@solid-refresh:31:68
 ❯ untrack ../node_modules/solid-js/dist/dev.js:475:12
 ❯ Object.HMRComp.name [as fn] ../../../../@solid-refresh:31:61
 ❯ runComputation ../node_modules/solid-js/dist/dev.js:742:22
 ❯ updateComputation ../node_modules/solid-js/dist/dev.js:724:3
 ❯ createMemo ../node_modules/solid-js/dist/dev.js:273:10
            </failure>
        </testcase>
        <testcase classname="test/components/UpgradePrompt.test.tsx" name="UpgradePrompt &gt; infrastructure state &gt; should show failed message when infraState is failed" time="0.0010223">
            <failure message="[vitest] No &quot;ExternalLink&quot; export is defined on the &quot;lucide-solid&quot; mock. Did you forget to return it from &quot;vi.mock&quot;?
If you need to partially mock a module, you can use &quot;importOriginal&quot; helper inside:
" type="Error">
Error: [vitest] No &quot;ExternalLink&quot; export is defined on the &quot;lucide-solid&quot; mock. Did you forget to return it from &quot;vi.mock&quot;?
If you need to partially mock a module, you can use &quot;importOriginal&quot; helper inside:

vi.mock(import(&quot;lucide-solid&quot;), async (importOriginal) =&gt; {
  const actual = await importOriginal()
  return {
    ...actual,
    // your mocked methods
  }
})

 ❯ src/components/workflow/ui/UpgradePrompt.tsx:105:12
 ❯ UpgradePrompt2 src/components/workflow/ui/UpgradePrompt.tsx:105:24
 ❯ ../../../../@solid-refresh:31:68
 ❯ untrack ../node_modules/solid-js/dist/dev.js:475:12
 ❯ Object.HMRComp.name [as fn] ../../../../@solid-refresh:31:61
 ❯ runComputation ../node_modules/solid-js/dist/dev.js:742:22
 ❯ updateComputation ../node_modules/solid-js/dist/dev.js:724:3
 ❯ createMemo ../node_modules/solid-js/dist/dev.js:273:10
            </failure>
        </testcase>
        <testcase classname="test/components/UpgradePrompt.test.tsx" name="UpgradePrompt &gt; infrastructure state &gt; should not show state messages when infraState is deployed" time="0.0009364">
            <failure message="[vitest] No &quot;ExternalLink&quot; export is defined on the &quot;lucide-solid&quot; mock. Did you forget to return it from &quot;vi.mock&quot;?
If you need to partially mock a module, you can use &quot;importOriginal&quot; helper inside:
" type="Error">
Error: [vitest] No &quot;ExternalLink&quot; export is defined on the &quot;lucide-solid&quot; mock. Did you forget to return it from &quot;vi.mock&quot;?
If you need to partially mock a module, you can use &quot;importOriginal&quot; helper inside:

vi.mock(import(&quot;lucide-solid&quot;), async (importOriginal) =&gt; {
  const actual = await importOriginal()
  return {
    ...actual,
    // your mocked methods
  }
})

 ❯ src/components/workflow/ui/UpgradePrompt.tsx:105:12
 ❯ UpgradePrompt2 src/components/workflow/ui/UpgradePrompt.tsx:105:24
 ❯ ../../../../@solid-refresh:31:68
 ❯ untrack ../node_modules/solid-js/dist/dev.js:475:12
 ❯ Object.HMRComp.name [as fn] ../../../../@solid-refresh:31:61
 ❯ runComputation ../node_modules/solid-js/dist/dev.js:742:22
 ❯ updateComputation ../node_modules/solid-js/dist/dev.js:724:3
 ❯ createMemo ../node_modules/solid-js/dist/dev.js:273:10
            </failure>
        </testcase>
        <testcase classname="test/components/UpgradePrompt.test.tsx" name="UpgradePrompt &gt; infrastructure state &gt; should hide upgrade button when deploying" time="0.0009219">
            <failure message="[vitest] No &quot;ExternalLink&quot; export is defined on the &quot;lucide-solid&quot; mock. Did you forget to return it from &quot;vi.mock&quot;?
If you need to partially mock a module, you can use &quot;importOriginal&quot; helper inside:
" type="Error">
Error: [vitest] No &quot;ExternalLink&quot; export is defined on the &quot;lucide-solid&quot; mock. Did you forget to return it from &quot;vi.mock&quot;?
If you need to partially mock a module, you can use &quot;importOriginal&quot; helper inside:

vi.mock(import(&quot;lucide-solid&quot;), async (importOriginal) =&gt; {
  const actual = await importOriginal()
  return {
    ...actual,
    // your mocked methods
  }
})

 ❯ src/components/workflow/ui/UpgradePrompt.tsx:105:12
 ❯ UpgradePrompt2 src/components/workflow/ui/UpgradePrompt.tsx:105:24
 ❯ ../../../../@solid-refresh:31:68
 ❯ untrack ../node_modules/solid-js/dist/dev.js:475:12
 ❯ Object.HMRComp.name [as fn] ../../../../@solid-refresh:31:61
 ❯ runComputation ../node_modules/solid-js/dist/dev.js:742:22
 ❯ updateComputation ../node_modules/solid-js/dist/dev.js:724:3
 ❯ createMemo ../node_modules/solid-js/dist/dev.js:273:10
            </failure>
        </testcase>
        <testcase classname="test/components/UpgradePrompt.test.tsx" name="UpgradePrompt &gt; infrastructure state &gt; should show upgrade button when deployed or failed" time="0.0010736">
            <failure message="[vitest] No &quot;ExternalLink&quot; export is defined on the &quot;lucide-solid&quot; mock. Did you forget to return it from &quot;vi.mock&quot;?
If you need to partially mock a module, you can use &quot;importOriginal&quot; helper inside:
" type="Error">
Error: [vitest] No &quot;ExternalLink&quot; export is defined on the &quot;lucide-solid&quot; mock. Did you forget to return it from &quot;vi.mock&quot;?
If you need to partially mock a module, you can use &quot;importOriginal&quot; helper inside:

vi.mock(import(&quot;lucide-solid&quot;), async (importOriginal) =&gt; {
  const actual = await importOriginal()
  return {
    ...actual,
    // your mocked methods
  }
})

 ❯ src/components/workflow/ui/UpgradePrompt.tsx:105:12
 ❯ UpgradePrompt2 src/components/workflow/ui/UpgradePrompt.tsx:105:24
 ❯ ../../../../@solid-refresh:31:68
 ❯ untrack ../node_modules/solid-js/dist/dev.js:475:12
 ❯ Object.HMRComp.name [as fn] ../../../../@solid-refresh:31:61
 ❯ runComputation ../node_modules/solid-js/dist/dev.js:742:22
 ❯ updateComputation ../node_modules/solid-js/dist/dev.js:724:3
 ❯ createMemo ../node_modules/solid-js/dist/dev.js:273:10
            </failure>
        </testcase>
        <testcase classname="test/components/UpgradePrompt.test.tsx" name="UpgradePrompt &gt; upgrade button interaction &gt; should navigate to billing page when upgrade button is clicked" time="0.0010372">
            <failure message="[vitest] No &quot;ExternalLink&quot; export is defined on the &quot;lucide-solid&quot; mock. Did you forget to return it from &quot;vi.mock&quot;?
If you need to partially mock a module, you can use &quot;importOriginal&quot; helper inside:
" type="Error">
Error: [vitest] No &quot;ExternalLink&quot; export is defined on the &quot;lucide-solid&quot; mock. Did you forget to return it from &quot;vi.mock&quot;?
If you need to partially mock a module, you can use &quot;importOriginal&quot; helper inside:

vi.mock(import(&quot;lucide-solid&quot;), async (importOriginal) =&gt; {
  const actual = await importOriginal()
  return {
    ...actual,
    // your mocked methods
  }
})

 ❯ src/components/workflow/ui/UpgradePrompt.tsx:105:12
 ❯ UpgradePrompt2 src/components/workflow/ui/UpgradePrompt.tsx:105:24
 ❯ ../../../../@solid-refresh:31:68
 ❯ untrack ../node_modules/solid-js/dist/dev.js:475:12
 ❯ Object.HMRComp.name [as fn] ../../../../@solid-refresh:31:61
 ❯ runComputation ../node_modules/solid-js/dist/dev.js:742:22
 ❯ updateComputation ../node_modules/solid-js/dist/dev.js:724:3
 ❯ createMemo ../node_modules/solid-js/dist/dev.js:273:10
            </failure>
        </testcase>
        <testcase classname="test/components/UpgradePrompt.test.tsx" name="UpgradePrompt &gt; learn more link &gt; should render learn more link" time="0.0010262">
            <failure message="[vitest] No &quot;ExternalLink&quot; export is defined on the &quot;lucide-solid&quot; mock. Did you forget to return it from &quot;vi.mock&quot;?
If you need to partially mock a module, you can use &quot;importOriginal&quot; helper inside:
" type="Error">
Error: [vitest] No &quot;ExternalLink&quot; export is defined on the &quot;lucide-solid&quot; mock. Did you forget to return it from &quot;vi.mock&quot;?
If you need to partially mock a module, you can use &quot;importOriginal&quot; helper inside:

vi.mock(import(&quot;lucide-solid&quot;), async (importOriginal) =&gt; {
  const actual = await importOriginal()
  return {
    ...actual,
    // your mocked methods
  }
})

 ❯ src/components/workflow/ui/UpgradePrompt.tsx:105:12
 ❯ UpgradePrompt2 src/components/workflow/ui/UpgradePrompt.tsx:105:24
 ❯ ../../../../@solid-refresh:31:68
 ❯ untrack ../node_modules/solid-js/dist/dev.js:475:12
 ❯ Object.HMRComp.name [as fn] ../../../../@solid-refresh:31:61
 ❯ runComputation ../node_modules/solid-js/dist/dev.js:742:22
 ❯ updateComputation ../node_modules/solid-js/dist/dev.js:724:3
 ❯ createMemo ../node_modules/solid-js/dist/dev.js:273:10
            </failure>
        </testcase>
        <testcase classname="test/components/UpgradePrompt.test.tsx" name="UpgradePrompt &gt; edge cases &gt; should handle missing organization gracefully" time="0.0008611">
            <failure message="[vitest] No &quot;ExternalLink&quot; export is defined on the &quot;lucide-solid&quot; mock. Did you forget to return it from &quot;vi.mock&quot;?
If you need to partially mock a module, you can use &quot;importOriginal&quot; helper inside:
" type="Error">
Error: [vitest] No &quot;ExternalLink&quot; export is defined on the &quot;lucide-solid&quot; mock. Did you forget to return it from &quot;vi.mock&quot;?
If you need to partially mock a module, you can use &quot;importOriginal&quot; helper inside:

vi.mock(import(&quot;lucide-solid&quot;), async (importOriginal) =&gt; {
  const actual = await importOriginal()
  return {
    ...actual,
    // your mocked methods
  }
})

 ❯ src/components/workflow/ui/UpgradePrompt.tsx:105:12
 ❯ UpgradePrompt2 src/components/workflow/ui/UpgradePrompt.tsx:105:24
 ❯ ../../../../@solid-refresh:31:68
 ❯ untrack ../node_modules/solid-js/dist/dev.js:475:12
 ❯ Object.HMRComp.name [as fn] ../../../../@solid-refresh:31:61
 ❯ runComputation ../node_modules/solid-js/dist/dev.js:742:22
 ❯ updateComputation ../node_modules/solid-js/dist/dev.js:724:3
 ❯ createMemo ../node_modules/solid-js/dist/dev.js:273:10
            </failure>
        </testcase>
        <testcase classname="test/components/UpgradePrompt.test.tsx" name="UpgradePrompt &gt; edge cases &gt; should handle undefined infraState" time="0.0009299">
            <failure message="[vitest] No &quot;ExternalLink&quot; export is defined on the &quot;lucide-solid&quot; mock. Did you forget to return it from &quot;vi.mock&quot;?
If you need to partially mock a module, you can use &quot;importOriginal&quot; helper inside:
" type="Error">
Error: [vitest] No &quot;ExternalLink&quot; export is defined on the &quot;lucide-solid&quot; mock. Did you forget to return it from &quot;vi.mock&quot;?
If you need to partially mock a module, you can use &quot;importOriginal&quot; helper inside:

vi.mock(import(&quot;lucide-solid&quot;), async (importOriginal) =&gt; {
  const actual = await importOriginal()
  return {
    ...actual,
    // your mocked methods
  }
})

 ❯ src/components/workflow/ui/UpgradePrompt.tsx:105:12
 ❯ UpgradePrompt2 src/components/workflow/ui/UpgradePrompt.tsx:105:24
 ❯ ../../../../@solid-refresh:31:68
 ❯ untrack ../node_modules/solid-js/dist/dev.js:475:12
 ❯ Object.HMRComp.name [as fn] ../../../../@solid-refresh:31:61
 ❯ runComputation ../node_modules/solid-js/dist/dev.js:742:22
 ❯ updateComputation ../node_modules/solid-js/dist/dev.js:724:3
 ❯ createMemo ../node_modules/solid-js/dist/dev.js:273:10
            </failure>
        </testcase>
        <testcase classname="test/components/UpgradePrompt.test.tsx" name="UpgradePrompt &gt; edge cases &gt; should not display description when not provided" time="0.0009088">
            <failure message="[vitest] No &quot;ExternalLink&quot; export is defined on the &quot;lucide-solid&quot; mock. Did you forget to return it from &quot;vi.mock&quot;?
If you need to partially mock a module, you can use &quot;importOriginal&quot; helper inside:
" type="Error">
Error: [vitest] No &quot;ExternalLink&quot; export is defined on the &quot;lucide-solid&quot; mock. Did you forget to return it from &quot;vi.mock&quot;?
If you need to partially mock a module, you can use &quot;importOriginal&quot; helper inside:

vi.mock(import(&quot;lucide-solid&quot;), async (importOriginal) =&gt; {
  const actual = await importOriginal()
  return {
    ...actual,
    // your mocked methods
  }
})

 ❯ src/components/workflow/ui/UpgradePrompt.tsx:105:12
 ❯ UpgradePrompt2 src/components/workflow/ui/UpgradePrompt.tsx:105:24
 ❯ ../../../../@solid-refresh:31:68
 ❯ untrack ../node_modules/solid-js/dist/dev.js:475:12
 ❯ Object.HMRComp.name [as fn] ../../../../@solid-refresh:31:61
 ❯ runComputation ../node_modules/solid-js/dist/dev.js:742:22
 ❯ updateComputation ../node_modules/solid-js/dist/dev.js:724:3
 ❯ createMemo ../node_modules/solid-js/dist/dev.js:273:10
            </failure>
        </testcase>
        <testcase classname="test/components/UpgradePrompt.test.tsx" name="UpgradePrompt &gt; accessibility &gt; should have proper button roles" time="0.0009995">
            <failure message="[vitest] No &quot;ExternalLink&quot; export is defined on the &quot;lucide-solid&quot; mock. Did you forget to return it from &quot;vi.mock&quot;?
If you need to partially mock a module, you can use &quot;importOriginal&quot; helper inside:
" type="Error">
Error: [vitest] No &quot;ExternalLink&quot; export is defined on the &quot;lucide-solid&quot; mock. Did you forget to return it from &quot;vi.mock&quot;?
If you need to partially mock a module, you can use &quot;importOriginal&quot; helper inside:

vi.mock(import(&quot;lucide-solid&quot;), async (importOriginal) =&gt; {
  const actual = await importOriginal()
  return {
    ...actual,
    // your mocked methods
  }
})

 ❯ src/components/workflow/ui/UpgradePrompt.tsx:105:12
 ❯ UpgradePrompt2 src/components/workflow/ui/UpgradePrompt.tsx:105:24
 ❯ ../../../../@solid-refresh:31:68
 ❯ untrack ../node_modules/solid-js/dist/dev.js:475:12
 ❯ Object.HMRComp.name [as fn] ../../../../@solid-refresh:31:61
 ❯ runComputation ../node_modules/solid-js/dist/dev.js:742:22
 ❯ updateComputation ../node_modules/solid-js/dist/dev.js:724:3
 ❯ createMemo ../node_modules/solid-js/dist/dev.js:273:10
            </failure>
        </testcase>
        <testcase classname="test/components/UpgradePrompt.test.tsx" name="UpgradePrompt &gt; accessibility &gt; should have external link indicator" time="0.0009609">
            <failure message="[vitest] No &quot;ExternalLink&quot; export is defined on the &quot;lucide-solid&quot; mock. Did you forget to return it from &quot;vi.mock&quot;?
If you need to partially mock a module, you can use &quot;importOriginal&quot; helper inside:
" type="Error">
Error: [vitest] No &quot;ExternalLink&quot; export is defined on the &quot;lucide-solid&quot; mock. Did you forget to return it from &quot;vi.mock&quot;?
If you need to partially mock a module, you can use &quot;importOriginal&quot; helper inside:

vi.mock(import(&quot;lucide-solid&quot;), async (importOriginal) =&gt; {
  const actual = await importOriginal()
  return {
    ...actual,
    // your mocked methods
  }
})

 ❯ src/components/workflow/ui/UpgradePrompt.tsx:105:12
 ❯ UpgradePrompt2 src/components/workflow/ui/UpgradePrompt.tsx:105:24
 ❯ ../../../../@solid-refresh:31:68
 ❯ untrack ../node_modules/solid-js/dist/dev.js:475:12
 ❯ Object.HMRComp.name [as fn] ../../../../@solid-refresh:31:61
 ❯ runComputation ../node_modules/solid-js/dist/dev.js:742:22
 ❯ updateComputation ../node_modules/solid-js/dist/dev.js:724:3
 ❯ createMemo ../node_modules/solid-js/dist/dev.js:273:10
            </failure>
        </testcase>
    </testsuite>
    <testsuite name="test/components/WorkflowBuilder.test.tsx" timestamp="2025-10-12T03:32:33.858Z" hostname="1000D" tests="1" failures="1" errors="0" skipped="0" time="0">
        <testcase classname="test/components/WorkflowBuilder.test.tsx" name="test/components/WorkflowBuilder.test.tsx" time="0">
            <failure message="Failed to resolve import &quot;../../src/components/WorkflowBuilder&quot; from &quot;test/components/WorkflowBuilder.test.tsx&quot;. Does the file exist?" type="Error">
Error: Failed to resolve import &quot;../../src/components/WorkflowBuilder&quot; from &quot;test/components/WorkflowBuilder.test.tsx&quot;. Does the file exist?
  Plugin: vite:import-analysis
  File: C:/Users/Todd/aws-ai-agent-bus/dashboard-ui/test/components/WorkflowBuilder.test.tsx:4:0
  26 |  const __vi_import_1__ = await import(&quot;@solidjs/testing-library&quot;);
  27 |  const __vi_import_2__ = await import(&quot;solid-js&quot;);
  28 |  const __vi_import_3__ = await import(&quot;../../src/components/WorkflowBuilder&quot;);
     |                                       ^
  29 |  
  30 |  import { describe, it, expect, vi, beforeEach } from &quot;vitest&quot;;
 ❯ TransformPluginContext._formatLog ../node_modules/vite/dist/node/chunks/dep-M_KD0XSK.js:31527:43
 ❯ TransformPluginContext.error ../node_modules/vite/dist/node/chunks/dep-M_KD0XSK.js:31524:14
 ❯ normalizeUrl ../node_modules/vite/dist/node/chunks/dep-M_KD0XSK.js:29996:18
 ❯ ../node_modules/vite/dist/node/chunks/dep-M_KD0XSK.js:30054:32
 ❯ TransformPluginContext.transform ../node_modules/vite/dist/node/chunks/dep-M_KD0XSK.js:30022:4
 ❯ EnvironmentPluginContainer.transform ../node_modules/vite/dist/node/chunks/dep-M_KD0XSK.js:31325:14
 ❯ loadAndTransform ../node_modules/vite/dist/node/chunks/dep-M_KD0XSK.js:26407:26
            </failure>
        </testcase>
    </testsuite>
    <testsuite name="test/components/WorkflowCanvas.dragdrop.test.tsx" timestamp="2025-10-12T03:32:33.859Z" hostname="1000D" tests="1" failures="1" errors="0" skipped="0" time="0">
        <testcase classname="test/components/WorkflowCanvas.dragdrop.test.tsx" name="test/components/WorkflowCanvas.dragdrop.test.tsx" time="0">
            <failure message="Failed to resolve import &quot;../../src/components/WorkflowCanvas&quot; from &quot;test/components/WorkflowCanvas.dragdrop.test.tsx&quot;. Does the file exist?" type="Error">
Error: Failed to resolve import &quot;../../src/components/WorkflowCanvas&quot; from &quot;test/components/WorkflowCanvas.dragdrop.test.tsx&quot;. Does the file exist?
  Plugin: vite:import-analysis
  File: C:/Users/Todd/aws-ai-agent-bus/dashboard-ui/test/components/WorkflowCanvas.dragdrop.test.tsx:4:65
  6  |  import { describe, it, expect, vi, beforeEach } from &quot;vitest&quot;;
  7  |  import { createSignal } from &quot;solid-js&quot;;
  8  |  import WorkflowCanvas from &quot;../../src/components/WorkflowCanvas&quot;;
     |                              ^
  9  |  import FloatingNodePanel from &quot;../../src/components/FloatingNodePanel&quot;;
  10 |  global.fetch = vi.fn((url) =&gt; {
 ❯ TransformPluginContext._formatLog ../node_modules/vite/dist/node/chunks/dep-M_KD0XSK.js:31527:43
 ❯ TransformPluginContext.error ../node_modules/vite/dist/node/chunks/dep-M_KD0XSK.js:31524:14
 ❯ normalizeUrl ../node_modules/vite/dist/node/chunks/dep-M_KD0XSK.js:29996:18
 ❯ ../node_modules/vite/dist/node/chunks/dep-M_KD0XSK.js:30054:32
 ❯ TransformPluginContext.transform ../node_modules/vite/dist/node/chunks/dep-M_KD0XSK.js:30022:4
 ❯ EnvironmentPluginContainer.transform ../node_modules/vite/dist/node/chunks/dep-M_KD0XSK.js:31325:14
 ❯ loadAndTransform ../node_modules/vite/dist/node/chunks/dep-M_KD0XSK.js:26407:26
            </failure>
        </testcase>
    </testsuite>
    <testsuite name="test/components/WorkflowNodeDetails.featureflags.test.tsx" timestamp="2025-10-12T03:32:33.859Z" hostname="1000D" tests="1" failures="1" errors="0" skipped="0" time="0">
        <testcase classname="test/components/WorkflowNodeDetails.featureflags.test.tsx" name="test/components/WorkflowNodeDetails.featureflags.test.tsx" time="0">
            <failure message="Failed to resolve import &quot;@ai-agent-bus/workflow-nodes&quot; from &quot;src/components/workflow/ui/WorkflowNodeDetails.tsx&quot;. Does the file exist?" type="Error">
Error: Failed to resolve import &quot;@ai-agent-bus/workflow-nodes&quot; from &quot;src/components/workflow/ui/WorkflowNodeDetails.tsx&quot;. Does the file exist?
  Plugin: vite:import-analysis
  File: C:/Users/Todd/aws-ai-agent-bus/dashboard-ui/src/components/workflow/ui/WorkflowNodeDetails.tsx:33:7
  1013 |    getNodeDefinition,
  1014 |    TenantNodeConfigService
  1015 |  } from &quot;@ai-agent-bus/workflow-nodes&quot;;
       |          ^
  1016 |  import { ChartNodeConfig, ChartRenderer, DEFAULT_CHART_CONFIG, TableNodeConfig, DEFAULT_TABLE_CONFIG, MetricsNodeConf...
  1017 |  import { mcpRegistry } from &quot;../../../services/MCPCapabilityRegistry&quot;;
 ❯ TransformPluginContext._formatLog ../node_modules/vite/dist/node/chunks/dep-M_KD0XSK.js:31527:43
 ❯ TransformPluginContext.error ../node_modules/vite/dist/node/chunks/dep-M_KD0XSK.js:31524:14
 ❯ normalizeUrl ../node_modules/vite/dist/node/chunks/dep-M_KD0XSK.js:29996:18
 ❯ ../node_modules/vite/dist/node/chunks/dep-M_KD0XSK.js:30054:32
 ❯ TransformPluginContext.transform ../node_modules/vite/dist/node/chunks/dep-M_KD0XSK.js:30022:4
 ❯ EnvironmentPluginContainer.transform ../node_modules/vite/dist/node/chunks/dep-M_KD0XSK.js:31325:14
 ❯ loadAndTransform ../node_modules/vite/dist/node/chunks/dep-M_KD0XSK.js:26407:26
            </failure>
        </testcase>
    </testsuite>
    <testsuite name="test/contexts/AuthContext.test.tsx" timestamp="2025-10-12T03:32:33.860Z" hostname="1000D" tests="15" failures="8" errors="0" skipped="0" time="1.0661833">
        <testcase classname="test/contexts/AuthContext.test.tsx" name="AuthContext &gt; initialization &gt; should initialize with no user in production mode" time="0.0296916">
            <failure message="[2mexpect([22m[31melement[39m[2m).toHaveTextContent()[22m

Expected element to have text content:
[32m  not-authenticated[39m
Received:
[31m  authenticated[39m" type="Error">
Error: expect(element).toHaveTextContent()

Expected element to have text content:
  not-authenticated
Received:
  authenticated
 ❯ test/contexts/AuthContext.test.tsx:84:51
            </failure>
        </testcase>
        <testcase classname="test/contexts/AuthContext.test.tsx" name="AuthContext &gt; initialization &gt; should auto-login with dev user in dev mode" time="0.001847">
        </testcase>
        <testcase classname="test/contexts/AuthContext.test.tsx" name="AuthContext &gt; initialization &gt; should validate existing token on initialization" time="0.0027038">
            <failure message="expected &quot;spy&quot; to be called with arguments: [ …(2) ][90m

Number of calls: [1m0[22m
[39m" type="AssertionError">
AssertionError: expected &quot;spy&quot; to be called with arguments: [ …(2) ]

Number of calls: 0

 ❯ test/contexts/AuthContext.test.tsx:143:25
            </failure>
        </testcase>
        <testcase classname="test/contexts/AuthContext.test.tsx" name="AuthContext &gt; initialization &gt; should clear invalid token on initialization" time="1.0093019">
            <failure message="[2mexpect([22m[31melement[39m[2m).toHaveTextContent()[22m

Expected element to have text content:
[32m  not-authenticated[39m
Received:
[31m  authenticated[39m

Ignored nodes: comments, script, style
[36m&lt;html&gt;[39m
  [36m&lt;head /&gt;[39m
  [36m&lt;body&gt;[39m
    [36m&lt;div&gt;[39m
      [36m&lt;div&gt;[39m
        [36m&lt;div[39m
          [33mdata-testid[39m=[32m&quot;loading&quot;[39m
        [36m&gt;[39m
          [0mnot-loading[0m
        [36m&lt;/div&gt;[39m
        [36m&lt;div[39m
          [33mdata-testid[39m=[32m&quot;authenticated&quot;[39m
        [36m&gt;[39m
          [0mauthenticated[0m
        [36m&lt;/div&gt;[39m
        [36m&lt;div[39m
          [33mdata-testid[39m=[32m&quot;user-id&quot;[39m
        [36m&gt;[39m
          [0muser-123[0m
        [36m&lt;/div&gt;[39m
        [36m&lt;div[39m
          [33mdata-testid[39m=[32m&quot;user-email&quot;[39m
        [36m&gt;[39m
          [0mno-email[0m
        [36m&lt;/div&gt;[39m
        [36m&lt;div[39m
          [33mdata-testid[39m=[32m&quot;user-org&quot;[39m
        [36m&gt;[39m
          [0mno-org[0m
        [36m&lt;/div&gt;[39m
        [36m&lt;button[39m
          [33mdata-testid[39m=[32m&quot;login-btn&quot;[39m
        [36m&gt;[39m
          [0mLogin[0m
        [36m&lt;/button&gt;[39m
        [36m&lt;button[39m
          [33mdata-testid[39m=[32m&quot;register-btn&quot;[39m
        [36m&gt;[39m
          [0mRegister[0m
        [36m&lt;/button&gt;[39m
        [36m&lt;button[39m
          [33mdata-testid[39m=[32m&quot;logout-btn&quot;[39m
        [36m&gt;[39m
          [0mLogout[0m
        [36m&lt;/button&gt;[39m
        [36m&lt;button[39m
          [33mdata-testid[39m=[32m&quot;switch-org-btn&quot;[39m
        [36m&gt;[39m
          [0mSwitch Org[0m
        [36m&lt;/button&gt;[39m
      [36m&lt;/div&gt;[39m
    [36m&lt;/div&gt;[39m
  [36m&lt;/body&gt;[39m
[36m&lt;/html&gt;[39m" type="Error">
Error: expect(element).toHaveTextContent()

Expected element to have text content:
  not-authenticated
Received:
  authenticated

Ignored nodes: comments, script, style
&lt;html&gt;
  &lt;head /&gt;
  &lt;body&gt;
    &lt;div&gt;
      &lt;div&gt;
        &lt;div
          data-testid=&quot;loading&quot;
        &gt;
          not-loading
        &lt;/div&gt;
        &lt;div
          data-testid=&quot;authenticated&quot;
        &gt;
          authenticated
        &lt;/div&gt;
        &lt;div
          data-testid=&quot;user-id&quot;
        &gt;
          user-123
        &lt;/div&gt;
        &lt;div
          data-testid=&quot;user-email&quot;
        &gt;
          no-email
        &lt;/div&gt;
        &lt;div
          data-testid=&quot;user-org&quot;
        &gt;
          no-org
        &lt;/div&gt;
        &lt;button
          data-testid=&quot;login-btn&quot;
        &gt;
          Login
        &lt;/button&gt;
        &lt;button
          data-testid=&quot;register-btn&quot;
        &gt;
          Register
        &lt;/button&gt;
        &lt;button
          data-testid=&quot;logout-btn&quot;
        &gt;
          Logout
        &lt;/button&gt;
        &lt;button
          data-testid=&quot;switch-org-btn&quot;
        &gt;
          Switch Org
        &lt;/button&gt;
      &lt;/div&gt;
    &lt;/div&gt;
  &lt;/body&gt;
&lt;/html&gt;
 ❯ test/contexts/AuthContext.test.tsx:172:53
 ❯ runWithExpensiveErrorDiagnosticsDisabled ../node_modules/@testing-library/dom/dist/config.js:47:12
 ❯ checkCallback ../node_modules/@testing-library/dom/dist/wait-for.js:124:77
 ❯ Timeout.checkRealTimersCallback ../node_modules/@testing-library/dom/dist/wait-for.js:118:16
            </failure>
        </testcase>
        <testcase classname="test/contexts/AuthContext.test.tsx" name="AuthContext &gt; login &gt; should login successfully in production mode" time="0.0035999">
            <system-out>
🔧 Dev mode login - using hardcoded user

            </system-out>
            <failure message="expected &quot;spy&quot; to be called with arguments: [ …(2) ][90m

Number of calls: [1m0[22m
[39m" type="AssertionError">
AssertionError: expected &quot;spy&quot; to be called with arguments: [ …(2) ]

Number of calls: 0

 ❯ test/contexts/AuthContext.test.tsx:216:25
            </failure>
        </testcase>
        <testcase classname="test/contexts/AuthContext.test.tsx" name="AuthContext &gt; login &gt; should handle login failure" time="0.0023445">
            <system-out>
🔧 Dev mode login - using hardcoded user

            </system-out>
        </testcase>
        <testcase classname="test/contexts/AuthContext.test.tsx" name="AuthContext &gt; login &gt; should use dev mode login when enabled" time="0.0012597">
        </testcase>
        <testcase classname="test/contexts/AuthContext.test.tsx" name="AuthContext &gt; register &gt; should register successfully in production mode" time="0.0019526">
            <system-out>
🔧 Dev mode registration - using mock user

            </system-out>
            <failure message="expected &quot;spy&quot; to be called with arguments: [ …(2) ][90m

Number of calls: [1m0[22m
[39m" type="AssertionError">
AssertionError: expected &quot;spy&quot; to be called with arguments: [ …(2) ]

Number of calls: 0

 ❯ test/contexts/AuthContext.test.tsx:324:25
            </failure>
        </testcase>
        <testcase classname="test/contexts/AuthContext.test.tsx" name="AuthContext &gt; register &gt; should create mock user in dev mode" time="0.0017155">
            <system-out>
🔧 Dev mode registration - using mock user

            </system-out>
        </testcase>
        <testcase classname="test/contexts/AuthContext.test.tsx" name="AuthContext &gt; logout &gt; should logout successfully in production mode" time="0.0018404">
            <system-out>
🔧 Dev mode logout

            </system-out>
            <failure message="expected &quot;spy&quot; to be called with arguments: [ …(2) ][90m

Number of calls: [1m0[22m
[39m" type="AssertionError">
AssertionError: expected &quot;spy&quot; to be called with arguments: [ …(2) ]

Number of calls: 0

 ❯ test/contexts/AuthContext.test.tsx:419:25
            </failure>
        </testcase>
        <testcase classname="test/contexts/AuthContext.test.tsx" name="AuthContext &gt; logout &gt; should clear storage even if logout API fails" time="0.0033552">
            <system-out>
🔧 Dev mode logout

            </system-out>
            <system-err>
Auth initialization error: SyntaxError: Unexpected token &apos;v&apos;, &quot;valid-token&quot; is not valid JSON
    at JSON.parse (&lt;anonymous&gt;)
    at [90mC:\Users\Todd\aws-ai-agent-bus\dashboard-ui\[39msrc\contexts\AuthContext.tsx:306:24
    at untrack (file:///C:/Users/Todd/aws-ai-agent-bus/node_modules/[4msolid-js[24m/dist/dev.js:475:12)
    at Object.fn (file:///C:/Users/Todd/aws-ai-agent-bus/node_modules/[4msolid-js[24m/dist/dev.js:500:22)
    at runComputation (file:///C:/Users/Todd/aws-ai-agent-bus/node_modules/[4msolid-js[24m/dist/dev.js:742:22)
    at updateComputation (file:///C:/Users/Todd/aws-ai-agent-bus/node_modules/[4msolid-js[24m/dist/dev.js:724:3)
    at runTop (file:///C:/Users/Todd/aws-ai-agent-bus/node_modules/[4msolid-js[24m/dist/dev.js:833:7)
    at runUserEffects (file:///C:/Users/Todd/aws-ai-agent-bus/node_modules/[4msolid-js[24m/dist/dev.js:943:36)
    at file:///C:/Users/Todd/aws-ai-agent-bus/node_modules/[4msolid-js[24m/dist/dev.js:900:34
    at runUpdates (file:///C:/Users/Todd/aws-ai-agent-bus/node_modules/[4msolid-js[24m/dist/dev.js:849:17)

            </system-err>
        </testcase>
        <testcase classname="test/contexts/AuthContext.test.tsx" name="AuthContext &gt; switchOrganization &gt; should switch organization successfully in production mode" time="0.0015771">
            <failure message="expected &quot;spy&quot; to be called with arguments: [ …(2) ][90m

Number of calls: [1m0[22m
[39m" type="AssertionError">
AssertionError: expected &quot;spy&quot; to be called with arguments: [ …(2) ]

Number of calls: 0

 ❯ test/contexts/AuthContext.test.tsx:515:25
            </failure>
        </testcase>
        <testcase classname="test/contexts/AuthContext.test.tsx" name="AuthContext &gt; switchOrganization &gt; should update organization locally in dev mode" time="0.0013104">
        </testcase>
        <testcase classname="test/contexts/AuthContext.test.tsx" name="AuthContext &gt; error handling &gt; should handle network errors gracefully" time="0.0010323">
            <failure message="[2mexpect([22m[31melement[39m[2m).toHaveTextContent()[22m

Expected element to have text content:
[32m  not-authenticated[39m
Received:
[31m  authenticated[39m" type="Error">
Error: expect(element).toHaveTextContent()

Expected element to have text content:
  not-authenticated
Received:
  authenticated
 ❯ test/contexts/AuthContext.test.tsx:578:51
            </failure>
        </testcase>
        <testcase classname="test/contexts/AuthContext.test.tsx" name="AuthContext &gt; error handling &gt; should handle invalid JSON responses" time="0.001228">
            <system-err>
Auth initialization error: SyntaxError: Unexpected token &apos;i&apos;, &quot;invalid-json&quot; is not valid JSON
    at JSON.parse (&lt;anonymous&gt;)
    at [90mC:\Users\Todd\aws-ai-agent-bus\dashboard-ui\[39msrc\contexts\AuthContext.tsx:306:24
    at untrack (file:///C:/Users/Todd/aws-ai-agent-bus/node_modules/[4msolid-js[24m/dist/dev.js:475:12)
    at Object.fn (file:///C:/Users/Todd/aws-ai-agent-bus/node_modules/[4msolid-js[24m/dist/dev.js:500:22)
    at runComputation (file:///C:/Users/Todd/aws-ai-agent-bus/node_modules/[4msolid-js[24m/dist/dev.js:742:22)
    at updateComputation (file:///C:/Users/Todd/aws-ai-agent-bus/node_modules/[4msolid-js[24m/dist/dev.js:724:3)
    at runTop (file:///C:/Users/Todd/aws-ai-agent-bus/node_modules/[4msolid-js[24m/dist/dev.js:833:7)
    at runUserEffects (file:///C:/Users/Todd/aws-ai-agent-bus/node_modules/[4msolid-js[24m/dist/dev.js:943:36)
    at file:///C:/Users/Todd/aws-ai-agent-bus/node_modules/[4msolid-js[24m/dist/dev.js:900:34
    at runUpdates (file:///C:/Users/Todd/aws-ai-agent-bus/node_modules/[4msolid-js[24m/dist/dev.js:849:17)

            </system-err>
        </testcase>
    </testsuite>
    <testsuite name="test/contexts/NotificationContext.test.tsx" timestamp="2025-10-12T03:32:33.865Z" hostname="1000D" tests="9" failures="9" errors="0" skipped="0" time="0.0313362">
        <testcase classname="test/contexts/NotificationContext.test.tsx" name="NotificationContext &gt; renders notification provider without errors" time="0.0176104">
            <failure message="notifications is not a function" type="TypeError">
TypeError: notifications is not a function
 ❯ test/contexts/NotificationContext.test.tsx:29:46
 ❯ Object.fn ../node_modules/solid-js/web/dist/dev.js:334:58
 ❯ runComputation ../node_modules/solid-js/dist/dev.js:742:22
 ❯ updateComputation ../node_modules/solid-js/dist/dev.js:724:3
 ❯ createRenderEffect ../node_modules/solid-js/dist/dev.js:240:75
 ❯ _$insert ../node_modules/solid-js/web/dist/dev.js:334:3
 ❯ test/contexts/NotificationContext.test.tsx:26:100
 ❯ TestComponent2 test/contexts/NotificationContext.test.tsx:29:68
 ❯ ../../../../@solid-refresh:31:68
 ❯ untrack ../node_modules/solid-js/dist/dev.js:475:12
            </failure>
        </testcase>
        <testcase classname="test/contexts/NotificationContext.test.tsx" name="NotificationContext &gt; creates notifications with correct default properties" time="0.0018208">
            <failure message="notifications is not a function" type="TypeError">
TypeError: notifications is not a function
 ❯ test/contexts/NotificationContext.test.tsx:29:46
 ❯ Object.fn ../node_modules/solid-js/web/dist/dev.js:334:58
 ❯ runComputation ../node_modules/solid-js/dist/dev.js:742:22
 ❯ updateComputation ../node_modules/solid-js/dist/dev.js:724:3
 ❯ createRenderEffect ../node_modules/solid-js/dist/dev.js:240:75
 ❯ _$insert ../node_modules/solid-js/web/dist/dev.js:334:3
 ❯ test/contexts/NotificationContext.test.tsx:26:100
 ❯ TestComponent2 test/contexts/NotificationContext.test.tsx:29:68
 ❯ ../../../../@solid-refresh:31:68
 ❯ untrack ../node_modules/solid-js/dist/dev.js:475:12
            </failure>
        </testcase>
        <testcase classname="test/contexts/NotificationContext.test.tsx" name="NotificationContext &gt; creates notifications with different types" time="0.0014021">
            <failure message="notifications is not a function" type="TypeError">
TypeError: notifications is not a function
 ❯ test/contexts/NotificationContext.test.tsx:29:46
 ❯ Object.fn ../node_modules/solid-js/web/dist/dev.js:334:58
 ❯ runComputation ../node_modules/solid-js/dist/dev.js:742:22
 ❯ updateComputation ../node_modules/solid-js/dist/dev.js:724:3
 ❯ createRenderEffect ../node_modules/solid-js/dist/dev.js:240:75
 ❯ _$insert ../node_modules/solid-js/web/dist/dev.js:334:3
 ❯ test/contexts/NotificationContext.test.tsx:26:100
 ❯ TestComponent2 test/contexts/NotificationContext.test.tsx:29:68
 ❯ ../../../../@solid-refresh:31:68
 ❯ untrack ../node_modules/solid-js/dist/dev.js:475:12
            </failure>
        </testcase>
        <testcase classname="test/contexts/NotificationContext.test.tsx" name="NotificationContext &gt; creates notifications with correct positioning classes" time="0.0012574">
            <failure message="notifications is not a function" type="TypeError">
TypeError: notifications is not a function
 ❯ test/contexts/NotificationContext.test.tsx:29:46
 ❯ Object.fn ../node_modules/solid-js/web/dist/dev.js:334:58
 ❯ runComputation ../node_modules/solid-js/dist/dev.js:742:22
 ❯ updateComputation ../node_modules/solid-js/dist/dev.js:724:3
 ❯ createRenderEffect ../node_modules/solid-js/dist/dev.js:240:75
 ❯ _$insert ../node_modules/solid-js/web/dist/dev.js:334:3
 ❯ test/contexts/NotificationContext.test.tsx:26:100
 ❯ TestComponent2 test/contexts/NotificationContext.test.tsx:29:68
 ❯ ../../../../@solid-refresh:31:68
 ❯ untrack ../node_modules/solid-js/dist/dev.js:475:12
            </failure>
        </testcase>
        <testcase classname="test/contexts/NotificationContext.test.tsx" name="NotificationContext &gt; removes notifications when clicked" time="0.0013595">
            <failure message="notifications is not a function" type="TypeError">
TypeError: notifications is not a function
 ❯ test/contexts/NotificationContext.test.tsx:29:46
 ❯ Object.fn ../node_modules/solid-js/web/dist/dev.js:334:58
 ❯ runComputation ../node_modules/solid-js/dist/dev.js:742:22
 ❯ updateComputation ../node_modules/solid-js/dist/dev.js:724:3
 ❯ createRenderEffect ../node_modules/solid-js/dist/dev.js:240:75
 ❯ _$insert ../node_modules/solid-js/web/dist/dev.js:334:3
 ❯ test/contexts/NotificationContext.test.tsx:26:100
 ❯ TestComponent2 test/contexts/NotificationContext.test.tsx:29:68
 ❯ ../../../../@solid-refresh:31:68
 ❯ untrack ../node_modules/solid-js/dist/dev.js:475:12
            </failure>
        </testcase>
        <testcase classname="test/contexts/NotificationContext.test.tsx" name="NotificationContext &gt; auto-removes notifications after duration" time="0.001305">
            <failure message="notifications is not a function" type="TypeError">
TypeError: notifications is not a function
 ❯ test/contexts/NotificationContext.test.tsx:29:46
 ❯ Object.fn ../node_modules/solid-js/web/dist/dev.js:334:58
 ❯ runComputation ../node_modules/solid-js/dist/dev.js:742:22
 ❯ updateComputation ../node_modules/solid-js/dist/dev.js:724:3
 ❯ createRenderEffect ../node_modules/solid-js/dist/dev.js:240:75
 ❯ _$insert ../node_modules/solid-js/web/dist/dev.js:334:3
 ❯ test/contexts/NotificationContext.test.tsx:26:100
 ❯ TestComponent2 test/contexts/NotificationContext.test.tsx:29:68
 ❯ ../../../../@solid-refresh:31:68
 ❯ untrack ../node_modules/solid-js/dist/dev.js:475:12
            </failure>
        </testcase>
        <testcase classname="test/contexts/NotificationContext.test.tsx" name="NotificationContext &gt; groups notifications by position" time="0.0011908">
            <failure message="notifications is not a function" type="TypeError">
TypeError: notifications is not a function
 ❯ test/contexts/NotificationContext.test.tsx:29:46
 ❯ Object.fn ../node_modules/solid-js/web/dist/dev.js:334:58
 ❯ runComputation ../node_modules/solid-js/dist/dev.js:742:22
 ❯ updateComputation ../node_modules/solid-js/dist/dev.js:724:3
 ❯ createRenderEffect ../node_modules/solid-js/dist/dev.js:240:75
 ❯ _$insert ../node_modules/solid-js/web/dist/dev.js:334:3
 ❯ test/contexts/NotificationContext.test.tsx:26:100
 ❯ TestComponent2 test/contexts/NotificationContext.test.tsx:29:68
 ❯ ../../../../@solid-refresh:31:68
 ❯ untrack ../node_modules/solid-js/dist/dev.js:475:12
            </failure>
        </testcase>
        <testcase classname="test/contexts/NotificationContext.test.tsx" name="NotificationContext &gt; notification containers have correct CSS positioning" time="0.0017717">
            <failure message="notifications is not a function" type="TypeError">
TypeError: notifications is not a function
 ❯ test/contexts/NotificationContext.test.tsx:29:46
 ❯ Object.fn ../node_modules/solid-js/web/dist/dev.js:334:58
 ❯ runComputation ../node_modules/solid-js/dist/dev.js:742:22
 ❯ updateComputation ../node_modules/solid-js/dist/dev.js:724:3
 ❯ createRenderEffect ../node_modules/solid-js/dist/dev.js:240:75
 ❯ _$insert ../node_modules/solid-js/web/dist/dev.js:334:3
 ❯ test/contexts/NotificationContext.test.tsx:26:100
 ❯ TestComponent2 test/contexts/NotificationContext.test.tsx:29:68
 ❯ ../../../../@solid-refresh:31:68
 ❯ untrack ../node_modules/solid-js/dist/dev.js:475:12
            </failure>
        </testcase>
        <testcase classname="test/contexts/NotificationContext.test.tsx" name="NotificationContext &gt; notification portal renders outside component tree" time="0.0020185">
            <failure message="notifications is not a function" type="TypeError">
TypeError: notifications is not a function
 ❯ test/contexts/NotificationContext.test.tsx:29:46
 ❯ Object.fn ../node_modules/solid-js/web/dist/dev.js:334:58
 ❯ runComputation ../node_modules/solid-js/dist/dev.js:742:22
 ❯ updateComputation ../node_modules/solid-js/dist/dev.js:724:3
 ❯ createRenderEffect ../node_modules/solid-js/dist/dev.js:240:75
 ❯ _$insert ../node_modules/solid-js/web/dist/dev.js:334:3
 ❯ test/contexts/NotificationContext.test.tsx:26:100
 ❯ TestComponent2 test/contexts/NotificationContext.test.tsx:29:68
 ❯ ../../../../@solid-refresh:31:68
 ❯ untrack ../node_modules/solid-js/dist/dev.js:475:12
            </failure>
        </testcase>
    </testsuite>
    <testsuite name="test/hooks/useFeatureFlag.test.tsx" timestamp="2025-10-12T03:32:33.869Z" hostname="1000D" tests="21" failures="0" errors="0" skipped="0" time="0.0359646">
        <testcase classname="test/hooks/useFeatureFlag.test.tsx" name="useFeatureFlag &gt; basic feature flag checks &gt; should return true for enabled node" time="0.01377">
        </testcase>
        <testcase classname="test/hooks/useFeatureFlag.test.tsx" name="useFeatureFlag &gt; basic feature flag checks &gt; should return false for disabled node" time="0.0017059">
        </testcase>
        <testcase classname="test/hooks/useFeatureFlag.test.tsx" name="useFeatureFlag &gt; basic feature flag checks &gt; should handle nested paths" time="0.0012484">
        </testcase>
        <testcase classname="test/hooks/useFeatureFlag.test.tsx" name="useFeatureFlag &gt; basic feature flag checks &gt; should return false when organization is null" time="0.0013518">
        </testcase>
        <testcase classname="test/hooks/useFeatureFlag.test.tsx" name="useFeatureFlag &gt; wildcard pattern matching &gt; should return true when wildcard matches existing keys" time="0.000848">
        </testcase>
        <testcase classname="test/hooks/useFeatureFlag.test.tsx" name="useFeatureFlag &gt; wildcard pattern matching &gt; should return false when wildcard matches empty object" time="0.0007367">
        </testcase>
        <testcase classname="test/hooks/useFeatureFlag.test.tsx" name="useFeatureFlag &gt; wildcard pattern matching &gt; should return false when wildcard path does not exist" time="0.0006739">
        </testcase>
        <testcase classname="test/hooks/useFeatureFlag.test.tsx" name="useFeatureFlag &gt; custom value check function &gt; should use custom function when provided" time="0.0007676">
        </testcase>
        <testcase classname="test/hooks/useFeatureFlag.test.tsx" name="useFeatureFlag &gt; custom value check function &gt; should handle falsy custom function results" time="0.0008812">
        </testcase>
        <testcase classname="test/hooks/useFeatureFlag.test.tsx" name="useFeatureFlag &gt; useFeatureFlagValue &gt; should return numeric value from limits" time="0.0009477">
        </testcase>
        <testcase classname="test/hooks/useFeatureFlag.test.tsx" name="useFeatureFlag &gt; useFeatureFlagValue &gt; should return string value from top-level" time="0.0007231">
        </testcase>
        <testcase classname="test/hooks/useFeatureFlag.test.tsx" name="useFeatureFlag &gt; useFeatureFlagValue &gt; should return undefined for non-existent path" time="0.0006884">
        </testcase>
        <testcase classname="test/hooks/useFeatureFlag.test.tsx" name="useFeatureFlag &gt; helper functions &gt; useNodeAvailable &gt; should check node availability" time="0.0015317">
        </testcase>
        <testcase classname="test/hooks/useFeatureFlag.test.tsx" name="useFeatureFlag &gt; helper functions &gt; useModuleAvailable &gt; should check module availability" time="0.001382">
        </testcase>
        <testcase classname="test/hooks/useFeatureFlag.test.tsx" name="useFeatureFlag &gt; helper functions &gt; useInfraState &gt; should return infrastructure state" time="0.001263">
        </testcase>
        <testcase classname="test/hooks/useFeatureFlag.test.tsx" name="useFeatureFlag &gt; helper functions &gt; useInfraState &gt; should handle undefined state" time="0.001078">
        </testcase>
        <testcase classname="test/hooks/useFeatureFlag.test.tsx" name="useFeatureFlag &gt; helper functions &gt; useFeatureLimit &gt; should return limit values" time="0.0012894">
        </testcase>
        <testcase classname="test/hooks/useFeatureFlag.test.tsx" name="useFeatureFlag &gt; edge cases &gt; should handle missing features object" time="0.0007795">
        </testcase>
        <testcase classname="test/hooks/useFeatureFlag.test.tsx" name="useFeatureFlag &gt; edge cases &gt; should handle null values in feature path" time="0.0007029">
        </testcase>
        <testcase classname="test/hooks/useFeatureFlag.test.tsx" name="useFeatureFlag &gt; edge cases &gt; should interpret string &quot;true&quot; as true" time="0.0011181">
        </testcase>
        <testcase classname="test/hooks/useFeatureFlag.test.tsx" name="useFeatureFlag &gt; edge cases &gt; should interpret number 1 as true" time="0.0008376">
        </testcase>
    </testsuite>
    <testsuite name="test/integrations/ConnectedApps.test.ts" timestamp="2025-10-12T03:32:33.870Z" hostname="1000D" tests="15" failures="10" errors="0" skipped="0" time="0.0348648">
        <testcase classname="test/integrations/ConnectedApps.test.ts" name="Connected Apps Integration &gt; service connection management &gt; should connect a service successfully" time="0.0056142">
            <system-out>
Registered task: trigger (Input/Output)
Registered task: output (Core)
Registered task: person (Core)
Registered task: http-get (HTTP/API)
Registered task: http-post (HTTP/API)
Registered task: http-put (HTTP/API)
Registered task: http-delete (HTTP/API)
Registered task: json-parse (Data Processing)
Registered task: json-stringify (Data Processing)
Registered task: merge (Data Processing)
Registered task: transform (Data Processing)
Registered task: map (Data)
Registered task: reduce (Data)
Registered task: split (Data)
Registered task: join (Data)
Registered task: group-by (Data)
Registered task: flatten (Data)
Registered task: template (Data)
Registered task: validate (Data)
Registered task: webhook (Integration)
Registered task: conditional (Data Processing)
Registered task: switch (Data Processing)
Registered task: loop (Data Processing)
Registered task: filter (Data Processing)
Registered task: delay (Data Processing)
Registered task: parallel (Data Processing)
Registered task: retry (Logic)
Registered task: agent-conductor (Agent System)
✅ Registered 28 workflow tasks

            </system-out>
        </testcase>
        <testcase classname="test/integrations/ConnectedApps.test.ts" name="Connected Apps Integration &gt; service connection management &gt; should support multiple connections per service" time="0.0009724">
            <system-out>
Registered task: trigger (Input/Output)
Registered task: output (Core)
Registered task: person (Core)
Registered task: http-get (HTTP/API)
Registered task: http-post (HTTP/API)
Registered task: http-put (HTTP/API)
Registered task: http-delete (HTTP/API)
Registered task: json-parse (Data Processing)
Registered task: json-stringify (Data Processing)
Registered task: merge (Data Processing)
Registered task: transform (Data Processing)
Registered task: map (Data)
Registered task: reduce (Data)
Registered task: split (Data)
Registered task: join (Data)
Registered task: group-by (Data)
Registered task: flatten (Data)
Registered task: template (Data)
Registered task: validate (Data)
Registered task: webhook (Integration)
Registered task: conditional (Data Processing)
Registered task: switch (Data Processing)
Registered task: loop (Data Processing)
Registered task: filter (Data Processing)
Registered task: delay (Data Processing)
Registered task: parallel (Data Processing)
Registered task: retry (Logic)
Registered task: agent-conductor (Agent System)
✅ Registered 28 workflow tasks

            </system-out>
        </testcase>
        <testcase classname="test/integrations/ConnectedApps.test.ts" name="Connected Apps Integration &gt; service connection management &gt; should isolate connections between users" time="0.0008452">
            <system-out>
Registered task: trigger (Input/Output)
Registered task: output (Core)
Registered task: person (Core)
Registered task: http-get (HTTP/API)
Registered task: http-post (HTTP/API)
Registered task: http-put (HTTP/API)
Registered task: http-delete (HTTP/API)
Registered task: json-parse (Data Processing)
Registered task: json-stringify (Data Processing)
Registered task: merge (Data Processing)
Registered task: transform (Data Processing)
Registered task: map (Data)
Registered task: reduce (Data)
Registered task: split (Data)
Registered task: join (Data)
Registered task: group-by (Data)
Registered task: flatten (Data)
Registered task: template (Data)
Registered task: validate (Data)
Registered task: webhook (Integration)
Registered task: conditional (Data Processing)
Registered task: switch (Data Processing)
Registered task: loop (Data Processing)
Registered task: filter (Data Processing)
Registered task: delay (Data Processing)
Registered task: parallel (Data Processing)
Registered task: retry (Logic)
Registered task: agent-conductor (Agent System)
✅ Registered 28 workflow tasks

            </system-out>
        </testcase>
        <testcase classname="test/integrations/ConnectedApps.test.ts" name="Connected Apps Integration &gt; service connection management &gt; should check service connection status" time="0.0006106">
            <system-out>
Registered task: trigger (Input/Output)
Registered task: output (Core)
Registered task: person (Core)
Registered task: http-get (HTTP/API)
Registered task: http-post (HTTP/API)
Registered task: http-put (HTTP/API)
Registered task: http-delete (HTTP/API)
Registered task: json-parse (Data Processing)
Registered task: json-stringify (Data Processing)
Registered task: merge (Data Processing)
Registered task: transform (Data Processing)
Registered task: map (Data)
Registered task: reduce (Data)
Registered task: split (Data)
Registered task: join (Data)
Registered task: group-by (Data)
Registered task: flatten (Data)
Registered task: template (Data)
Registered task: validate (Data)
Registered task: webhook (Integration)
Registered task: conditional (Data Processing)
Registered task: switch (Data Processing)
Registered task: loop (Data Processing)
Registered task: filter (Data Processing)
Registered task: delay (Data Processing)
Registered task: parallel (Data Processing)
Registered task: retry (Logic)
Registered task: agent-conductor (Agent System)
✅ Registered 28 workflow tasks

            </system-out>
        </testcase>
        <testcase classname="test/integrations/ConnectedApps.test.ts" name="Connected Apps Integration &gt; workflow integration with connected apps &gt; should execute workflow with connected Google Analytics" time="0.0065987">
            <system-out>
Registered task: trigger (Input/Output)
Registered task: output (Core)
Registered task: person (Core)
Registered task: http-get (HTTP/API)
Registered task: http-post (HTTP/API)
Registered task: http-put (HTTP/API)
Registered task: http-delete (HTTP/API)
Registered task: json-parse (Data Processing)
Registered task: json-stringify (Data Processing)
Registered task: merge (Data Processing)
Registered task: transform (Data Processing)
Registered task: map (Data)
Registered task: reduce (Data)
Registered task: split (Data)
Registered task: join (Data)
Registered task: group-by (Data)
Registered task: flatten (Data)
Registered task: template (Data)
Registered task: validate (Data)
Registered task: webhook (Integration)
Registered task: conditional (Data Processing)
Registered task: switch (Data Processing)
Registered task: loop (Data Processing)
Registered task: filter (Data Processing)
Registered task: delay (Data Processing)
Registered task: parallel (Data Processing)
Registered task: retry (Logic)
Registered task: agent-conductor (Agent System)
✅ Registered 28 workflow tasks

            </system-out>
            <failure message="Workflow validation failed: Unknown task type: ga-top-pages (node: ga-pages-1)" type="WorkflowValidationError">
WorkflowValidationError: Workflow validation failed: Unknown task type: ga-top-pages (node: ga-pages-1)
 ❯ ModularWorkflowEngine.validateWorkflow src/workflow/WorkflowEngine.ts:184:13
 ❯ ModularWorkflowEngine.executeWorkflow src/workflow/WorkflowEngine.ts:48:18
 ❯ test/integrations/ConnectedApps.test.ts:360:43

⎯⎯⎯⎯⎯⎯⎯⎯⎯⎯⎯⎯⎯⎯⎯⎯⎯⎯⎯⎯⎯⎯⎯⎯⎯⎯⎯⎯⎯⎯
Serialized Error: { code: &apos;WORKFLOW_VALIDATION_ERROR&apos;, details: { workflowId: &apos;GA Integration Test&apos;, validationErrors: [ &apos;Unknown task type: ga-top-pages (node: ga-pages-1)&apos; ] }, workflowId: &apos;GA Integration Test&apos;, validationErrors: [ &apos;Unknown task type: ga-top-pages (node: ga-pages-1)&apos; ] }
            </failure>
        </testcase>
        <testcase classname="test/integrations/ConnectedApps.test.ts" name="Connected Apps Integration &gt; workflow integration with connected apps &gt; should fail gracefully when service is not connected" time="0.0038881">
            <system-out>
Registered task: trigger (Input/Output)
Registered task: output (Core)
Registered task: person (Core)
Registered task: http-get (HTTP/API)
Registered task: http-post (HTTP/API)
Registered task: http-put (HTTP/API)
Registered task: http-delete (HTTP/API)
Registered task: json-parse (Data Processing)
Registered task: json-stringify (Data Processing)
Registered task: merge (Data Processing)
Registered task: transform (Data Processing)
Registered task: map (Data)
Registered task: reduce (Data)
Registered task: split (Data)
Registered task: join (Data)
Registered task: group-by (Data)
Registered task: flatten (Data)
Registered task: template (Data)
Registered task: validate (Data)
Registered task: webhook (Integration)
Registered task: conditional (Data Processing)
Registered task: switch (Data Processing)
Registered task: loop (Data Processing)
Registered task: filter (Data Processing)
Registered task: delay (Data Processing)
Registered task: parallel (Data Processing)
Registered task: retry (Logic)
Registered task: agent-conductor (Agent System)
✅ Registered 28 workflow tasks

            </system-out>
            <failure message="promise rejected &quot;WorkflowValidationError: Workflow validat… { …(4) }&quot; instead of resolving" type="AssertionError">
AssertionError: promise rejected &quot;WorkflowValidationError: Workflow validat… { …(4) }&quot; instead of resolving
 ❯ test/integrations/ConnectedApps.test.ts:409:60

Caused by: WorkflowValidationError: Workflow validation failed: Unknown task type: ga-top-pages (node: ga-pages-1)
 ❯ ModularWorkflowEngine.validateWorkflow src/workflow/WorkflowEngine.ts:184:13
 ❯ ModularWorkflowEngine.executeWorkflow src/workflow/WorkflowEngine.ts:48:18
 ❯ test/integrations/ConnectedApps.test.ts:409:35

⎯⎯⎯⎯⎯⎯⎯⎯⎯⎯⎯⎯⎯⎯⎯⎯⎯⎯⎯⎯⎯⎯⎯⎯⎯⎯⎯⎯⎯⎯
Serialized Error: { code: &apos;WORKFLOW_VALIDATION_ERROR&apos;, details: { workflowId: &apos;Unconnected GA Test&apos;, validationErrors: [ &apos;Unknown task type: ga-top-pages (node: ga-pages-1)&apos; ] }, workflowId: &apos;Unconnected GA Test&apos;, validationErrors: [ &apos;Unknown task type: ga-top-pages (node: ga-pages-1)&apos; ] }
            </failure>
        </testcase>
        <testcase classname="test/integrations/ConnectedApps.test.ts" name="Connected Apps Integration &gt; workflow integration with connected apps &gt; should handle multiple services in single workflow" time="0.001101">
            <system-out>
Registered task: trigger (Input/Output)
Registered task: output (Core)
Registered task: person (Core)
Registered task: http-get (HTTP/API)
Registered task: http-post (HTTP/API)
Registered task: http-put (HTTP/API)
Registered task: http-delete (HTTP/API)
Registered task: json-parse (Data Processing)
Registered task: json-stringify (Data Processing)
Registered task: merge (Data Processing)
Registered task: transform (Data Processing)
Registered task: map (Data)
Registered task: reduce (Data)
Registered task: split (Data)
Registered task: join (Data)
Registered task: group-by (Data)
Registered task: flatten (Data)
Registered task: template (Data)
Registered task: validate (Data)
Registered task: webhook (Integration)
Registered task: conditional (Data Processing)
Registered task: switch (Data Processing)
Registered task: loop (Data Processing)
Registered task: filter (Data Processing)
Registered task: delay (Data Processing)
Registered task: parallel (Data Processing)
Registered task: retry (Logic)
Registered task: agent-conductor (Agent System)
✅ Registered 28 workflow tasks

            </system-out>
            <failure message="Workflow validation failed: Unknown task type: ga-top-pages (node: ga-pages-1), Unknown task type: kv-set (node: kv-store-1)" type="WorkflowValidationError">
WorkflowValidationError: Workflow validation failed: Unknown task type: ga-top-pages (node: ga-pages-1), Unknown task type: kv-set (node: kv-store-1)
 ❯ ModularWorkflowEngine.validateWorkflow src/workflow/WorkflowEngine.ts:184:13
 ❯ ModularWorkflowEngine.executeWorkflow src/workflow/WorkflowEngine.ts:48:18
 ❯ test/integrations/ConnectedApps.test.ts:476:43

⎯⎯⎯⎯⎯⎯⎯⎯⎯⎯⎯⎯⎯⎯⎯⎯⎯⎯⎯⎯⎯⎯⎯⎯⎯⎯⎯⎯⎯⎯
Serialized Error: { code: &apos;WORKFLOW_VALIDATION_ERROR&apos;, details: { workflowId: &apos;Multi-Service Workflow&apos;, validationErrors: [ &apos;Unknown task type: ga-top-pages (node: ga-pages-1)&apos;, &apos;Unknown task type: kv-set (node: kv-store-1)&apos; ] }, workflowId: &apos;Multi-Service Workflow&apos;, validationErrors: [ &apos;Unknown task type: ga-top-pages (node: ga-pages-1)&apos;, &apos;Unknown task type: kv-set (node: kv-store-1)&apos; ] }
            </failure>
        </testcase>
        <testcase classname="test/integrations/ConnectedApps.test.ts" name="Connected Apps Integration &gt; node filtering based on connections &gt; should identify available nodes based on connections" time="0.0040075">
            <system-out>
Registered task: trigger (Input/Output)
Registered task: output (Core)
Registered task: person (Core)
Registered task: http-get (HTTP/API)
Registered task: http-post (HTTP/API)
Registered task: http-put (HTTP/API)
Registered task: http-delete (HTTP/API)
Registered task: json-parse (Data Processing)
Registered task: json-stringify (Data Processing)
Registered task: merge (Data Processing)
Registered task: transform (Data Processing)
Registered task: map (Data)
Registered task: reduce (Data)
Registered task: split (Data)
Registered task: join (Data)
Registered task: group-by (Data)
Registered task: flatten (Data)
Registered task: template (Data)
Registered task: validate (Data)
Registered task: webhook (Integration)
Registered task: conditional (Data Processing)
Registered task: switch (Data Processing)
Registered task: loop (Data Processing)
Registered task: filter (Data Processing)
Registered task: delay (Data Processing)
Registered task: parallel (Data Processing)
Registered task: retry (Logic)
Registered task: agent-conductor (Agent System)
✅ Registered 28 workflow tasks

            </system-out>
            <failure message="expected false to be true // Object.is equality" type="AssertionError">
AssertionError: expected false to be true // Object.is equality

- Expected
+ Received

- true
+ false

 ❯ test/integrations/ConnectedApps.test.ts:508:52
            </failure>
        </testcase>
        <testcase classname="test/integrations/ConnectedApps.test.ts" name="Connected Apps Integration &gt; node filtering based on connections &gt; should support workflow templates based on available integrations" time="0.0024537">
            <system-out>
Registered task: trigger (Input/Output)
Registered task: output (Core)
Registered task: person (Core)
Registered task: http-get (HTTP/API)
Registered task: http-post (HTTP/API)
Registered task: http-put (HTTP/API)
Registered task: http-delete (HTTP/API)
Registered task: json-parse (Data Processing)
Registered task: json-stringify (Data Processing)
Registered task: merge (Data Processing)
Registered task: transform (Data Processing)
Registered task: map (Data)
Registered task: reduce (Data)
Registered task: split (Data)
Registered task: join (Data)
Registered task: group-by (Data)
Registered task: flatten (Data)
Registered task: template (Data)
Registered task: validate (Data)
Registered task: webhook (Integration)
Registered task: conditional (Data Processing)
Registered task: switch (Data Processing)
Registered task: loop (Data Processing)
Registered task: filter (Data Processing)
Registered task: delay (Data Processing)
Registered task: parallel (Data Processing)
Registered task: retry (Logic)
Registered task: agent-conductor (Agent System)
✅ Registered 28 workflow tasks

            </system-out>
            <failure message="expected [ &apos;agent-conductor&apos;, …(27) ] to include &apos;ga-top-pages&apos;" type="AssertionError">
AssertionError: expected [ &apos;agent-conductor&apos;, …(27) ] to include &apos;ga-top-pages&apos;
 ❯ test/integrations/ConnectedApps.test.ts:570:32
            </failure>
        </testcase>
        <testcase classname="test/integrations/ConnectedApps.test.ts" name="Connected Apps Integration &gt; connection health and monitoring &gt; should track connection usage" time="0.0012529">
            <system-out>
Registered task: trigger (Input/Output)
Registered task: output (Core)
Registered task: person (Core)
Registered task: http-get (HTTP/API)
Registered task: http-post (HTTP/API)
Registered task: http-put (HTTP/API)
Registered task: http-delete (HTTP/API)
Registered task: json-parse (Data Processing)
Registered task: json-stringify (Data Processing)
Registered task: merge (Data Processing)
Registered task: transform (Data Processing)
Registered task: map (Data)
Registered task: reduce (Data)
Registered task: split (Data)
Registered task: join (Data)
Registered task: group-by (Data)
Registered task: flatten (Data)
Registered task: template (Data)
Registered task: validate (Data)
Registered task: webhook (Integration)
Registered task: conditional (Data Processing)
Registered task: switch (Data Processing)
Registered task: loop (Data Processing)
Registered task: filter (Data Processing)
Registered task: delay (Data Processing)
Registered task: parallel (Data Processing)
Registered task: retry (Logic)
Registered task: agent-conductor (Agent System)
✅ Registered 28 workflow tasks

            </system-out>
            <failure message="Workflow validation failed: Unknown task type: ga-top-pages (node: ga-pages-1)" type="WorkflowValidationError">
WorkflowValidationError: Workflow validation failed: Unknown task type: ga-top-pages (node: ga-pages-1)
 ❯ ModularWorkflowEngine.validateWorkflow src/workflow/WorkflowEngine.ts:184:13
 ❯ ModularWorkflowEngine.executeWorkflow src/workflow/WorkflowEngine.ts:48:18
 ❯ test/integrations/ConnectedApps.test.ts:606:28

⎯⎯⎯⎯⎯⎯⎯⎯⎯⎯⎯⎯⎯⎯⎯⎯⎯⎯⎯⎯⎯⎯⎯⎯⎯⎯⎯⎯⎯⎯
Serialized Error: { code: &apos;WORKFLOW_VALIDATION_ERROR&apos;, details: { workflowId: &apos;Usage Tracking Test&apos;, validationErrors: [ &apos;Unknown task type: ga-top-pages (node: ga-pages-1)&apos; ] }, workflowId: &apos;Usage Tracking Test&apos;, validationErrors: [ &apos;Unknown task type: ga-top-pages (node: ga-pages-1)&apos; ] }
            </failure>
        </testcase>
        <testcase classname="test/integrations/ConnectedApps.test.ts" name="Connected Apps Integration &gt; connection health and monitoring &gt; should handle connection errors gracefully" time="0.0016528">
            <system-out>
Registered task: trigger (Input/Output)
Registered task: output (Core)
Registered task: person (Core)
Registered task: http-get (HTTP/API)
Registered task: http-post (HTTP/API)
Registered task: http-put (HTTP/API)
Registered task: http-delete (HTTP/API)
Registered task: json-parse (Data Processing)
Registered task: json-stringify (Data Processing)
Registered task: merge (Data Processing)
Registered task: transform (Data Processing)
Registered task: map (Data)
Registered task: reduce (Data)
Registered task: split (Data)
Registered task: join (Data)
Registered task: group-by (Data)
Registered task: flatten (Data)
Registered task: template (Data)
Registered task: validate (Data)
Registered task: webhook (Integration)
Registered task: conditional (Data Processing)
Registered task: switch (Data Processing)
Registered task: loop (Data Processing)
Registered task: filter (Data Processing)
Registered task: delay (Data Processing)
Registered task: parallel (Data Processing)
Registered task: retry (Logic)
Registered task: agent-conductor (Agent System)
✅ Registered 28 workflow tasks

            </system-out>
        </testcase>
        <testcase classname="test/integrations/ConnectedApps.test.ts" name="Connected Apps Integration &gt; data flow between connected services &gt; should pass data from GA to KV storage" time="0.0010257">
            <system-out>
Registered task: trigger (Input/Output)
Registered task: output (Core)
Registered task: person (Core)
Registered task: http-get (HTTP/API)
Registered task: http-post (HTTP/API)
Registered task: http-put (HTTP/API)
Registered task: http-delete (HTTP/API)
Registered task: json-parse (Data Processing)
Registered task: json-stringify (Data Processing)
Registered task: merge (Data Processing)
Registered task: transform (Data Processing)
Registered task: map (Data)
Registered task: reduce (Data)
Registered task: split (Data)
Registered task: join (Data)
Registered task: group-by (Data)
Registered task: flatten (Data)
Registered task: template (Data)
Registered task: validate (Data)
Registered task: webhook (Integration)
Registered task: conditional (Data Processing)
Registered task: switch (Data Processing)
Registered task: loop (Data Processing)
Registered task: filter (Data Processing)
Registered task: delay (Data Processing)
Registered task: parallel (Data Processing)
Registered task: retry (Logic)
Registered task: agent-conductor (Agent System)
✅ Registered 28 workflow tasks

            </system-out>
            <failure message="Workflow validation failed: Unknown task type: ga-top-pages (node: ga-pages-1), Unknown task type: kv-set (node: kv-summary-1)" type="WorkflowValidationError">
WorkflowValidationError: Workflow validation failed: Unknown task type: ga-top-pages (node: ga-pages-1), Unknown task type: kv-set (node: kv-summary-1)
 ❯ ModularWorkflowEngine.validateWorkflow src/workflow/WorkflowEngine.ts:184:13
 ❯ ModularWorkflowEngine.executeWorkflow src/workflow/WorkflowEngine.ts:48:18
 ❯ test/integrations/ConnectedApps.test.ts:703:43

⎯⎯⎯⎯⎯⎯⎯⎯⎯⎯⎯⎯⎯⎯⎯⎯⎯⎯⎯⎯⎯⎯⎯⎯⎯⎯⎯⎯⎯⎯
Serialized Error: { code: &apos;WORKFLOW_VALIDATION_ERROR&apos;, details: { workflowId: &apos;Data Flow Test&apos;, validationErrors: [ &apos;Unknown task type: ga-top-pages (node: ga-pages-1)&apos;, &apos;Unknown task type: kv-set (node: kv-summary-1)&apos; ] }, workflowId: &apos;Data Flow Test&apos;, validationErrors: [ &apos;Unknown task type: ga-top-pages (node: ga-pages-1)&apos;, &apos;Unknown task type: kv-set (node: kv-summary-1)&apos; ] }
            </failure>
        </testcase>
        <testcase classname="test/integrations/ConnectedApps.test.ts" name="Connected Apps Integration &gt; data flow between connected services &gt; should handle complex data transformations" time="0.0009559">
            <system-out>
Registered task: trigger (Input/Output)
Registered task: output (Core)
Registered task: person (Core)
Registered task: http-get (HTTP/API)
Registered task: http-post (HTTP/API)
Registered task: http-put (HTTP/API)
Registered task: http-delete (HTTP/API)
Registered task: json-parse (Data Processing)
Registered task: json-stringify (Data Processing)
Registered task: merge (Data Processing)
Registered task: transform (Data Processing)
Registered task: map (Data)
Registered task: reduce (Data)
Registered task: split (Data)
Registered task: join (Data)
Registered task: group-by (Data)
Registered task: flatten (Data)
Registered task: template (Data)
Registered task: validate (Data)
Registered task: webhook (Integration)
Registered task: conditional (Data Processing)
Registered task: switch (Data Processing)
Registered task: loop (Data Processing)
Registered task: filter (Data Processing)
Registered task: delay (Data Processing)
Registered task: parallel (Data Processing)
Registered task: retry (Logic)
Registered task: agent-conductor (Agent System)
✅ Registered 28 workflow tasks

            </system-out>
            <failure message="Workflow validation failed: Unknown task type: ga-top-pages (node: ga-pages-1), Unknown task type: kv-set (node: kv-report-1)" type="WorkflowValidationError">
WorkflowValidationError: Workflow validation failed: Unknown task type: ga-top-pages (node: ga-pages-1), Unknown task type: kv-set (node: kv-report-1)
 ❯ ModularWorkflowEngine.validateWorkflow src/workflow/WorkflowEngine.ts:184:13
 ❯ ModularWorkflowEngine.executeWorkflow src/workflow/WorkflowEngine.ts:48:18
 ❯ test/integrations/ConnectedApps.test.ts:770:43

⎯⎯⎯⎯⎯⎯⎯⎯⎯⎯⎯⎯⎯⎯⎯⎯⎯⎯⎯⎯⎯⎯⎯⎯⎯⎯⎯⎯⎯⎯
Serialized Error: { code: &apos;WORKFLOW_VALIDATION_ERROR&apos;, details: { workflowId: &apos;Data Transformation Test&apos;, validationErrors: [ &apos;Unknown task type: ga-top-pages (node: ga-pages-1)&apos;, &apos;Unknown task type: kv-set (node: kv-report-1)&apos; ] }, workflowId: &apos;Data Transformation Test&apos;, validationErrors: [ &apos;Unknown task type: ga-top-pages (node: ga-pages-1)&apos;, &apos;Unknown task type: kv-set (node: kv-report-1)&apos; ] }
            </failure>
        </testcase>
        <testcase classname="test/integrations/ConnectedApps.test.ts" name="Connected Apps Integration &gt; performance and scalability &gt; should handle multiple simultaneous workflows" time="0.0010802">
            <system-out>
Registered task: trigger (Input/Output)
Registered task: output (Core)
Registered task: person (Core)
Registered task: http-get (HTTP/API)
Registered task: http-post (HTTP/API)
Registered task: http-put (HTTP/API)
Registered task: http-delete (HTTP/API)
Registered task: json-parse (Data Processing)
Registered task: json-stringify (Data Processing)
Registered task: merge (Data Processing)
Registered task: transform (Data Processing)
Registered task: map (Data)
Registered task: reduce (Data)
Registered task: split (Data)
Registered task: join (Data)
Registered task: group-by (Data)
Registered task: flatten (Data)
Registered task: template (Data)
Registered task: validate (Data)
Registered task: webhook (Integration)
Registered task: conditional (Data Processing)
Registered task: switch (Data Processing)
Registered task: loop (Data Processing)
Registered task: filter (Data Processing)
Registered task: delay (Data Processing)
Registered task: parallel (Data Processing)
Registered task: retry (Logic)
Registered task: agent-conductor (Agent System)
✅ Registered 28 workflow tasks

            </system-out>
            <failure message="Workflow validation failed: Unknown task type: ga-top-pages (node: ga-pages-1), Unknown task type: kv-set (node: kv-store-1)" type="WorkflowValidationError">
WorkflowValidationError: Workflow validation failed: Unknown task type: ga-top-pages (node: ga-pages-1), Unknown task type: kv-set (node: kv-store-1)
 ❯ ModularWorkflowEngine.validateWorkflow src/workflow/WorkflowEngine.ts:184:13
 ❯ ModularWorkflowEngine.executeWorkflow src/workflow/WorkflowEngine.ts:48:18
 ❯ test/integrations/ConnectedApps.test.ts:824:50
 ❯ test/integrations/ConnectedApps.test.ts:824:19

⎯⎯⎯⎯⎯⎯⎯⎯⎯⎯⎯⎯⎯⎯⎯⎯⎯⎯⎯⎯⎯⎯⎯⎯⎯⎯⎯⎯⎯⎯
Serialized Error: { code: &apos;WORKFLOW_VALIDATION_ERROR&apos;, details: { workflowId: &apos;Concurrent Test workflow-0&apos;, validationErrors: [ &apos;Unknown task type: ga-top-pages (node: ga-pages-1)&apos;, &apos;Unknown task type: kv-set (node: kv-store-1)&apos; ] }, workflowId: &apos;Concurrent Test workflow-0&apos;, validationErrors: [ &apos;Unknown task type: ga-top-pages (node: ga-pages-1)&apos;, &apos;Unknown task type: kv-set (node: kv-store-1)&apos; ] }
            </failure>
        </testcase>
        <testcase classname="test/integrations/ConnectedApps.test.ts" name="Connected Apps Integration &gt; performance and scalability &gt; should manage memory usage with large workflows" time="0.0012132">
            <system-out>
Registered task: trigger (Input/Output)
Registered task: output (Core)
Registered task: person (Core)
Registered task: http-get (HTTP/API)
Registered task: http-post (HTTP/API)
Registered task: http-put (HTTP/API)
Registered task: http-delete (HTTP/API)
Registered task: json-parse (Data Processing)
Registered task: json-stringify (Data Processing)
Registered task: merge (Data Processing)
Registered task: transform (Data Processing)
Registered task: map (Data)
Registered task: reduce (Data)
Registered task: split (Data)
Registered task: join (Data)
Registered task: group-by (Data)
Registered task: flatten (Data)
Registered task: template (Data)
Registered task: validate (Data)
Registered task: webhook (Integration)
Registered task: conditional (Data Processing)
Registered task: switch (Data Processing)
Registered task: loop (Data Processing)
Registered task: filter (Data Processing)
Registered task: delay (Data Processing)
Registered task: parallel (Data Processing)
Registered task: retry (Logic)
Registered task: agent-conductor (Agent System)
✅ Registered 28 workflow tasks

            </system-out>
            <failure message="Workflow validation failed: Unknown task type: ga-top-pages (node: ga-0), Unknown task type: kv-set (node: kv-0), Unknown task type: ga-top-pages (node: ga-1), Unknown task type: kv-set (node: kv-1), Unknown task type: ga-top-pages (node: ga-2), Unknown task type: kv-set (node: kv-2), Unknown task type: ga-top-pages (node: ga-3), Unknown task type: kv-set (node: kv-3), Unknown task type: ga-top-pages (node: ga-4), Unknown task type: kv-set (node: kv-4), Unknown task type: ga-top-pages (node: ga-5), Unknown task type: kv-set (node: kv-5), Unknown task type: ga-top-pages (node: ga-6), Unknown task type: kv-set (node: kv-6), Unknown task type: ga-top-pages (node: ga-7), Unknown task type: kv-set (node: kv-7), Unknown task type: ga-top-pages (node: ga-8), Unknown task type: kv-set (node: kv-8), Unknown task type: ga-top-pages (node: ga-9), Unknown task type: kv-set (node: kv-9), Unknown task type: ga-top-pages (node: ga-10), Unknown task type: kv-set (node: kv-10), Unknown task type: ga-top-pages (node: ga-11), Unknown task type: kv-set (node: kv-11), Unknown task type: ga-top-pages (node: ga-12), Unknown task type: kv-set (node: kv-12), Unknown task type: ga-top-pages (node: ga-13), Unknown task type: kv-set (node: kv-13), Unknown task type: ga-top-pages (node: ga-14), Unknown task type: kv-set (node: kv-14), Unknown task type: ga-top-pages (node: ga-15), Unknown task type: kv-set (node: kv-15), Unknown task type: ga-top-pages (node: ga-16), Unknown task type: kv-set (node: kv-16), Unknown task type: ga-top-pages (node: ga-17), Unknown task type: kv-set (node: kv-17), Unknown task type: ga-top-pages (node: ga-18), Unknown task type: kv-set (node: kv-18), Unknown task type: ga-top-pages (node: ga-19), Unknown task type: kv-set (node: kv-19)" type="WorkflowValidationError">
WorkflowValidationError: Workflow validation failed: Unknown task type: ga-top-pages (node: ga-0), Unknown task type: kv-set (node: kv-0), Unknown task type: ga-top-pages (node: ga-1), Unknown task type: kv-set (node: kv-1), Unknown task type: ga-top-pages (node: ga-2), Unknown task type: kv-set (node: kv-2), Unknown task type: ga-top-pages (node: ga-3), Unknown task type: kv-set (node: kv-3), Unknown task type: ga-top-pages (node: ga-4), Unknown task type: kv-set (node: kv-4), Unknown task type: ga-top-pages (node: ga-5), Unknown task type: kv-set (node: kv-5), Unknown task type: ga-top-pages (node: ga-6), Unknown task type: kv-set (node: kv-6), Unknown task type: ga-top-pages (node: ga-7), Unknown task type: kv-set (node: kv-7), Unknown task type: ga-top-pages (node: ga-8), Unknown task type: kv-set (node: kv-8), Unknown task type: ga-top-pages (node: ga-9), Unknown task type: kv-set (node: kv-9), Unknown task type: ga-top-pages (node: ga-10), Unknown task type: kv-set (node: kv-10), Unknown task type: ga-top-pages (node: ga-11), Unknown task type: kv-set (node: kv-11), Unknown task type: ga-top-pages (node: ga-12), Unknown task type: kv-set (node: kv-12), Unknown task type: ga-top-pages (node: ga-13), Unknown task type: kv-set (node: kv-13), Unknown task type: ga-top-pages (node: ga-14), Unknown task type: kv-set (node: kv-14), Unknown task type: ga-top-pages (node: ga-15), Unknown task type: kv-set (node: kv-15), Unknown task type: ga-top-pages (node: ga-16), Unknown task type: kv-set (node: kv-16), Unknown task type: ga-top-pages (node: ga-17), Unknown task type: kv-set (node: kv-17), Unknown task type: ga-top-pages (node: ga-18), Unknown task type: kv-set (node: kv-18), Unknown task type: ga-top-pages (node: ga-19), Unknown task type: kv-set (node: kv-19)
 ❯ ModularWorkflowEngine.validateWorkflow src/workflow/WorkflowEngine.ts:184:13
 ❯ ModularWorkflowEngine.executeWorkflow src/workflow/WorkflowEngine.ts:48:18
 ❯ test/integrations/ConnectedApps.test.ts:905:43

⎯⎯⎯⎯⎯⎯⎯⎯⎯⎯⎯⎯⎯⎯⎯⎯⎯⎯⎯⎯⎯⎯⎯⎯⎯⎯⎯⎯⎯⎯
Serialized Error: { code: &apos;WORKFLOW_VALIDATION_ERROR&apos;, details: { workflowId: &apos;Large Workflow Test&apos;, validationErrors: [ &apos;Unknown task type: ga-top-pages (node: ga-0)&apos;, &apos;Unknown task type: kv-set (node: kv-0)&apos;, &apos;Unknown task type: ga-top-pages (node: ga-1)&apos;, &apos;Unknown task type: kv-set (node: kv-1)&apos;, &apos;Unknown task type: ga-top-pages (node: ga-2)&apos;, &apos;Unknown task type: kv-set (node: kv-2)&apos;, &apos;Unknown task type: ga-top-pages (node: ga-3)&apos;, &apos;Unknown task type: kv-set (node: kv-3)&apos;, &apos;Unknown task type: ga-top-pages (node: ga-4)&apos;, &apos;Unknown task type: kv-set (node: kv-4)&apos;, &apos;Unknown task type: ga-top-pages (node: ga-5)&apos;, &apos;Unknown task type: kv-set (node: kv-5)&apos;, &apos;Unknown task type: ga-top-pages (node: ga-6)&apos;, &apos;Unknown task type: kv-set (node: kv-6)&apos;, &apos;Unknown task type: ga-top-pages (node: ga-7)&apos;, &apos;Unknown task type: kv-set (node: kv-7)&apos;, &apos;Unknown task type: ga-top-pages (node: ga-8)&apos;, &apos;Unknown task type: kv-set (node: kv-8)&apos;, &apos;Unknown task type: ga-top-pages (node: ga-9)&apos;, &apos;Unknown task type: kv-set (node: kv-9)&apos;, &apos;Unknown task type: ga-top-pages (node: ga-10)&apos;, &apos;Unknown task type: kv-set (node: kv-10)&apos;, &apos;Unknown task type: ga-top-pages (node: ga-11)&apos;, &apos;Unknown task type: kv-set (node: kv-11)&apos;, &apos;Unknown task type: ga-top-pages (node: ga-12)&apos;, &apos;Unknown task type: kv-set (node: kv-12)&apos;, &apos;Unknown task type: ga-top-pages (node: ga-13)&apos;, &apos;Unknown task type: kv-set (node: kv-13)&apos;, &apos;Unknown task type: ga-top-pages (node: ga-14)&apos;, &apos;Unknown task type: kv-set (node: kv-14)&apos;, &apos;Unknown task type: ga-top-pages (node: ga-15)&apos;, &apos;Unknown task type: kv-set (node: kv-15)&apos;, &apos;Unknown task type: ga-top-pages (node: ga-16)&apos;, &apos;Unknown task type: kv-set (node: kv-16)&apos;, &apos;Unknown task type: ga-top-pages (node: ga-17)&apos;, &apos;Unknown task type: kv-set (node: kv-17)&apos;, &apos;Unknown task type: ga-top-pages (node: ga-18)&apos;, &apos;Unknown task type: kv-set (node: kv-18)&apos;, &apos;Unknown task type: ga-top-pages (node: ga-19)&apos;, &apos;Unknown task type: kv-set (node: kv-19)&apos; ] }, workflowId: &apos;Large Workflow Test&apos;, validationErrors: [ &apos;Unknown task type: ga-top-pages (node: ga-0)&apos;, &apos;Unknown task type: kv-set (node: kv-0)&apos;, &apos;Unknown task type: ga-top-pages (node: ga-1)&apos;, &apos;Unknown task type: kv-set (node: kv-1)&apos;, &apos;Unknown task type: ga-top-pages (node: ga-2)&apos;, &apos;Unknown task type: kv-set (node: kv-2)&apos;, &apos;Unknown task type: ga-top-pages (node: ga-3)&apos;, &apos;Unknown task type: kv-set (node: kv-3)&apos;, &apos;Unknown task type: ga-top-pages (node: ga-4)&apos;, &apos;Unknown task type: kv-set (node: kv-4)&apos;, &apos;Unknown task type: ga-top-pages (node: ga-5)&apos;, &apos;Unknown task type: kv-set (node: kv-5)&apos;, &apos;Unknown task type: ga-top-pages (node: ga-6)&apos;, &apos;Unknown task type: kv-set (node: kv-6)&apos;, &apos;Unknown task type: ga-top-pages (node: ga-7)&apos;, &apos;Unknown task type: kv-set (node: kv-7)&apos;, &apos;Unknown task type: ga-top-pages (node: ga-8)&apos;, &apos;Unknown task type: kv-set (node: kv-8)&apos;, &apos;Unknown task type: ga-top-pages (node: ga-9)&apos;, &apos;Unknown task type: kv-set (node: kv-9)&apos;, &apos;Unknown task type: ga-top-pages (node: ga-10)&apos;, &apos;Unknown task type: kv-set (node: kv-10)&apos;, &apos;Unknown task type: ga-top-pages (node: ga-11)&apos;, &apos;Unknown task type: kv-set (node: kv-11)&apos;, &apos;Unknown task type: ga-top-pages (node: ga-12)&apos;, &apos;Unknown task type: kv-set (node: kv-12)&apos;, &apos;Unknown task type: ga-top-pages (node: ga-13)&apos;, &apos;Unknown task type: kv-set (node: kv-13)&apos;, &apos;Unknown task type: ga-top-pages (node: ga-14)&apos;, &apos;Unknown task type: kv-set (node: kv-14)&apos;, &apos;Unknown task type: ga-top-pages (node: ga-15)&apos;, &apos;Unknown task type: kv-set (node: kv-15)&apos;, &apos;Unknown task type: ga-top-pages (node: ga-16)&apos;, &apos;Unknown task type: kv-set (node: kv-16)&apos;, &apos;Unknown task type: ga-top-pages (node: ga-17)&apos;, &apos;Unknown task type: kv-set (node: kv-17)&apos;, &apos;Unknown task type: ga-top-pages (node: ga-18)&apos;, &apos;Unknown task type: kv-set (node: kv-18)&apos;, &apos;Unknown task type: ga-top-pages (node: ga-19)&apos;, &apos;Unknown task type: kv-set (node: kv-19)&apos; ] }
            </failure>
        </testcase>
    </testsuite>
    <testsuite name="test/services/ServiceLayer.test.ts" timestamp="2025-10-12T03:32:33.877Z" hostname="1000D" tests="26" failures="0" errors="0" skipped="0" time="0.0304865">
        <testcase classname="test/services/ServiceLayer.test.ts" name="Service Layer with Mocked APIs &gt; MCP Service Layer &gt; should handle KV operations correctly" time="0.0052442">
        </testcase>
        <testcase classname="test/services/ServiceLayer.test.ts" name="Service Layer with Mocked APIs &gt; MCP Service Layer &gt; should handle artifacts operations" time="0.0005428">
        </testcase>
        <testcase classname="test/services/ServiceLayer.test.ts" name="Service Layer with Mocked APIs &gt; MCP Service Layer &gt; should handle events operations" time="0.0004392">
        </testcase>
        <testcase classname="test/services/ServiceLayer.test.ts" name="Service Layer with Mocked APIs &gt; MCP Service Layer &gt; should handle workflow operations" time="0.0004212">
        </testcase>
        <testcase classname="test/services/ServiceLayer.test.ts" name="Service Layer with Mocked APIs &gt; MCP Service Layer &gt; should handle MCP service errors gracefully" time="0.0010923">
        </testcase>
        <testcase classname="test/services/ServiceLayer.test.ts" name="Service Layer with Mocked APIs &gt; Google Analytics Service Layer &gt; should get top pages data correctly" time="0.0004105">
        </testcase>
        <testcase classname="test/services/ServiceLayer.test.ts" name="Service Layer with Mocked APIs &gt; Google Analytics Service Layer &gt; should get search console data correctly" time="0.0003191">
        </testcase>
        <testcase classname="test/services/ServiceLayer.test.ts" name="Service Layer with Mocked APIs &gt; Google Analytics Service Layer &gt; should analyze content opportunities" time="0.0002885">
        </testcase>
        <testcase classname="test/services/ServiceLayer.test.ts" name="Service Layer with Mocked APIs &gt; Google Analytics Service Layer &gt; should generate content calendar" time="0.0002299">
        </testcase>
        <testcase classname="test/services/ServiceLayer.test.ts" name="Service Layer with Mocked APIs &gt; Google Analytics Service Layer &gt; should handle GA API errors" time="0.0002443">
        </testcase>
        <testcase classname="test/services/ServiceLayer.test.ts" name="Service Layer with Mocked APIs &gt; HTTP Service Layer &gt; should handle GET requests correctly" time="0.0003805">
        </testcase>
        <testcase classname="test/services/ServiceLayer.test.ts" name="Service Layer with Mocked APIs &gt; HTTP Service Layer &gt; should handle POST requests correctly" time="0.0003115">
        </testcase>
        <testcase classname="test/services/ServiceLayer.test.ts" name="Service Layer with Mocked APIs &gt; HTTP Service Layer &gt; should handle PUT and DELETE requests" time="0.0003074">
        </testcase>
        <testcase classname="test/services/ServiceLayer.test.ts" name="Service Layer with Mocked APIs &gt; HTTP Service Layer &gt; should handle HTTP errors correctly" time="0.000408">
        </testcase>
        <testcase classname="test/services/ServiceLayer.test.ts" name="Service Layer with Mocked APIs &gt; HTTP Service Layer &gt; should handle different response status codes" time="0.0003227">
        </testcase>
        <testcase classname="test/services/ServiceLayer.test.ts" name="Service Layer with Mocked APIs &gt; Trello Service Layer &gt; should create cards correctly" time="0.0004487">
        </testcase>
        <testcase classname="test/services/ServiceLayer.test.ts" name="Service Layer with Mocked APIs &gt; Trello Service Layer &gt; should create boards correctly" time="0.0004941">
        </testcase>
        <testcase classname="test/services/ServiceLayer.test.ts" name="Service Layer with Mocked APIs &gt; Trello Service Layer &gt; should handle Trello API errors" time="0.0003867">
        </testcase>
        <testcase classname="test/services/ServiceLayer.test.ts" name="Service Layer with Mocked APIs &gt; Service Integration and Error Handling &gt; should handle service timeouts" time="0.0003564">
        </testcase>
        <testcase classname="test/services/ServiceLayer.test.ts" name="Service Layer with Mocked APIs &gt; Service Integration and Error Handling &gt; should handle network connectivity issues" time="0.0003503">
        </testcase>
        <testcase classname="test/services/ServiceLayer.test.ts" name="Service Layer with Mocked APIs &gt; Service Integration and Error Handling &gt; should handle malformed API responses" time="0.000253">
        </testcase>
        <testcase classname="test/services/ServiceLayer.test.ts" name="Service Layer with Mocked APIs &gt; Service Integration and Error Handling &gt; should handle concurrent service calls" time="0.000443">
        </testcase>
        <testcase classname="test/services/ServiceLayer.test.ts" name="Service Layer with Mocked APIs &gt; Service Integration and Error Handling &gt; should handle rate limiting" time="0.0003329">
        </testcase>
        <testcase classname="test/services/ServiceLayer.test.ts" name="Service Layer with Mocked APIs &gt; Service Performance and Monitoring &gt; should track service call performance" time="0.0003394">
        </testcase>
        <testcase classname="test/services/ServiceLayer.test.ts" name="Service Layer with Mocked APIs &gt; Service Performance and Monitoring &gt; should handle large payloads efficiently" time="0.0136903">
        </testcase>
        <testcase classname="test/services/ServiceLayer.test.ts" name="Service Layer with Mocked APIs &gt; Service Performance and Monitoring &gt; should maintain service call isolation" time="0.0006971">
        </testcase>
    </testsuite>
    <testsuite name="test/ui/WorkflowBuilder.test.tsx" timestamp="2025-10-12T03:32:33.880Z" hostname="1000D" tests="1" failures="1" errors="0" skipped="0" time="0">
        <testcase classname="test/ui/WorkflowBuilder.test.tsx" name="test/ui/WorkflowBuilder.test.tsx" time="0">
            <failure message="Failed to resolve import &quot;../../src/components/WorkflowBuilder&quot; from &quot;test/ui/WorkflowBuilder.test.tsx&quot;. Does the file exist?" type="Error">
Error: Failed to resolve import &quot;../../src/components/WorkflowBuilder&quot; from &quot;test/ui/WorkflowBuilder.test.tsx&quot;. Does the file exist?
  Plugin: vite:import-analysis
  File: C:/Users/Todd/aws-ai-agent-bus/dashboard-ui/test/ui/WorkflowBuilder.test.tsx:7:28
  3  |  import { render, screen, fireEvent, waitFor, within } from &quot;@solidjs/testing-library&quot;;
  4  |  import { createSignal } from &quot;solid-js&quot;;
  5  |  import WorkflowBuilder from &quot;../../src/components/WorkflowBuilder&quot;;
     |                               ^
  6  |  import { TaskRegistry } from &quot;../../src/workflow/TaskRegistry&quot;;
  7  |  import { registerAllTasks } from &quot;../../src/workflow/tasks&quot;;
 ❯ TransformPluginContext._formatLog ../node_modules/vite/dist/node/chunks/dep-M_KD0XSK.js:31527:43
 ❯ TransformPluginContext.error ../node_modules/vite/dist/node/chunks/dep-M_KD0XSK.js:31524:14
 ❯ normalizeUrl ../node_modules/vite/dist/node/chunks/dep-M_KD0XSK.js:29996:18
 ❯ ../node_modules/vite/dist/node/chunks/dep-M_KD0XSK.js:30054:32
 ❯ TransformPluginContext.transform ../node_modules/vite/dist/node/chunks/dep-M_KD0XSK.js:30022:4
 ❯ EnvironmentPluginContainer.transform ../node_modules/vite/dist/node/chunks/dep-M_KD0XSK.js:31325:14
 ❯ loadAndTransform ../node_modules/vite/dist/node/chunks/dep-M_KD0XSK.js:26407:26
            </failure>
        </testcase>
    </testsuite>
    <testsuite name="test/workflow/EndToEndWorkflow.test.ts" timestamp="2025-10-12T03:32:33.880Z" hostname="1000D" tests="10" failures="9" errors="0" skipped="0" time="0.03462">
        <testcase classname="test/workflow/EndToEndWorkflow.test.ts" name="End-to-End Workflow Execution &gt; simple linear workflows &gt; should execute a basic analytics reporting workflow" time="0.0109463">
            <system-out>
Registered task: trigger (Input/Output)
Registered task: output (Core)
Registered task: person (Core)
Registered task: http-get (HTTP/API)
Registered task: http-post (HTTP/API)
Registered task: http-put (HTTP/API)
Registered task: http-delete (HTTP/API)
Registered task: json-parse (Data Processing)
Registered task: json-stringify (Data Processing)
Registered task: merge (Data Processing)
Registered task: transform (Data Processing)
Registered task: map (Data)
Registered task: reduce (Data)
Registered task: split (Data)
Registered task: join (Data)
Registered task: group-by (Data)
Registered task: flatten (Data)
Registered task: template (Data)
Registered task: validate (Data)
Registered task: webhook (Integration)
Registered task: conditional (Data Processing)
Registered task: switch (Data Processing)
Registered task: loop (Data Processing)
Registered task: filter (Data Processing)
Registered task: delay (Data Processing)
Registered task: parallel (Data Processing)
Registered task: retry (Logic)
Registered task: agent-conductor (Agent System)
✅ Registered 28 workflow tasks

            </system-out>
            <failure message="Workflow validation failed: Unknown task type: ga-top-pages (node: get-pages), Unknown task type: kv-set (node: store-summary), Unknown task type: events-send (node: send-event)" type="WorkflowValidationError">
WorkflowValidationError: Workflow validation failed: Unknown task type: ga-top-pages (node: get-pages), Unknown task type: kv-set (node: store-summary), Unknown task type: events-send (node: send-event)
 ❯ ModularWorkflowEngine.validateWorkflow src/workflow/WorkflowEngine.ts:184:13
 ❯ ModularWorkflowEngine.executeWorkflow src/workflow/WorkflowEngine.ts:48:18
 ❯ test/workflow/EndToEndWorkflow.test.ts:348:43

⎯⎯⎯⎯⎯⎯⎯⎯⎯⎯⎯⎯⎯⎯⎯⎯⎯⎯⎯⎯⎯⎯⎯⎯⎯⎯⎯⎯⎯⎯
Serialized Error: { code: &apos;WORKFLOW_VALIDATION_ERROR&apos;, details: { workflowId: &apos;Basic Analytics Report&apos;, validationErrors: [ &apos;Unknown task type: ga-top-pages (node: get-pages)&apos;, &apos;Unknown task type: kv-set (node: store-summary)&apos;, &apos;Unknown task type: events-send (node: send-event)&apos; ] }, workflowId: &apos;Basic Analytics Report&apos;, validationErrors: [ &apos;Unknown task type: ga-top-pages (node: get-pages)&apos;, &apos;Unknown task type: kv-set (node: store-summary)&apos;, &apos;Unknown task type: events-send (node: send-event)&apos; ] }
            </failure>
        </testcase>
        <testcase classname="test/workflow/EndToEndWorkflow.test.ts" name="End-to-End Workflow Execution &gt; simple linear workflows &gt; should handle HTTP data fetching workflow" time="0.001133">
            <system-out>
Registered task: trigger (Input/Output)
Registered task: output (Core)
Registered task: person (Core)
Registered task: http-get (HTTP/API)
Registered task: http-post (HTTP/API)
Registered task: http-put (HTTP/API)
Registered task: http-delete (HTTP/API)
Registered task: json-parse (Data Processing)
Registered task: json-stringify (Data Processing)
Registered task: merge (Data Processing)
Registered task: transform (Data Processing)
Registered task: map (Data)
Registered task: reduce (Data)
Registered task: split (Data)
Registered task: join (Data)
Registered task: group-by (Data)
Registered task: flatten (Data)
Registered task: template (Data)
Registered task: validate (Data)
Registered task: webhook (Integration)
Registered task: conditional (Data Processing)
Registered task: switch (Data Processing)
Registered task: loop (Data Processing)
Registered task: filter (Data Processing)
Registered task: delay (Data Processing)
Registered task: parallel (Data Processing)
Registered task: retry (Logic)
Registered task: agent-conductor (Agent System)
✅ Registered 28 workflow tasks

            </system-out>
            <failure message="Workflow validation failed: Unknown task type: artifacts-put (node: store-artifact)" type="WorkflowValidationError">
WorkflowValidationError: Workflow validation failed: Unknown task type: artifacts-put (node: store-artifact)
 ❯ ModularWorkflowEngine.validateWorkflow src/workflow/WorkflowEngine.ts:184:13
 ❯ ModularWorkflowEngine.executeWorkflow src/workflow/WorkflowEngine.ts:48:18
 ❯ test/workflow/EndToEndWorkflow.test.ts:444:43

⎯⎯⎯⎯⎯⎯⎯⎯⎯⎯⎯⎯⎯⎯⎯⎯⎯⎯⎯⎯⎯⎯⎯⎯⎯⎯⎯⎯⎯⎯
Serialized Error: { code: &apos;WORKFLOW_VALIDATION_ERROR&apos;, details: { workflowId: &apos;HTTP Data Pipeline&apos;, validationErrors: [ &apos;Unknown task type: artifacts-put (node: store-artifact)&apos; ] }, workflowId: &apos;HTTP Data Pipeline&apos;, validationErrors: [ &apos;Unknown task type: artifacts-put (node: store-artifact)&apos; ] }
            </failure>
        </testcase>
        <testcase classname="test/workflow/EndToEndWorkflow.test.ts" name="End-to-End Workflow Execution &gt; parallel and branching workflows &gt; should execute parallel analytics branches" time="0.0008521">
            <system-out>
Registered task: trigger (Input/Output)
Registered task: output (Core)
Registered task: person (Core)
Registered task: http-get (HTTP/API)
Registered task: http-post (HTTP/API)
Registered task: http-put (HTTP/API)
Registered task: http-delete (HTTP/API)
Registered task: json-parse (Data Processing)
Registered task: json-stringify (Data Processing)
Registered task: merge (Data Processing)
Registered task: transform (Data Processing)
Registered task: map (Data)
Registered task: reduce (Data)
Registered task: split (Data)
Registered task: join (Data)
Registered task: group-by (Data)
Registered task: flatten (Data)
Registered task: template (Data)
Registered task: validate (Data)
Registered task: webhook (Integration)
Registered task: conditional (Data Processing)
Registered task: switch (Data Processing)
Registered task: loop (Data Processing)
Registered task: filter (Data Processing)
Registered task: delay (Data Processing)
Registered task: parallel (Data Processing)
Registered task: retry (Logic)
Registered task: agent-conductor (Agent System)
✅ Registered 28 workflow tasks

            </system-out>
            <failure message="Workflow validation failed: Unknown task type: ga-top-pages (node: ga-pages), Unknown task type: kv-set (node: store-pages), Unknown task type: ga-search-data (node: ga-search), Unknown task type: kv-set (node: store-search), Unknown task type: artifacts-put (node: create-report)" type="WorkflowValidationError">
WorkflowValidationError: Workflow validation failed: Unknown task type: ga-top-pages (node: ga-pages), Unknown task type: kv-set (node: store-pages), Unknown task type: ga-search-data (node: ga-search), Unknown task type: kv-set (node: store-search), Unknown task type: artifacts-put (node: create-report)
 ❯ ModularWorkflowEngine.validateWorkflow src/workflow/WorkflowEngine.ts:184:13
 ❯ ModularWorkflowEngine.executeWorkflow src/workflow/WorkflowEngine.ts:48:18
 ❯ test/workflow/EndToEndWorkflow.test.ts:540:43

⎯⎯⎯⎯⎯⎯⎯⎯⎯⎯⎯⎯⎯⎯⎯⎯⎯⎯⎯⎯⎯⎯⎯⎯⎯⎯⎯⎯⎯⎯
Serialized Error: { code: &apos;WORKFLOW_VALIDATION_ERROR&apos;, details: { workflowId: &apos;Parallel Analytics Processing&apos;, validationErrors: [ &apos;Unknown task type: ga-top-pages (node: ga-pages)&apos;, &apos;Unknown task type: kv-set (node: store-pages)&apos;, &apos;Unknown task type: ga-search-data (node: ga-search)&apos;, &apos;Unknown task type: kv-set (node: store-search)&apos;, &apos;Unknown task type: artifacts-put (node: create-report)&apos; ] }, workflowId: &apos;Parallel Analytics Processing&apos;, validationErrors: [ &apos;Unknown task type: ga-top-pages (node: ga-pages)&apos;, &apos;Unknown task type: kv-set (node: store-pages)&apos;, &apos;Unknown task type: ga-search-data (node: ga-search)&apos;, &apos;Unknown task type: kv-set (node: store-search)&apos;, &apos;Unknown task type: artifacts-put (node: create-report)&apos; ] }
            </failure>
        </testcase>
        <testcase classname="test/workflow/EndToEndWorkflow.test.ts" name="End-to-End Workflow Execution &gt; parallel and branching workflows &gt; should handle complex conditional workflows" time="0.0008398">
            <system-out>
Registered task: trigger (Input/Output)
Registered task: output (Core)
Registered task: person (Core)
Registered task: http-get (HTTP/API)
Registered task: http-post (HTTP/API)
Registered task: http-put (HTTP/API)
Registered task: http-delete (HTTP/API)
Registered task: json-parse (Data Processing)
Registered task: json-stringify (Data Processing)
Registered task: merge (Data Processing)
Registered task: transform (Data Processing)
Registered task: map (Data)
Registered task: reduce (Data)
Registered task: split (Data)
Registered task: join (Data)
Registered task: group-by (Data)
Registered task: flatten (Data)
Registered task: template (Data)
Registered task: validate (Data)
Registered task: webhook (Integration)
Registered task: conditional (Data Processing)
Registered task: switch (Data Processing)
Registered task: loop (Data Processing)
Registered task: filter (Data Processing)
Registered task: delay (Data Processing)
Registered task: parallel (Data Processing)
Registered task: retry (Logic)
Registered task: agent-conductor (Agent System)
✅ Registered 28 workflow tasks

            </system-out>
            <failure message="Workflow validation failed: Unknown task type: kv-set (node: store-status), Unknown task type: ga-top-pages (node: prod-analytics), Unknown task type: events-send (node: maintenance-event)" type="WorkflowValidationError">
WorkflowValidationError: Workflow validation failed: Unknown task type: kv-set (node: store-status), Unknown task type: ga-top-pages (node: prod-analytics), Unknown task type: events-send (node: maintenance-event)
 ❯ ModularWorkflowEngine.validateWorkflow src/workflow/WorkflowEngine.ts:184:13
 ❯ ModularWorkflowEngine.executeWorkflow src/workflow/WorkflowEngine.ts:48:18
 ❯ test/workflow/EndToEndWorkflow.test.ts:651:43

⎯⎯⎯⎯⎯⎯⎯⎯⎯⎯⎯⎯⎯⎯⎯⎯⎯⎯⎯⎯⎯⎯⎯⎯⎯⎯⎯⎯⎯⎯
Serialized Error: { code: &apos;WORKFLOW_VALIDATION_ERROR&apos;, details: { workflowId: &apos;Conditional Processing Workflow&apos;, validationErrors: [ &apos;Unknown task type: kv-set (node: store-status)&apos;, &apos;Unknown task type: ga-top-pages (node: prod-analytics)&apos;, &apos;Unknown task type: events-send (node: maintenance-event)&apos; ] }, workflowId: &apos;Conditional Processing Workflow&apos;, validationErrors: [ &apos;Unknown task type: kv-set (node: store-status)&apos;, &apos;Unknown task type: ga-top-pages (node: prod-analytics)&apos;, &apos;Unknown task type: events-send (node: maintenance-event)&apos; ] }
            </failure>
        </testcase>
        <testcase classname="test/workflow/EndToEndWorkflow.test.ts" name="End-to-End Workflow Execution &gt; data transformation workflows &gt; should transform and aggregate data across multiple sources" time="0.0007612">
            <system-out>
Registered task: trigger (Input/Output)
Registered task: output (Core)
Registered task: person (Core)
Registered task: http-get (HTTP/API)
Registered task: http-post (HTTP/API)
Registered task: http-put (HTTP/API)
Registered task: http-delete (HTTP/API)
Registered task: json-parse (Data Processing)
Registered task: json-stringify (Data Processing)
Registered task: merge (Data Processing)
Registered task: transform (Data Processing)
Registered task: map (Data)
Registered task: reduce (Data)
Registered task: split (Data)
Registered task: join (Data)
Registered task: group-by (Data)
Registered task: flatten (Data)
Registered task: template (Data)
Registered task: validate (Data)
Registered task: webhook (Integration)
Registered task: conditional (Data Processing)
Registered task: switch (Data Processing)
Registered task: loop (Data Processing)
Registered task: filter (Data Processing)
Registered task: delay (Data Processing)
Registered task: parallel (Data Processing)
Registered task: retry (Logic)
Registered task: agent-conductor (Agent System)
✅ Registered 28 workflow tasks

            </system-out>
            <failure message="Workflow validation failed: Unknown task type: ga-top-pages (node: collect-pages), Unknown task type: ga-search-data (node: collect-search), Unknown task type: artifacts-put (node: store-pages-json), Unknown task type: artifacts-put (node: store-search-json), Unknown task type: artifacts-put (node: aggregate-report), Unknown task type: events-send (node: notify-complete)" type="WorkflowValidationError">
WorkflowValidationError: Workflow validation failed: Unknown task type: ga-top-pages (node: collect-pages), Unknown task type: ga-search-data (node: collect-search), Unknown task type: artifacts-put (node: store-pages-json), Unknown task type: artifacts-put (node: store-search-json), Unknown task type: artifacts-put (node: aggregate-report), Unknown task type: events-send (node: notify-complete)
 ❯ ModularWorkflowEngine.validateWorkflow src/workflow/WorkflowEngine.ts:184:13
 ❯ ModularWorkflowEngine.executeWorkflow src/workflow/WorkflowEngine.ts:48:18
 ❯ test/workflow/EndToEndWorkflow.test.ts:800:43

⎯⎯⎯⎯⎯⎯⎯⎯⎯⎯⎯⎯⎯⎯⎯⎯⎯⎯⎯⎯⎯⎯⎯⎯⎯⎯⎯⎯⎯⎯
Serialized Error: { code: &apos;WORKFLOW_VALIDATION_ERROR&apos;, details: { workflowId: &apos;Data Transformation Pipeline&apos;, validationErrors: [ &apos;Unknown task type: ga-top-pages (node: collect-pages)&apos;, &apos;Unknown task type: ga-search-data (node: collect-search)&apos;, &apos;Unknown task type: artifacts-put (node: store-pages-json)&apos;, &apos;Unknown task type: artifacts-put (node: store-search-json)&apos;, &apos;Unknown task type: artifacts-put (node: aggregate-report)&apos;, &apos;Unknown task type: events-send (node: notify-complete)&apos; ] }, workflowId: &apos;Data Transformation Pipeline&apos;, validationErrors: [ &apos;Unknown task type: ga-top-pages (node: collect-pages)&apos;, &apos;Unknown task type: ga-search-data (node: collect-search)&apos;, &apos;Unknown task type: artifacts-put (node: store-pages-json)&apos;, &apos;Unknown task type: artifacts-put (node: store-search-json)&apos;, &apos;Unknown task type: artifacts-put (node: aggregate-report)&apos;, &apos;Unknown task type: events-send (node: notify-complete)&apos; ] }
            </failure>
        </testcase>
        <testcase classname="test/workflow/EndToEndWorkflow.test.ts" name="End-to-End Workflow Execution &gt; error handling and recovery &gt; should handle task failures gracefully" time="0.0025264">
            <system-out>
Registered task: trigger (Input/Output)
Registered task: output (Core)
Registered task: person (Core)
Registered task: http-get (HTTP/API)
Registered task: http-post (HTTP/API)
Registered task: http-put (HTTP/API)
Registered task: http-delete (HTTP/API)
Registered task: json-parse (Data Processing)
Registered task: json-stringify (Data Processing)
Registered task: merge (Data Processing)
Registered task: transform (Data Processing)
Registered task: map (Data)
Registered task: reduce (Data)
Registered task: split (Data)
Registered task: join (Data)
Registered task: group-by (Data)
Registered task: flatten (Data)
Registered task: template (Data)
Registered task: validate (Data)
Registered task: webhook (Integration)
Registered task: conditional (Data Processing)
Registered task: switch (Data Processing)
Registered task: loop (Data Processing)
Registered task: filter (Data Processing)
Registered task: delay (Data Processing)
Registered task: parallel (Data Processing)
Registered task: retry (Logic)
Registered task: agent-conductor (Agent System)
✅ Registered 28 workflow tasks

            </system-out>
        </testcase>
        <testcase classname="test/workflow/EndToEndWorkflow.test.ts" name="End-to-End Workflow Execution &gt; error handling and recovery &gt; should timeout long-running workflows" time="0.0108122">
            <system-out>
Registered task: trigger (Input/Output)
Registered task: output (Core)
Registered task: person (Core)
Registered task: http-get (HTTP/API)
Registered task: http-post (HTTP/API)
Registered task: http-put (HTTP/API)
Registered task: http-delete (HTTP/API)
Registered task: json-parse (Data Processing)
Registered task: json-stringify (Data Processing)
Registered task: merge (Data Processing)
Registered task: transform (Data Processing)
Registered task: map (Data)
Registered task: reduce (Data)
Registered task: split (Data)
Registered task: join (Data)
Registered task: group-by (Data)
Registered task: flatten (Data)
Registered task: template (Data)
Registered task: validate (Data)
Registered task: webhook (Integration)
Registered task: conditional (Data Processing)
Registered task: switch (Data Processing)
Registered task: loop (Data Processing)
Registered task: filter (Data Processing)
Registered task: delay (Data Processing)
Registered task: parallel (Data Processing)
Registered task: retry (Logic)
Registered task: agent-conductor (Agent System)
✅ Registered 28 workflow tasks

            </system-out>
            <failure message="promise resolved &quot;{ …(10) }&quot; instead of rejecting" type="AssertionError">
AssertionError: promise resolved &quot;{ …(10) }&quot; instead of rejecting

- Expected
+ Received

- Error {
-   &quot;message&quot;: &quot;rejected promise&quot;,
+ {
+   &quot;duration&quot;: 2,
+   &quot;endTime&quot;: &quot;2025-10-12T03:32:30.028Z&quot;,
+   &quot;errors&quot;: [
+     {
+       &quot;code&quot;: &quot;VALIDATION_ERROR&quot;,
+       &quot;details&quot;: {
+         &quot;validationErrors&quot;: [
+           &quot;Timeout must be at least 1000ms&quot;,
+         ],
+       },
+       &quot;message&quot;: &quot;Node validation failed: Timeout must be at least 1000ms&quot;,
+       &quot;nodeId&quot;: &quot;slow-request&quot;,
+       &quot;nodeType&quot;: &quot;http-get&quot;,
+       &quot;stack&quot;: &quot;ValidationError: Node validation failed: Timeout must be at least 1000ms
+     at ModularWorkflowEngine.executeNode (C:\\Users\\Todd\\aws-ai-agent-bus\\dashboard-ui\\src\\workflow\\WorkflowEngine.ts:270:17)
+     at ModularWorkflowEngine.executeNodes (C:\\Users\\Todd\\aws-ai-agent-bus\\dashboard-ui\\src\\workflow\\WorkflowEngine.ts:211:35)
+     at processTicksAndRejections (node:internal/process/task_queues:105:5)
+     at ModularWorkflowEngine.executeWorkflow (C:\\Users\\Todd\\aws-ai-agent-bus\\dashboard-ui\\src\\workflow\\WorkflowEngine.ts:68:22)
+     at C:\\Users\\Todd\\aws-ai-agent-bus\\dashboard-ui\\test\\workflow\\EndToEndWorkflow.test.ts:938:7
+     at file:///C:/Users/Todd/aws-ai-agent-bus/node_modules/@vitest/runner/dist/chunk-hooks.js:752:20&quot;,
+       &quot;timestamp&quot;: &quot;2025-10-12T03:32:30.028Z&quot;,
+     },
+   ],
+   &quot;executionId&quot;: &quot;exec_1760239950026_7vss50mis&quot;,
+   &quot;metadata&quot;: {},
+   &quot;nodesExecuted&quot;: 1,
+   &quot;results&quot;: {
+     &quot;start&quot;: {
+       &quot;data&quot;: undefined,
+       &quot;description&quot;: undefined,
+       &quot;executionId&quot;: &quot;exec_1760239950026_7vss50mis&quot;,
+       &quot;name&quot;: &quot;Workflow Trigger&quot;,
+       &quot;status&quot;: &quot;triggered&quot;,
+       &quot;timestamp&quot;: &quot;2025-10-12T03:32:30.027Z&quot;,
+     },
+   },
+   &quot;startTime&quot;: &quot;2025-10-12T03:32:30.026Z&quot;,
+   &quot;status&quot;: &quot;failed&quot;,
+   &quot;workflowId&quot;: &quot;Timeout Test&quot;,
  }

 ❯ test/workflow/EndToEndWorkflow.test.ts:938:60
            </failure>
        </testcase>
        <testcase classname="test/workflow/EndToEndWorkflow.test.ts" name="End-to-End Workflow Execution &gt; performance and scalability &gt; should handle workflows with many nodes efficiently" time="0.0015328">
            <system-out>
Registered task: trigger (Input/Output)
Registered task: output (Core)
Registered task: person (Core)
Registered task: http-get (HTTP/API)
Registered task: http-post (HTTP/API)
Registered task: http-put (HTTP/API)
Registered task: http-delete (HTTP/API)
Registered task: json-parse (Data Processing)
Registered task: json-stringify (Data Processing)
Registered task: merge (Data Processing)
Registered task: transform (Data Processing)
Registered task: map (Data)
Registered task: reduce (Data)
Registered task: split (Data)
Registered task: join (Data)
Registered task: group-by (Data)
Registered task: flatten (Data)
Registered task: template (Data)
Registered task: validate (Data)
Registered task: webhook (Integration)
Registered task: conditional (Data Processing)
Registered task: switch (Data Processing)
Registered task: loop (Data Processing)
Registered task: filter (Data Processing)
Registered task: delay (Data Processing)
Registered task: parallel (Data Processing)
Registered task: retry (Logic)
Registered task: agent-conductor (Agent System)
✅ Registered 28 workflow tasks

            </system-out>
            <failure message="Workflow validation failed: Unknown task type: kv-set (node: kv-0), Unknown task type: kv-set (node: kv-1), Unknown task type: kv-set (node: kv-2), Unknown task type: kv-set (node: kv-3), Unknown task type: kv-set (node: kv-4), Unknown task type: kv-set (node: kv-5), Unknown task type: kv-set (node: kv-6), Unknown task type: kv-set (node: kv-7), Unknown task type: kv-set (node: kv-8), Unknown task type: kv-set (node: kv-9), Unknown task type: kv-set (node: kv-10), Unknown task type: kv-set (node: kv-11), Unknown task type: kv-set (node: kv-12), Unknown task type: kv-set (node: kv-13), Unknown task type: kv-set (node: kv-14), Unknown task type: kv-set (node: kv-15), Unknown task type: kv-set (node: kv-16), Unknown task type: kv-set (node: kv-17), Unknown task type: kv-set (node: kv-18), Unknown task type: kv-set (node: kv-19), Unknown task type: kv-set (node: kv-20), Unknown task type: kv-set (node: kv-21), Unknown task type: kv-set (node: kv-22), Unknown task type: kv-set (node: kv-23), Unknown task type: kv-set (node: kv-24), Unknown task type: kv-set (node: kv-25), Unknown task type: kv-set (node: kv-26), Unknown task type: kv-set (node: kv-27), Unknown task type: kv-set (node: kv-28), Unknown task type: kv-set (node: kv-29), Unknown task type: kv-set (node: kv-30), Unknown task type: kv-set (node: kv-31), Unknown task type: kv-set (node: kv-32), Unknown task type: kv-set (node: kv-33), Unknown task type: kv-set (node: kv-34), Unknown task type: kv-set (node: kv-35), Unknown task type: kv-set (node: kv-36), Unknown task type: kv-set (node: kv-37), Unknown task type: kv-set (node: kv-38), Unknown task type: kv-set (node: kv-39), Unknown task type: kv-set (node: kv-40), Unknown task type: kv-set (node: kv-41), Unknown task type: kv-set (node: kv-42), Unknown task type: kv-set (node: kv-43), Unknown task type: kv-set (node: kv-44), Unknown task type: kv-set (node: kv-45), Unknown task type: kv-set (node: kv-46), Unknown task type: kv-set (node: kv-47), Unknown task type: kv-set (node: kv-48), Unknown task type: kv-set (node: kv-49)" type="WorkflowValidationError">
WorkflowValidationError: Workflow validation failed: Unknown task type: kv-set (node: kv-0), Unknown task type: kv-set (node: kv-1), Unknown task type: kv-set (node: kv-2), Unknown task type: kv-set (node: kv-3), Unknown task type: kv-set (node: kv-4), Unknown task type: kv-set (node: kv-5), Unknown task type: kv-set (node: kv-6), Unknown task type: kv-set (node: kv-7), Unknown task type: kv-set (node: kv-8), Unknown task type: kv-set (node: kv-9), Unknown task type: kv-set (node: kv-10), Unknown task type: kv-set (node: kv-11), Unknown task type: kv-set (node: kv-12), Unknown task type: kv-set (node: kv-13), Unknown task type: kv-set (node: kv-14), Unknown task type: kv-set (node: kv-15), Unknown task type: kv-set (node: kv-16), Unknown task type: kv-set (node: kv-17), Unknown task type: kv-set (node: kv-18), Unknown task type: kv-set (node: kv-19), Unknown task type: kv-set (node: kv-20), Unknown task type: kv-set (node: kv-21), Unknown task type: kv-set (node: kv-22), Unknown task type: kv-set (node: kv-23), Unknown task type: kv-set (node: kv-24), Unknown task type: kv-set (node: kv-25), Unknown task type: kv-set (node: kv-26), Unknown task type: kv-set (node: kv-27), Unknown task type: kv-set (node: kv-28), Unknown task type: kv-set (node: kv-29), Unknown task type: kv-set (node: kv-30), Unknown task type: kv-set (node: kv-31), Unknown task type: kv-set (node: kv-32), Unknown task type: kv-set (node: kv-33), Unknown task type: kv-set (node: kv-34), Unknown task type: kv-set (node: kv-35), Unknown task type: kv-set (node: kv-36), Unknown task type: kv-set (node: kv-37), Unknown task type: kv-set (node: kv-38), Unknown task type: kv-set (node: kv-39), Unknown task type: kv-set (node: kv-40), Unknown task type: kv-set (node: kv-41), Unknown task type: kv-set (node: kv-42), Unknown task type: kv-set (node: kv-43), Unknown task type: kv-set (node: kv-44), Unknown task type: kv-set (node: kv-45), Unknown task type: kv-set (node: kv-46), Unknown task type: kv-set (node: kv-47), Unknown task type: kv-set (node: kv-48), Unknown task type: kv-set (node: kv-49)
 ❯ ModularWorkflowEngine.validateWorkflow src/workflow/WorkflowEngine.ts:184:13
 ❯ ModularWorkflowEngine.executeWorkflow src/workflow/WorkflowEngine.ts:48:18
 ❯ test/workflow/EndToEndWorkflow.test.ts:985:43

⎯⎯⎯⎯⎯⎯⎯⎯⎯⎯⎯⎯⎯⎯⎯⎯⎯⎯⎯⎯⎯⎯⎯⎯⎯⎯⎯⎯⎯⎯
Serialized Error: { code: &apos;WORKFLOW_VALIDATION_ERROR&apos;, details: { workflowId: &apos;Large Workflow Performance Test&apos;, validationErrors: [ &apos;Unknown task type: kv-set (node: kv-0)&apos;, &apos;Unknown task type: kv-set (node: kv-1)&apos;, &apos;Unknown task type: kv-set (node: kv-2)&apos;, &apos;Unknown task type: kv-set (node: kv-3)&apos;, &apos;Unknown task type: kv-set (node: kv-4)&apos;, &apos;Unknown task type: kv-set (node: kv-5)&apos;, &apos;Unknown task type: kv-set (node: kv-6)&apos;, &apos;Unknown task type: kv-set (node: kv-7)&apos;, &apos;Unknown task type: kv-set (node: kv-8)&apos;, &apos;Unknown task type: kv-set (node: kv-9)&apos;, &apos;Unknown task type: kv-set (node: kv-10)&apos;, &apos;Unknown task type: kv-set (node: kv-11)&apos;, &apos;Unknown task type: kv-set (node: kv-12)&apos;, &apos;Unknown task type: kv-set (node: kv-13)&apos;, &apos;Unknown task type: kv-set (node: kv-14)&apos;, &apos;Unknown task type: kv-set (node: kv-15)&apos;, &apos;Unknown task type: kv-set (node: kv-16)&apos;, &apos;Unknown task type: kv-set (node: kv-17)&apos;, &apos;Unknown task type: kv-set (node: kv-18)&apos;, &apos;Unknown task type: kv-set (node: kv-19)&apos;, &apos;Unknown task type: kv-set (node: kv-20)&apos;, &apos;Unknown task type: kv-set (node: kv-21)&apos;, &apos;Unknown task type: kv-set (node: kv-22)&apos;, &apos;Unknown task type: kv-set (node: kv-23)&apos;, &apos;Unknown task type: kv-set (node: kv-24)&apos;, &apos;Unknown task type: kv-set (node: kv-25)&apos;, &apos;Unknown task type: kv-set (node: kv-26)&apos;, &apos;Unknown task type: kv-set (node: kv-27)&apos;, &apos;Unknown task type: kv-set (node: kv-28)&apos;, &apos;Unknown task type: kv-set (node: kv-29)&apos;, &apos;Unknown task type: kv-set (node: kv-30)&apos;, &apos;Unknown task type: kv-set (node: kv-31)&apos;, &apos;Unknown task type: kv-set (node: kv-32)&apos;, &apos;Unknown task type: kv-set (node: kv-33)&apos;, &apos;Unknown task type: kv-set (node: kv-34)&apos;, &apos;Unknown task type: kv-set (node: kv-35)&apos;, &apos;Unknown task type: kv-set (node: kv-36)&apos;, &apos;Unknown task type: kv-set (node: kv-37)&apos;, &apos;Unknown task type: kv-set (node: kv-38)&apos;, &apos;Unknown task type: kv-set (node: kv-39)&apos;, &apos;Unknown task type: kv-set (node: kv-40)&apos;, &apos;Unknown task type: kv-set (node: kv-41)&apos;, &apos;Unknown task type: kv-set (node: kv-42)&apos;, &apos;Unknown task type: kv-set (node: kv-43)&apos;, &apos;Unknown task type: kv-set (node: kv-44)&apos;, &apos;Unknown task type: kv-set (node: kv-45)&apos;, &apos;Unknown task type: kv-set (node: kv-46)&apos;, &apos;Unknown task type: kv-set (node: kv-47)&apos;, &apos;Unknown task type: kv-set (node: kv-48)&apos;, &apos;Unknown task type: kv-set (node: kv-49)&apos; ] }, workflowId: &apos;Large Workflow Performance Test&apos;, validationErrors: [ &apos;Unknown task type: kv-set (node: kv-0)&apos;, &apos;Unknown task type: kv-set (node: kv-1)&apos;, &apos;Unknown task type: kv-set (node: kv-2)&apos;, &apos;Unknown task type: kv-set (node: kv-3)&apos;, &apos;Unknown task type: kv-set (node: kv-4)&apos;, &apos;Unknown task type: kv-set (node: kv-5)&apos;, &apos;Unknown task type: kv-set (node: kv-6)&apos;, &apos;Unknown task type: kv-set (node: kv-7)&apos;, &apos;Unknown task type: kv-set (node: kv-8)&apos;, &apos;Unknown task type: kv-set (node: kv-9)&apos;, &apos;Unknown task type: kv-set (node: kv-10)&apos;, &apos;Unknown task type: kv-set (node: kv-11)&apos;, &apos;Unknown task type: kv-set (node: kv-12)&apos;, &apos;Unknown task type: kv-set (node: kv-13)&apos;, &apos;Unknown task type: kv-set (node: kv-14)&apos;, &apos;Unknown task type: kv-set (node: kv-15)&apos;, &apos;Unknown task type: kv-set (node: kv-16)&apos;, &apos;Unknown task type: kv-set (node: kv-17)&apos;, &apos;Unknown task type: kv-set (node: kv-18)&apos;, &apos;Unknown task type: kv-set (node: kv-19)&apos;, &apos;Unknown task type: kv-set (node: kv-20)&apos;, &apos;Unknown task type: kv-set (node: kv-21)&apos;, &apos;Unknown task type: kv-set (node: kv-22)&apos;, &apos;Unknown task type: kv-set (node: kv-23)&apos;, &apos;Unknown task type: kv-set (node: kv-24)&apos;, &apos;Unknown task type: kv-set (node: kv-25)&apos;, &apos;Unknown task type: kv-set (node: kv-26)&apos;, &apos;Unknown task type: kv-set (node: kv-27)&apos;, &apos;Unknown task type: kv-set (node: kv-28)&apos;, &apos;Unknown task type: kv-set (node: kv-29)&apos;, &apos;Unknown task type: kv-set (node: kv-30)&apos;, &apos;Unknown task type: kv-set (node: kv-31)&apos;, &apos;Unknown task type: kv-set (node: kv-32)&apos;, &apos;Unknown task type: kv-set (node: kv-33)&apos;, &apos;Unknown task type: kv-set (node: kv-34)&apos;, &apos;Unknown task type: kv-set (node: kv-35)&apos;, &apos;Unknown task type: kv-set (node: kv-36)&apos;, &apos;Unknown task type: kv-set (node: kv-37)&apos;, &apos;Unknown task type: kv-set (node: kv-38)&apos;, &apos;Unknown task type: kv-set (node: kv-39)&apos;, &apos;Unknown task type: kv-set (node: kv-40)&apos;, &apos;Unknown task type: kv-set (node: kv-41)&apos;, &apos;Unknown task type: kv-set (node: kv-42)&apos;, &apos;Unknown task type: kv-set (node: kv-43)&apos;, &apos;Unknown task type: kv-set (node: kv-44)&apos;, &apos;Unknown task type: kv-set (node: kv-45)&apos;, &apos;Unknown task type: kv-set (node: kv-46)&apos;, &apos;Unknown task type: kv-set (node: kv-47)&apos;, &apos;Unknown task type: kv-set (node: kv-48)&apos;, &apos;Unknown task type: kv-set (node: kv-49)&apos; ] }
            </failure>
        </testcase>
        <testcase classname="test/workflow/EndToEndWorkflow.test.ts" name="End-to-End Workflow Execution &gt; performance and scalability &gt; should handle concurrent workflow executions" time="0.002757">
            <system-out>
Registered task: trigger (Input/Output)
Registered task: output (Core)
Registered task: person (Core)
Registered task: http-get (HTTP/API)
Registered task: http-post (HTTP/API)
Registered task: http-put (HTTP/API)
Registered task: http-delete (HTTP/API)
Registered task: json-parse (Data Processing)
Registered task: json-stringify (Data Processing)
Registered task: merge (Data Processing)
Registered task: transform (Data Processing)
Registered task: map (Data)
Registered task: reduce (Data)
Registered task: split (Data)
Registered task: join (Data)
Registered task: group-by (Data)
Registered task: flatten (Data)
Registered task: template (Data)
Registered task: validate (Data)
Registered task: webhook (Integration)
Registered task: conditional (Data Processing)
Registered task: switch (Data Processing)
Registered task: loop (Data Processing)
Registered task: filter (Data Processing)
Registered task: delay (Data Processing)
Registered task: parallel (Data Processing)
Registered task: retry (Logic)
Registered task: agent-conductor (Agent System)
✅ Registered 28 workflow tasks

            </system-out>
            <failure message="Workflow validation failed: Unknown task type: kv-set (node: store-data), Unknown task type: events-send (node: send-event)" type="WorkflowValidationError">
WorkflowValidationError: Workflow validation failed: Unknown task type: kv-set (node: store-data), Unknown task type: events-send (node: send-event)
 ❯ ModularWorkflowEngine.validateWorkflow src/workflow/WorkflowEngine.ts:184:13
 ❯ ModularWorkflowEngine.executeWorkflow src/workflow/WorkflowEngine.ts:48:18
 ❯ test/workflow/EndToEndWorkflow.test.ts:1045:50
 ❯ test/workflow/EndToEndWorkflow.test.ts:1045:19

⎯⎯⎯⎯⎯⎯⎯⎯⎯⎯⎯⎯⎯⎯⎯⎯⎯⎯⎯⎯⎯⎯⎯⎯⎯⎯⎯⎯⎯⎯
Serialized Error: { code: &apos;WORKFLOW_VALIDATION_ERROR&apos;, details: { workflowId: &apos;Concurrent Workflow workflow-0&apos;, validationErrors: [ &apos;Unknown task type: kv-set (node: store-data)&apos;, &apos;Unknown task type: events-send (node: send-event)&apos; ] }, workflowId: &apos;Concurrent Workflow workflow-0&apos;, validationErrors: [ &apos;Unknown task type: kv-set (node: store-data)&apos;, &apos;Unknown task type: events-send (node: send-event)&apos; ] }
            </failure>
        </testcase>
        <testcase classname="test/workflow/EndToEndWorkflow.test.ts" name="End-to-End Workflow Execution &gt; workflow metadata and monitoring &gt; should track comprehensive execution metrics" time="0.0010333">
            <system-out>
Registered task: trigger (Input/Output)
Registered task: output (Core)
Registered task: person (Core)
Registered task: http-get (HTTP/API)
Registered task: http-post (HTTP/API)
Registered task: http-put (HTTP/API)
Registered task: http-delete (HTTP/API)
Registered task: json-parse (Data Processing)
Registered task: json-stringify (Data Processing)
Registered task: merge (Data Processing)
Registered task: transform (Data Processing)
Registered task: map (Data)
Registered task: reduce (Data)
Registered task: split (Data)
Registered task: join (Data)
Registered task: group-by (Data)
Registered task: flatten (Data)
Registered task: template (Data)
Registered task: validate (Data)
Registered task: webhook (Integration)
Registered task: conditional (Data Processing)
Registered task: switch (Data Processing)
Registered task: loop (Data Processing)
Registered task: filter (Data Processing)
Registered task: delay (Data Processing)
Registered task: parallel (Data Processing)
Registered task: retry (Logic)
Registered task: agent-conductor (Agent System)
✅ Registered 28 workflow tasks

            </system-out>
            <failure message="Workflow validation failed: Unknown task type: ga-top-pages (node: get-analytics), Unknown task type: kv-set (node: store-data)" type="WorkflowValidationError">
WorkflowValidationError: Workflow validation failed: Unknown task type: ga-top-pages (node: get-analytics), Unknown task type: kv-set (node: store-data)
 ❯ ModularWorkflowEngine.validateWorkflow src/workflow/WorkflowEngine.ts:184:13
 ❯ ModularWorkflowEngine.executeWorkflow src/workflow/WorkflowEngine.ts:48:18
 ❯ test/workflow/EndToEndWorkflow.test.ts:1112:43

⎯⎯⎯⎯⎯⎯⎯⎯⎯⎯⎯⎯⎯⎯⎯⎯⎯⎯⎯⎯⎯⎯⎯⎯⎯⎯⎯⎯⎯⎯
Serialized Error: { code: &apos;WORKFLOW_VALIDATION_ERROR&apos;, details: { workflowId: &apos;Metrics Tracking Test&apos;, validationErrors: [ &apos;Unknown task type: ga-top-pages (node: get-analytics)&apos;, &apos;Unknown task type: kv-set (node: store-data)&apos; ] }, workflowId: &apos;Metrics Tracking Test&apos;, validationErrors: [ &apos;Unknown task type: ga-top-pages (node: get-analytics)&apos;, &apos;Unknown task type: kv-set (node: store-data)&apos; ] }
            </failure>
        </testcase>
    </testsuite>
    <testsuite name="test/workflow/ModularWorkflowEngine.test.ts" timestamp="2025-10-12T03:32:33.885Z" hostname="1000D" tests="18" failures="5" errors="0" skipped="0" time="0.7446548">
        <testcase classname="test/workflow/ModularWorkflowEngine.test.ts" name="ModularWorkflowEngine &gt; constructor &gt; should create engine with required dependencies" time="0.0038785">
        </testcase>
        <testcase classname="test/workflow/ModularWorkflowEngine.test.ts" name="ModularWorkflowEngine &gt; constructor &gt; should initialize with empty execution history" time="0.001391">
        </testcase>
        <testcase classname="test/workflow/ModularWorkflowEngine.test.ts" name="ModularWorkflowEngine &gt; workflow validation &gt; should validate valid workflow" time="0.043083">
            <system-out>
Registered task: trigger (Testing)
Registered task: test-task (Testing)

            </system-out>
        </testcase>
        <testcase classname="test/workflow/ModularWorkflowEngine.test.ts" name="ModularWorkflowEngine &gt; workflow validation &gt; should reject workflow without trigger node" time="0.0081756">
        </testcase>
        <testcase classname="test/workflow/ModularWorkflowEngine.test.ts" name="ModularWorkflowEngine &gt; workflow validation &gt; should reject workflow with unknown task type" time="0.0006593">
        </testcase>
        <testcase classname="test/workflow/ModularWorkflowEngine.test.ts" name="ModularWorkflowEngine &gt; workflow validation &gt; should reject workflow with circular dependencies" time="0.0007488">
            <system-out>
Registered task: trigger (Testing)
Registered task: task-a (Testing)
Registered task: task-b (Testing)

            </system-out>
        </testcase>
        <testcase classname="test/workflow/ModularWorkflowEngine.test.ts" name="ModularWorkflowEngine &gt; workflow execution &gt; should execute simple workflow successfully" time="0.0367563">
            <system-out>
Registered task: trigger (Testing)
Registered task: test-task (Testing)

            </system-out>
        </testcase>
        <testcase classname="test/workflow/ModularWorkflowEngine.test.ts" name="ModularWorkflowEngine &gt; workflow execution &gt; should execute workflow in correct topological order" time="0.0620623">
            <system-out>
Registered task: trigger (Testing)
Registered task: task-a (Testing)
Registered task: task-b (Testing)
Registered task: task-c (Testing)

            </system-out>
        </testcase>
        <testcase classname="test/workflow/ModularWorkflowEngine.test.ts" name="ModularWorkflowEngine &gt; workflow execution &gt; should handle task failure gracefully" time="0.0366319">
            <system-out>
Registered task: trigger (Testing)
Registered task: failing-task (Testing)

            </system-out>
            <failure message="promise resolved &quot;{ …(10) }&quot; instead of rejecting" type="AssertionError">
AssertionError: promise resolved &quot;{ …(10) }&quot; instead of rejecting

- Expected
+ Received

- Error {
-   &quot;message&quot;: &quot;rejected promise&quot;,
+ {
+   &quot;duration&quot;: 31,
+   &quot;endTime&quot;: &quot;2025-10-12T03:32:29.459Z&quot;,
+   &quot;errors&quot;: [
+     {
+       &quot;code&quot;: &quot;NODE_EXECUTION_ERROR&quot;,
+       &quot;details&quot;: Error {
+         &quot;message&quot;: &quot;Mock task failing-task failed&quot;,
+       },
+       &quot;message&quot;: &quot;Mock task failing-task failed&quot;,
+       &quot;nodeId&quot;: &quot;fail-1&quot;,
+       &quot;nodeType&quot;: &quot;failing-task&quot;,
+       &quot;stack&quot;: &quot;Error: Mock task failing-task failed
+     at MockTask.execute (C:\\Users\\Todd\\aws-ai-agent-bus\\dashboard-ui\\test\\workflow\\ModularWorkflowEngine.test.ts:69:13)
+     at ModularWorkflowEngine.executeNode (C:\\Users\\Todd\\aws-ai-agent-bus\\dashboard-ui\\src\\workflow\\WorkflowEngine.ts:278:22)
+     at ModularWorkflowEngine.executeNodes (C:\\Users\\Todd\\aws-ai-agent-bus\\dashboard-ui\\src\\workflow\\WorkflowEngine.ts:211:24)
+     at ModularWorkflowEngine.executeWorkflow (C:\\Users\\Todd\\aws-ai-agent-bus\\dashboard-ui\\src\\workflow\\WorkflowEngine.ts:68:22)
+     at C:\\Users\\Todd\\aws-ai-agent-bus\\dashboard-ui\\test\\workflow\\ModularWorkflowEngine.test.ts:385:7
+     at file:///C:/Users/Todd/aws-ai-agent-bus/node_modules/@vitest/runner/dist/chunk-hooks.js:752:20&quot;,
+       &quot;timestamp&quot;: &quot;2025-10-12T03:32:29.459Z&quot;,
+     },
+   ],
+   &quot;executionId&quot;: &quot;exec_1760239949428_x558ip419&quot;,
+   &quot;metadata&quot;: {},
+   &quot;nodesExecuted&quot;: 1,
+   &quot;results&quot;: {
+     &quot;trigger-1&quot;: {
+       &quot;executionId&quot;: &quot;exec_1760239949428_x558ip419&quot;,
+       &quot;input&quot;: {},
+       &quot;nodeId&quot;: &quot;trigger-1&quot;,
+       &quot;result&quot;: &quot;trigger executed successfully&quot;,
+       &quot;taskType&quot;: &quot;trigger&quot;,
+       &quot;timestamp&quot;: &quot;2025-10-12T03:32:29.443Z&quot;,
+     },
+   },
+   &quot;startTime&quot;: &quot;2025-10-12T03:32:29.428Z&quot;,
+   &quot;status&quot;: &quot;failed&quot;,
+   &quot;workflowId&quot;: &quot;Failing Workflow&quot;,
  }

 ❯ test/workflow/ModularWorkflowEngine.test.ts:385:52
            </failure>
        </testcase>
        <testcase classname="test/workflow/ModularWorkflowEngine.test.ts" name="ModularWorkflowEngine &gt; workflow execution &gt; should emit workflow events during execution" time="0.0441638">
            <system-out>
Registered task: trigger (Testing)
Registered task: test-task (Testing)

            </system-out>
            <failure message="expected [ { event: &apos;started&apos;, …(1) }, …(5) ] to have a length of 5 but got 6" type="AssertionError">
AssertionError: expected [ { event: &apos;started&apos;, …(1) }, …(5) ] to have a length of 5 but got 6

- Expected
+ Received

- 5
+ 6

 ❯ test/workflow/ModularWorkflowEngine.test.ts:416:22
            </failure>
        </testcase>
        <testcase classname="test/workflow/ModularWorkflowEngine.test.ts" name="ModularWorkflowEngine &gt; execution management &gt; should track execution history" time="0.028794">
            <system-out>
Registered task: trigger (Testing)

            </system-out>
        </testcase>
        <testcase classname="test/workflow/ModularWorkflowEngine.test.ts" name="ModularWorkflowEngine &gt; execution management &gt; should limit execution history" time="0.0769534">
            <system-out>
Registered task: trigger (Testing)

            </system-out>
        </testcase>
        <testcase classname="test/workflow/ModularWorkflowEngine.test.ts" name="ModularWorkflowEngine &gt; execution management &gt; should get execution status" time="0.0151136">
            <system-out>
Registered task: trigger (Testing)

            </system-out>
        </testcase>
        <testcase classname="test/workflow/ModularWorkflowEngine.test.ts" name="ModularWorkflowEngine &gt; execution management &gt; should return null for unknown execution ID" time="0.0004542">
        </testcase>
        <testcase classname="test/workflow/ModularWorkflowEngine.test.ts" name="ModularWorkflowEngine &gt; task validation &gt; should validate task input before execution" time="0.0169398">
            <system-out>
Registered task: trigger (Testing)
Registered task: validating-task (Testing)

            </system-out>
            <failure message="promise resolved &quot;{ …(10) }&quot; instead of rejecting" type="AssertionError">
AssertionError: promise resolved &quot;{ …(10) }&quot; instead of rejecting

- Expected
+ Received

- Error {
-   &quot;message&quot;: &quot;rejected promise&quot;,
+ {
+   &quot;duration&quot;: 14,
+   &quot;endTime&quot;: &quot;2025-10-12T03:32:29.645Z&quot;,
+   &quot;errors&quot;: [
+     {
+       &quot;code&quot;: &quot;VALIDATION_ERROR&quot;,
+       &quot;details&quot;: {
+         &quot;validationErrors&quot;: [
+           &quot;requiredField is required&quot;,
+         ],
+       },
+       &quot;message&quot;: &quot;Node validation failed: requiredField is required&quot;,
+       &quot;nodeId&quot;: &quot;validate-1&quot;,
+       &quot;nodeType&quot;: &quot;validating-task&quot;,
+       &quot;stack&quot;: &quot;ValidationError: Node validation failed: requiredField is required
+     at ModularWorkflowEngine.executeNode (C:\\Users\\Todd\\aws-ai-agent-bus\\dashboard-ui\\src\\workflow\\WorkflowEngine.ts:270:17)
+     at ModularWorkflowEngine.executeNodes (C:\\Users\\Todd\\aws-ai-agent-bus\\dashboard-ui\\src\\workflow\\WorkflowEngine.ts:211:35)
+     at ModularWorkflowEngine.executeWorkflow (C:\\Users\\Todd\\aws-ai-agent-bus\\dashboard-ui\\src\\workflow\\WorkflowEngine.ts:68:22)
+     at C:\\Users\\Todd\\aws-ai-agent-bus\\dashboard-ui\\test\\workflow\\ModularWorkflowEngine.test.ts:543:7
+     at file:///C:/Users/Todd/aws-ai-agent-bus/node_modules/@vitest/runner/dist/chunk-hooks.js:752:20&quot;,
+       &quot;timestamp&quot;: &quot;2025-10-12T03:32:29.645Z&quot;,
+     },
+   ],
+   &quot;executionId&quot;: &quot;exec_1760239949631_9jweevyfb&quot;,
+   &quot;metadata&quot;: {},
+   &quot;nodesExecuted&quot;: 1,
+   &quot;results&quot;: {
+     &quot;trigger-1&quot;: {
+       &quot;executionId&quot;: &quot;exec_1760239949631_9jweevyfb&quot;,
+       &quot;input&quot;: {},
+       &quot;nodeId&quot;: &quot;trigger-1&quot;,
+       &quot;result&quot;: &quot;trigger executed successfully&quot;,
+       &quot;taskType&quot;: &quot;trigger&quot;,
+       &quot;timestamp&quot;: &quot;2025-10-12T03:32:29.645Z&quot;,
+     },
+   },
+   &quot;startTime&quot;: &quot;2025-10-12T03:32:29.631Z&quot;,
+   &quot;status&quot;: &quot;failed&quot;,
+   &quot;workflowId&quot;: &quot;Validation Test&quot;,
  }

 ❯ test/workflow/ModularWorkflowEngine.test.ts:543:52
            </failure>
        </testcase>
        <testcase classname="test/workflow/ModularWorkflowEngine.test.ts" name="ModularWorkflowEngine &gt; context passing &gt; should pass correct context to tasks" time="0.0280891">
            <system-out>
Registered task: trigger (Testing)
Registered task: context-task (Testing)

            </system-out>
        </testcase>
        <testcase classname="test/workflow/ModularWorkflowEngine.test.ts" name="ModularWorkflowEngine &gt; context passing &gt; should share results between tasks" time="0.048101">
            <system-out>
Registered task: trigger (Testing)
Registered task: producer (Testing)
Registered task: consumer (Testing)

            </system-out>
            <failure message="Cannot convert undefined or null to object" type="TypeError">
TypeError: Cannot convert undefined or null to object
 ❯ test/workflow/ModularWorkflowEngine.test.ts:626:44
            </failure>
        </testcase>
        <testcase classname="test/workflow/ModularWorkflowEngine.test.ts" name="ModularWorkflowEngine &gt; performance &gt; should execute multiple tasks concurrently when possible" time="0.2907346">
            <system-out>
Registered task: trigger (Testing)
Registered task: parallel-a (Testing)
Registered task: parallel-b (Testing)
Registered task: sequential (Testing)

            </system-out>
            <failure message="expected 289 to be less than 276" type="AssertionError">
AssertionError: expected 289 to be less than 276
 ❯ test/workflow/ModularWorkflowEngine.test.ts:674:25
            </failure>
        </testcase>
    </testsuite>
    <testsuite name="test/workflow/TaskRegistry.test.ts" timestamp="2025-10-12T03:32:33.889Z" hostname="1000D" tests="37" failures="3" errors="0" skipped="0" time="0.0523759">
        <testcase classname="test/workflow/TaskRegistry.test.ts" name="TaskRegistry &gt; task registration &gt; should register a task successfully" time="0.0074557">
            <system-out>
Registered task: test-task (Data Processing)

            </system-out>
        </testcase>
        <testcase classname="test/workflow/TaskRegistry.test.ts" name="TaskRegistry &gt; task registration &gt; should register task with service dependency" time="0.0010664">
            <system-out>
Registered task: mock-service-task (MCP Tools)

            </system-out>
        </testcase>
        <testcase classname="test/workflow/TaskRegistry.test.ts" name="TaskRegistry &gt; task registration &gt; should prevent duplicate task registration" time="0.0008544">
            <system-out>
Registered task: duplicate-task (Data Processing)

            </system-out>
        </testcase>
        <testcase classname="test/workflow/TaskRegistry.test.ts" name="TaskRegistry &gt; task registration &gt; should register multiple tasks" time="0.0019016">
            <system-out>
Registered task: task-1 (Data Processing)
Registered task: task-2 (Data Processing)
Registered task: task-3 (Data Processing)
Registered task: mock-service-task (MCP Tools)

            </system-out>
        </testcase>
        <testcase classname="test/workflow/TaskRegistry.test.ts" name="TaskRegistry &gt; task registration &gt; should register tasks in bulk" time="0.0010103">
            <system-out>
Registered task: bulk-1 (Data Processing)
Registered task: bulk-2 (Data Processing)
Registered task: mock-service-task (MCP Tools)
Successfully registered 3 tasks

            </system-out>
        </testcase>
        <testcase classname="test/workflow/TaskRegistry.test.ts" name="TaskRegistry &gt; task registration &gt; should handle bulk registration with some failures" time="0.0008615">
            <system-out>
Registered task: bulk-duplicate (Data Processing)
Registered task: bulk-good-1 (Data Processing)
Registered task: bulk-good-2 (Data Processing)

            </system-out>
        </testcase>
        <testcase classname="test/workflow/TaskRegistry.test.ts" name="TaskRegistry &gt; task retrieval &gt; should retrieve registered task" time="0.0006305">
            <system-out>
Registered task: simple-task (Data Processing)
Registered task: mock-service-task (MCP Tools)

            </system-out>
        </testcase>
        <testcase classname="test/workflow/TaskRegistry.test.ts" name="TaskRegistry &gt; task retrieval &gt; should return undefined for unregistered task" time="0.000807">
            <system-out>
Registered task: simple-task (Data Processing)
Registered task: mock-service-task (MCP Tools)

            </system-out>
        </testcase>
        <testcase classname="test/workflow/TaskRegistry.test.ts" name="TaskRegistry &gt; task retrieval &gt; should check if task exists" time="0.0004246">
            <system-out>
Registered task: simple-task (Data Processing)
Registered task: mock-service-task (MCP Tools)

            </system-out>
        </testcase>
        <testcase classname="test/workflow/TaskRegistry.test.ts" name="TaskRegistry &gt; task retrieval &gt; should get all task types sorted" time="0.0003887">
            <system-out>
Registered task: simple-task (Data Processing)
Registered task: mock-service-task (MCP Tools)

            </system-out>
        </testcase>
        <testcase classname="test/workflow/TaskRegistry.test.ts" name="TaskRegistry &gt; category organization &gt; should organize tasks by category" time="0.008999">
            <system-out>
Registered task: data-task-1 (Data Processing)
Registered task: data-task-2 (Data Processing)
Registered task: mock-service-task (MCP Tools)

            </system-out>
        </testcase>
        <testcase classname="test/workflow/TaskRegistry.test.ts" name="TaskRegistry &gt; category organization &gt; should get all categories" time="0.0010812">
            <system-out>
Registered task: data-task-1 (Data Processing)
Registered task: data-task-2 (Data Processing)
Registered task: mock-service-task (MCP Tools)

            </system-out>
        </testcase>
        <testcase classname="test/workflow/TaskRegistry.test.ts" name="TaskRegistry &gt; category organization &gt; should return empty array for non-existent category" time="0.0004643">
            <system-out>
Registered task: data-task-1 (Data Processing)
Registered task: data-task-2 (Data Processing)
Registered task: mock-service-task (MCP Tools)

            </system-out>
        </testcase>
        <testcase classname="test/workflow/TaskRegistry.test.ts" name="TaskRegistry &gt; category organization &gt; should count tasks by category" time="0.0003893">
            <system-out>
Registered task: data-task-1 (Data Processing)
Registered task: data-task-2 (Data Processing)
Registered task: mock-service-task (MCP Tools)

            </system-out>
        </testcase>
        <testcase classname="test/workflow/TaskRegistry.test.ts" name="TaskRegistry &gt; integration requirements &gt; should organize tasks by integration requirement" time="0.0004291">
            <system-out>
Registered task: mock-service-task (MCP Tools)

            </system-out>
        </testcase>
        <testcase classname="test/workflow/TaskRegistry.test.ts" name="TaskRegistry &gt; integration requirements &gt; should get all integrations" time="0.00034">
            <system-out>
Registered task: mock-service-task (MCP Tools)

            </system-out>
        </testcase>
        <testcase classname="test/workflow/TaskRegistry.test.ts" name="TaskRegistry &gt; integration requirements &gt; should return empty array for non-required integration" time="0.0002983">
            <system-out>
Registered task: mock-service-task (MCP Tools)

            </system-out>
        </testcase>
        <testcase classname="test/workflow/TaskRegistry.test.ts" name="TaskRegistry &gt; task search and filtering &gt; should search tasks by type" time="0.0004662">
            <system-out>
Registered task: analytics-report (Data Processing)
Registered task: data-transform (Data Processing)
Registered task: mock-service-task (MCP Tools)

            </system-out>
        </testcase>
        <testcase classname="test/workflow/TaskRegistry.test.ts" name="TaskRegistry &gt; task search and filtering &gt; should search tasks by label" time="0.0003727">
            <system-out>
Registered task: analytics-report (Data Processing)
Registered task: data-transform (Data Processing)
Registered task: mock-service-task (MCP Tools)

            </system-out>
        </testcase>
        <testcase classname="test/workflow/TaskRegistry.test.ts" name="TaskRegistry &gt; task search and filtering &gt; should search tasks by tags" time="0.0003214">
            <system-out>
Registered task: analytics-report (Data Processing)
Registered task: data-transform (Data Processing)
Registered task: mock-service-task (MCP Tools)

            </system-out>
        </testcase>
        <testcase classname="test/workflow/TaskRegistry.test.ts" name="TaskRegistry &gt; task search and filtering &gt; should filter tasks by category" time="0.0004753">
            <system-out>
Registered task: analytics-report (Data Processing)
Registered task: data-transform (Data Processing)
Registered task: mock-service-task (MCP Tools)

            </system-out>
        </testcase>
        <testcase classname="test/workflow/TaskRegistry.test.ts" name="TaskRegistry &gt; task search and filtering &gt; should filter tasks by integration" time="0.0003807">
            <system-out>
Registered task: analytics-report (Data Processing)
Registered task: data-transform (Data Processing)
Registered task: mock-service-task (MCP Tools)

            </system-out>
        </testcase>
        <testcase classname="test/workflow/TaskRegistry.test.ts" name="TaskRegistry &gt; task search and filtering &gt; should filter tasks by tags" time="0.0004209">
            <system-out>
Registered task: analytics-report (Data Processing)
Registered task: data-transform (Data Processing)
Registered task: mock-service-task (MCP Tools)

            </system-out>
        </testcase>
        <testcase classname="test/workflow/TaskRegistry.test.ts" name="TaskRegistry &gt; task search and filtering &gt; should combine multiple filters" time="0.0003722">
            <system-out>
Registered task: analytics-report (Data Processing)
Registered task: data-transform (Data Processing)
Registered task: mock-service-task (MCP Tools)

            </system-out>
        </testcase>
        <testcase classname="test/workflow/TaskRegistry.test.ts" name="TaskRegistry &gt; task information &gt; should get task display info" time="0.0004248">
            <system-out>
Registered task: mock-service-task (MCP Tools)

            </system-out>
        </testcase>
        <testcase classname="test/workflow/TaskRegistry.test.ts" name="TaskRegistry &gt; task information &gt; should return null for unknown task" time="0.0003148">
            <system-out>
Registered task: mock-service-task (MCP Tools)

            </system-out>
        </testcase>
        <testcase classname="test/workflow/TaskRegistry.test.ts" name="TaskRegistry &gt; task information &gt; should export task definitions" time="0.0006254">
            <system-out>
Registered task: mock-service-task (MCP Tools)

            </system-out>
        </testcase>
        <testcase classname="test/workflow/TaskRegistry.test.ts" name="TaskRegistry &gt; registry management &gt; should unregister task" time="0.0006134">
            <system-out>
Registered task: task-1 (Data Processing)
Registered task: task-2 (Data Processing)
Registered task: mock-service-task (MCP Tools)

Unregistered task: task-1

            </system-out>
        </testcase>
        <testcase classname="test/workflow/TaskRegistry.test.ts" name="TaskRegistry &gt; registry management &gt; should return false when unregistering non-existent task" time="0.0004068">
            <system-out>
Registered task: task-1 (Data Processing)
Registered task: task-2 (Data Processing)
Registered task: mock-service-task (MCP Tools)

            </system-out>
        </testcase>
        <testcase classname="test/workflow/TaskRegistry.test.ts" name="TaskRegistry &gt; registry management &gt; should clear all tasks" time="0.0004185">
            <system-out>
Registered task: task-1 (Data Processing)
Registered task: task-2 (Data Processing)
Registered task: mock-service-task (MCP Tools)

Cleared all registered tasks

            </system-out>
        </testcase>
        <testcase classname="test/workflow/TaskRegistry.test.ts" name="TaskRegistry &gt; registry management &gt; should get registry statistics" time="0.0004869">
            <system-out>
Registered task: task-1 (Data Processing)
Registered task: task-2 (Data Processing)
Registered task: mock-service-task (MCP Tools)

            </system-out>
        </testcase>
        <testcase classname="test/workflow/TaskRegistry.test.ts" name="TaskRegistry &gt; registry validation &gt; should validate healthy registry" time="0.0004999">
            <system-out>
Registered task: valid-task (Data Processing)
Registered task: mock-service-task (MCP Tools)

            </system-out>
        </testcase>
        <testcase classname="test/workflow/TaskRegistry.test.ts" name="TaskRegistry &gt; registry validation &gt; should detect task type mismatch" time="0.0087169">
            <system-out>
Registered task: actual-type (Data Processing)

            </system-out>
            <failure message="expected true to be false // Object.is equality" type="AssertionError">
AssertionError: expected true to be false // Object.is equality

- Expected
+ Received

- false
+ true

 ❯ test/workflow/TaskRegistry.test.ts:500:34
            </failure>
        </testcase>
        <testcase classname="test/workflow/TaskRegistry.test.ts" name="TaskRegistry &gt; registry validation &gt; should detect missing execute method" time="0.0009928">
            <system-out>
Registered task: invalid-task (Test)

            </system-out>
        </testcase>
        <testcase classname="test/workflow/TaskRegistry.test.ts" name="TaskRegistry &gt; service injection patterns &gt; should support dependency injection in constructor" time="0.0021466">
            <system-out>
Registered task: mock-service-task (MCP Tools)

            </system-out>
            <failure message="Task type &apos;mock-service-task&apos; is already registered" type="WorkflowEngineError">
WorkflowEngineError: Task type &apos;mock-service-task&apos; is already registered
 ❯ TaskRegistry.registerTask src/workflow/TaskRegistry.ts:19:13
 ❯ test/workflow/TaskRegistry.test.ts:541:20

⎯⎯⎯⎯⎯⎯⎯⎯⎯⎯⎯⎯⎯⎯⎯⎯⎯⎯⎯⎯⎯⎯⎯⎯⎯⎯⎯⎯⎯⎯
Serialized Error: { code: undefined, details: undefined }
            </failure>
        </testcase>
        <testcase classname="test/workflow/TaskRegistry.test.ts" name="TaskRegistry &gt; service injection patterns &gt; should handle tasks with optional service dependencies" time="0.0033807">
            <system-out>
Registered task: mock-service-task (MCP Tools)

            </system-out>
            <failure message="expected [Function] to not throw an error but &apos;WorkflowEngineError: Task type \&apos;mock…&apos; was thrown" type="AssertionError">
AssertionError: expected [Function] to not throw an error but &apos;WorkflowEngineError: Task type \&apos;mock…&apos; was thrown

- Expected: 
undefined

+ Received: 
&quot;WorkflowEngineError: Task type &apos;mock-service-task&apos; is already registered&quot;

 ❯ test/workflow/TaskRegistry.test.ts:570:14
            </failure>
        </testcase>
        <testcase classname="test/workflow/TaskRegistry.test.ts" name="TaskRegistry &gt; service injection patterns &gt; should support factory pattern for task creation" time="0.0009294">
            <system-out>
Registered task: mock-service-task (MCP Tools)

            </system-out>
        </testcase>
    </testsuite>
    <testsuite name="src/components/__tests__/AgentModelConfiguration.test.tsx" timestamp="2025-10-12T03:32:33.896Z" hostname="1000D" tests="31" failures="0" errors="0" skipped="7" time="0.0122737">
        <testcase classname="src/components/__tests__/AgentModelConfiguration.test.tsx" name="Agent Model Configuration &gt; Model Availability by Workspace &gt; shows correct models for small workspace" time="0.0030303">
        </testcase>
        <testcase classname="src/components/__tests__/AgentModelConfiguration.test.tsx" name="Agent Model Configuration &gt; Model Availability by Workspace &gt; shows correct models for medium workspace" time="0.0004319">
        </testcase>
        <testcase classname="src/components/__tests__/AgentModelConfiguration.test.tsx" name="Agent Model Configuration &gt; Model Availability by Workspace &gt; shows correct models for large workspace" time="0.0002192">
        </testcase>
        <testcase classname="src/components/__tests__/AgentModelConfiguration.test.tsx" name="Agent Model Configuration &gt; Agent Default Configurations &gt; provides sensible defaults for conductor agent" time="0.0003497">
        </testcase>
        <testcase classname="src/components/__tests__/AgentModelConfiguration.test.tsx" name="Agent Model Configuration &gt; Agent Default Configurations &gt; provides security-focused defaults for critic agent" time="0.0003686">
        </testcase>
        <testcase classname="src/components/__tests__/AgentModelConfiguration.test.tsx" name="Agent Model Configuration &gt; Agent Default Configurations &gt; provides code-focused defaults for terraform agent" time="0.0002681">
        </testcase>
        <testcase classname="src/components/__tests__/AgentModelConfiguration.test.tsx" name="Agent Model Configuration &gt; Agent Default Configurations &gt; provides fallback defaults for unknown agents" time="0.0002092">
        </testcase>
        <testcase classname="src/components/__tests__/AgentModelConfiguration.test.tsx" name="Agent Model Configuration &gt; Configuration Validation &gt; validates model availability in workspace" time="0.0009656">
        </testcase>
        <testcase classname="src/components/__tests__/AgentModelConfiguration.test.tsx" name="Agent Model Configuration &gt; Configuration Validation &gt; validates token limits against model capabilities" time="0.0003328">
        </testcase>
        <testcase classname="src/components/__tests__/AgentModelConfiguration.test.tsx" name="Agent Model Configuration &gt; Configuration Validation &gt; validates temperature range" time="0.000327">
        </testcase>
        <testcase classname="src/components/__tests__/AgentModelConfiguration.test.tsx" name="Agent Model Configuration &gt; Configuration Validation &gt; validates privacy requirements for sensitive agents" time="0.0002547">
        </testcase>
        <testcase classname="src/components/__tests__/AgentModelConfiguration.test.tsx" name="Agent Model Configuration &gt; Configuration Validation &gt; passes validation for correct configuration" time="0.0005632">
        </testcase>
        <testcase classname="src/components/__tests__/AgentModelConfiguration.test.tsx" name="Agent Model Configuration &gt; Optimal Model Selection &gt; selects preferred model when available" time="0.0003359">
        </testcase>
        <testcase classname="src/components/__tests__/AgentModelConfiguration.test.tsx" name="Agent Model Configuration &gt; Optimal Model Selection &gt; falls back to alternative when preferred unavailable" time="0.0002274">
        </testcase>
        <testcase classname="src/components/__tests__/AgentModelConfiguration.test.tsx" name="Agent Model Configuration &gt; Optimal Model Selection &gt; respects privacy requirements" time="0.0001996">
        </testcase>
        <testcase classname="src/components/__tests__/AgentModelConfiguration.test.tsx" name="Agent Model Configuration &gt; Optimal Model Selection &gt; considers specialization requirements" time="0.000202">
        </testcase>
        <testcase classname="src/components/__tests__/AgentModelConfiguration.test.tsx" name="Agent Model Configuration &gt; Optimal Model Selection &gt; defaults to cheapest model when no preferences match" time="0.0001822">
        </testcase>
        <testcase classname="src/components/__tests__/AgentModelConfiguration.test.tsx" name="Agent Model Configuration &gt; Cost Estimation &gt; calculates cost for cloud models" time="0.0002869">
        </testcase>
        <testcase classname="src/components/__tests__/AgentModelConfiguration.test.tsx" name="Agent Model Configuration &gt; Cost Estimation &gt; returns zero cost for local models" time="0.0002244">
        </testcase>
        <testcase classname="src/components/__tests__/AgentModelConfiguration.test.tsx" name="Agent Model Configuration &gt; Cost Estimation &gt; handles unknown models gracefully" time="0.000179">
        </testcase>
        <testcase classname="src/components/__tests__/AgentModelConfiguration.test.tsx" name="Agent Model Configuration &gt; Node Details Panel Integration &gt; renders agent configuration tab for agent nodes" time="0.0003587">
        </testcase>
        <testcase classname="src/components/__tests__/AgentModelConfiguration.test.tsx" name="Agent Model Configuration &gt; Node Details Panel Integration &gt; displays current model selection" time="0">
            <skipped/>
        </testcase>
        <testcase classname="src/components/__tests__/AgentModelConfiguration.test.tsx" name="Agent Model Configuration &gt; Node Details Panel Integration &gt; shows temperature slider with current value" time="0">
            <skipped/>
        </testcase>
        <testcase classname="src/components/__tests__/AgentModelConfiguration.test.tsx" name="Agent Model Configuration &gt; Node Details Panel Integration &gt; updates model configuration when changed" time="0">
            <skipped/>
        </testcase>
        <testcase classname="src/components/__tests__/AgentModelConfiguration.test.tsx" name="Agent Model Configuration &gt; Node Details Panel Integration &gt; shows privacy warning for sensitive agents" time="0">
            <skipped/>
        </testcase>
        <testcase classname="src/components/__tests__/AgentModelConfiguration.test.tsx" name="Agent Model Configuration &gt; Node Details Panel Integration &gt; validates configuration before saving" time="0">
            <skipped/>
        </testcase>
        <testcase classname="src/components/__tests__/AgentModelConfiguration.test.tsx" name="Agent Model Configuration &gt; Workspace Integration &gt; filters models based on current workspace type" time="0.0003846">
        </testcase>
        <testcase classname="src/components/__tests__/AgentModelConfiguration.test.tsx" name="Agent Model Configuration &gt; Workspace Integration &gt; shows upgrade message for unavailable models" time="0">
            <skipped/>
        </testcase>
        <testcase classname="src/components/__tests__/AgentModelConfiguration.test.tsx" name="Agent Model Configuration &gt; Error Handling &gt; handles missing agent configuration gracefully" time="0.0007503">
        </testcase>
        <testcase classname="src/components/__tests__/AgentModelConfiguration.test.tsx" name="Agent Model Configuration &gt; Error Handling &gt; handles unknown agent types" time="0.0002357">
        </testcase>
        <testcase classname="src/components/__tests__/AgentModelConfiguration.test.tsx" name="Agent Model Configuration &gt; Error Handling &gt; handles model API failures gracefully" time="0">
            <skipped/>
        </testcase>
    </testsuite>
    <testsuite name="src/components/__tests__/AutoSave.test.tsx" timestamp="2025-10-12T03:32:33.899Z" hostname="1000D" tests="19" failures="0" errors="0" skipped="0" time="0.033556">
        <testcase classname="src/components/__tests__/AutoSave.test.tsx" name="Auto-Save Functionality &gt; Basic Auto-Save &gt; triggers auto-save after specified delay" time="0.0081402">
        </testcase>
        <testcase classname="src/components/__tests__/AutoSave.test.tsx" name="Auto-Save Functionality &gt; Basic Auto-Save &gt; saves only the latest data when multiple changes occur rapidly" time="0.0016157">
        </testcase>
        <testcase classname="src/components/__tests__/AutoSave.test.tsx" name="Auto-Save Functionality &gt; Basic Auto-Save &gt; does not auto-save if already saving" time="0.0009158">
        </testcase>
        <testcase classname="src/components/__tests__/AutoSave.test.tsx" name="Auto-Save Functionality &gt; Basic Auto-Save &gt; handles save errors gracefully" time="0.0023647">
        </testcase>
        <testcase classname="src/components/__tests__/AutoSave.test.tsx" name="Auto-Save Functionality &gt; Force Save &gt; immediately saves without waiting for timer" time="0.0018015">
        </testcase>
        <testcase classname="src/components/__tests__/AutoSave.test.tsx" name="Auto-Save Functionality &gt; Force Save &gt; cancels pending auto-save timer" time="0.0012401">
        </testcase>
        <testcase classname="src/components/__tests__/AutoSave.test.tsx" name="Auto-Save Functionality &gt; Conflict Resolution &gt; uses default conflict resolution strategy" time="0.0007589">
        </testcase>
        <testcase classname="src/components/__tests__/AutoSave.test.tsx" name="Auto-Save Functionality &gt; Conflict Resolution &gt; uses custom conflict resolution strategy" time="0.0007739">
        </testcase>
        <testcase classname="src/components/__tests__/AutoSave.test.tsx" name="Auto-Save Functionality &gt; Conflict Resolution &gt; handles timestamp-based conflict resolution" time="0.0008064">
        </testcase>
        <testcase classname="src/components/__tests__/AutoSave.test.tsx" name="Auto-Save Functionality &gt; Status Tracking &gt; correctly tracks dirty state" time="0.0006366">
        </testcase>
        <testcase classname="src/components/__tests__/AutoSave.test.tsx" name="Auto-Save Functionality &gt; Status Tracking &gt; correctly tracks saving state" time="0.0005896">
        </testcase>
        <testcase classname="src/components/__tests__/AutoSave.test.tsx" name="Auto-Save Functionality &gt; Status Tracking &gt; correctly tracks last saved timestamp" time="0.0006734">
        </testcase>
        <testcase classname="src/components/__tests__/AutoSave.test.tsx" name="Auto-Save Functionality &gt; Performance and Memory &gt; handles rapid successive changes efficiently" time="0.0010103">
        </testcase>
        <testcase classname="src/components/__tests__/AutoSave.test.tsx" name="Auto-Save Functionality &gt; Performance and Memory &gt; properly cleans up timers on destroy" time="0.0005715">
        </testcase>
        <testcase classname="src/components/__tests__/AutoSave.test.tsx" name="Auto-Save Functionality &gt; Performance and Memory &gt; handles large data payloads" time="0.0010325">
        </testcase>
        <testcase classname="src/components/__tests__/AutoSave.test.tsx" name="Auto-Save Functionality &gt; Edge Cases &gt; handles undefined/null data gracefully" time="0.0059753">
        </testcase>
        <testcase classname="src/components/__tests__/AutoSave.test.tsx" name="Auto-Save Functionality &gt; Edge Cases &gt; handles save callback throwing synchronous errors" time="0.0010762">
        </testcase>
        <testcase classname="src/components/__tests__/AutoSave.test.tsx" name="Auto-Save Functionality &gt; Edge Cases &gt; handles multiple force saves in succession" time="0.0004761">
        </testcase>
        <testcase classname="src/components/__tests__/AutoSave.test.tsx" name="Auto-Save Functionality &gt; Edge Cases &gt; maintains correct state during concurrent operations" time="0.0008138">
        </testcase>
    </testsuite>
    <testsuite name="src/components/__tests__/WorkflowManager.test.tsx" timestamp="2025-10-12T03:32:33.901Z" hostname="1000D" tests="17" failures="0" errors="0" skipped="2" time="0.3636989">
        <testcase classname="src/components/__tests__/WorkflowManager.test.tsx" name="WorkflowManager &gt; renders workflow manager with header" time="0">
            <skipped/>
        </testcase>
        <testcase classname="src/components/__tests__/WorkflowManager.test.tsx" name="WorkflowManager &gt; loads and displays workflows on mount" time="0.0315708">
        </testcase>
        <testcase classname="src/components/__tests__/WorkflowManager.test.tsx" name="WorkflowManager &gt; filters workflows by search query" time="0.0099276">
        </testcase>
        <testcase classname="src/components/__tests__/WorkflowManager.test.tsx" name="WorkflowManager &gt; filters workflows by category" time="0.0125694">
        </testcase>
        <testcase classname="src/components/__tests__/WorkflowManager.test.tsx" name="WorkflowManager &gt; displays workflow statistics correctly" time="0.0243906">
        </testcase>
        <testcase classname="src/components/__tests__/WorkflowManager.test.tsx" name="WorkflowManager &gt; shows starred workflows with star icon" time="0.0254112">
        </testcase>
        <testcase classname="src/components/__tests__/WorkflowManager.test.tsx" name="WorkflowManager &gt; displays tags correctly" time="0.0204102">
        </testcase>
        <testcase classname="src/components/__tests__/WorkflowManager.test.tsx" name="WorkflowManager &gt; calls onSelectWorkflow when edit button is clicked" time="0.0162807">
        </testcase>
        <testcase classname="src/components/__tests__/WorkflowManager.test.tsx" name="WorkflowManager &gt; calls onNewWorkflow when New Workflow button is clicked" time="0.0660206">
        </testcase>
        <testcase classname="src/components/__tests__/WorkflowManager.test.tsx" name="WorkflowManager &gt; toggles star status when star button is clicked" time="0.0204766">
        </testcase>
        <testcase classname="src/components/__tests__/WorkflowManager.test.tsx" name="WorkflowManager &gt; deletes workflow when delete button is clicked and confirmed" time="0.0164738">
        </testcase>
        <testcase classname="src/components/__tests__/WorkflowManager.test.tsx" name="WorkflowManager &gt; does not delete workflow when deletion is not confirmed" time="0.0194095">
        </testcase>
        <testcase classname="src/components/__tests__/WorkflowManager.test.tsx" name="WorkflowManager &gt; shows version history when chevron is clicked" time="0.0241248">
        </testcase>
        <testcase classname="src/components/__tests__/WorkflowManager.test.tsx" name="WorkflowManager &gt; sorts workflows by different criteria" time="0.0254009">
        </testcase>
        <testcase classname="src/components/__tests__/WorkflowManager.test.tsx" name="WorkflowManager &gt; handles KV store errors gracefully" time="0.0203851">
        </testcase>
        <testcase classname="src/components/__tests__/WorkflowManager.test.tsx" name="WorkflowManager &gt; shows empty state when no workflows exist" time="0.0290256">
        </testcase>
        <testcase classname="src/components/__tests__/WorkflowManager.test.tsx" name="WorkflowManager &gt; shows loading state initially" time="0">
            <skipped/>
        </testcase>
    </testsuite>
    <testsuite name="src/components/__tests__/WorkflowVersioning.test.tsx" timestamp="2025-10-12T03:32:33.902Z" hostname="1000D" tests="20" failures="0" errors="0" skipped="0" time="0.0583537">
        <testcase classname="src/components/__tests__/WorkflowVersioning.test.tsx" name="Workflow Versioning System &gt; Version Creation &gt; creates new version with incremented version number" time="0.0063458">
        </testcase>
        <testcase classname="src/components/__tests__/WorkflowVersioning.test.tsx" name="Workflow Versioning System &gt; Version Creation &gt; preserves existing versions when creating new version" time="0.0006615">
        </testcase>
        <testcase classname="src/components/__tests__/WorkflowVersioning.test.tsx" name="Workflow Versioning System &gt; Version Creation &gt; limits versions to maximum of 10" time="0.0007241">
        </testcase>
        <testcase classname="src/components/__tests__/WorkflowVersioning.test.tsx" name="Workflow Versioning System &gt; Version Creation &gt; updates workflow metadata timestamps when creating version" time="0.0181232">
        </testcase>
        <testcase classname="src/components/__tests__/WorkflowVersioning.test.tsx" name="Workflow Versioning System &gt; Version Updates (Auto-save) &gt; updates current version without creating new version" time="0.0014532">
        </testcase>
        <testcase classname="src/components/__tests__/WorkflowVersioning.test.tsx" name="Workflow Versioning System &gt; Version Updates (Auto-save) &gt; updates version timestamp on auto-save" time="0.0126851">
        </testcase>
        <testcase classname="src/components/__tests__/WorkflowVersioning.test.tsx" name="Workflow Versioning System &gt; Version Updates (Auto-save) &gt; handles workflow with no versions gracefully" time="0.0004892">
        </testcase>
        <testcase classname="src/components/__tests__/WorkflowVersioning.test.tsx" name="Workflow Versioning System &gt; Version Loading &gt; loads specific workflow version" time="0.0011219">
        </testcase>
        <testcase classname="src/components/__tests__/WorkflowVersioning.test.tsx" name="Workflow Versioning System &gt; Version Loading &gt; returns null for non-existent workflow" time="0.000329">
        </testcase>
        <testcase classname="src/components/__tests__/WorkflowVersioning.test.tsx" name="Workflow Versioning System &gt; Version Loading &gt; returns null for non-existent version" time="0.0003693">
        </testcase>
        <testcase classname="src/components/__tests__/WorkflowVersioning.test.tsx" name="Workflow Versioning System &gt; Version Loading &gt; persists and retrieves workflow from KV store" time="0.0003891">
        </testcase>
        <testcase classname="src/components/__tests__/WorkflowVersioning.test.tsx" name="Workflow Versioning System &gt; Version Metadata &gt; preserves version metadata across operations" time="0.0004393">
        </testcase>
        <testcase classname="src/components/__tests__/WorkflowVersioning.test.tsx" name="Workflow Versioning System &gt; Version Metadata &gt; tracks version creation metadata" time="0.0003308">
        </testcase>
        <testcase classname="src/components/__tests__/WorkflowVersioning.test.tsx" name="Workflow Versioning System &gt; Concurrent Version Operations &gt; handles concurrent version creation attempts" time="0.0003755">
        </testcase>
        <testcase classname="src/components/__tests__/WorkflowVersioning.test.tsx" name="Workflow Versioning System &gt; Concurrent Version Operations &gt; handles concurrent auto-save operations" time="0.0003937">
        </testcase>
        <testcase classname="src/components/__tests__/WorkflowVersioning.test.tsx" name="Workflow Versioning System &gt; Error Handling &gt; handles KV store failures gracefully" time="0.0022154">
        </testcase>
        <testcase classname="src/components/__tests__/WorkflowVersioning.test.tsx" name="Workflow Versioning System &gt; Error Handling &gt; validates workflow data before saving" time="0.0003195">
        </testcase>
        <testcase classname="src/components/__tests__/WorkflowVersioning.test.tsx" name="Workflow Versioning System &gt; Error Handling &gt; handles malformed version data" time="0.0069662">
            <system-err>
Failed to parse workflow data: SyntaxError: Unexpected token &apos;i&apos;, &quot;invalid json&quot; is not valid JSON
    at JSON.parse (&lt;anonymous&gt;)
    at WorkflowVersioningService.loadWorkflow [90m(C:\Users\Todd\aws-ai-agent-bus\dashboard-ui\[39msrc\components\__tests__\WorkflowVersioning.test.tsx:91:19[90m)[39m
    at [90mC:\Users\Todd\aws-ai-agent-bus\dashboard-ui\[39msrc\components\__tests__\WorkflowVersioning.test.tsx:495:24
    at file:///C:/Users/Todd/aws-ai-agent-bus/node_modules/[4m@vitest[24m/runner/dist/chunk-hooks.js:752:20

            </system-err>
        </testcase>
        <testcase classname="src/components/__tests__/WorkflowVersioning.test.tsx" name="Workflow Versioning System &gt; Performance &gt; handles large workflows efficiently" time="0.0019766">
        </testcase>
        <testcase classname="src/components/__tests__/WorkflowVersioning.test.tsx" name="Workflow Versioning System &gt; Performance &gt; maintains performance with many versions" time="0.0008259">
        </testcase>
    </testsuite>
    <testsuite name="test/components/auth/AuthGuard.test.tsx" timestamp="2025-10-12T03:32:33.904Z" hostname="1000D" tests="10" failures="6" errors="0" skipped="0" time="0.0824748">
        <testcase classname="test/components/auth/AuthGuard.test.tsx" name="AuthGuard &gt; should show loading spinner when authentication is loading" time="0.0641018">
            <system-out>
🔐 Auth state: { isAuthenticated: [33mfalse[39m, isLoading: [33mtrue[39m, user: [1mnull[22m }

            </system-out>
            <failure message="Unable to find an element with the role &quot;status&quot;

Here are the available roles:

  paragraph:

  Name &quot;&quot;:
  [36m&lt;p[39m
    [33mclass[39m=[32m&quot;mt-4 text-gray-600&quot;[39m
  [36m/&gt;[39m

  --------------------------------------------------

Ignored nodes: comments, script, style
[36m&lt;body&gt;[39m
  [36m&lt;div&gt;[39m
    [36m&lt;div[39m
      [33mclass[39m=[32m&quot;min-h-screen bg-gray-50 flex items-center justify-center&quot;[39m
    [36m&gt;[39m
      [36m&lt;div[39m
        [33mclass[39m=[32m&quot;text-center&quot;[39m
      [36m&gt;[39m
        [36m&lt;div[39m
          [33mclass[39m=[32m&quot;animate-spin rounded-full h-12 w-12 border-b-2 border-blue-600 mx-auto&quot;[39m
        [36m/&gt;[39m
        [36m&lt;p[39m
          [33mclass[39m=[32m&quot;mt-4 text-gray-600&quot;[39m
        [36m&gt;[39m
          [0mLoading...[0m
        [36m&lt;/p&gt;[39m
      [36m&lt;/div&gt;[39m
    [36m&lt;/div&gt;[39m
  [36m&lt;/div&gt;[39m
[36m&lt;/body&gt;[39m" type="TestingLibraryElementError">
TestingLibraryElementError: Unable to find an element with the role &quot;status&quot;

Here are the available roles:

  paragraph:

  Name &quot;&quot;:
  &lt;p
    class=&quot;mt-4 text-gray-600&quot;
  /&gt;

  --------------------------------------------------

Ignored nodes: comments, script, style
&lt;body&gt;
  &lt;div&gt;
    &lt;div
      class=&quot;min-h-screen bg-gray-50 flex items-center justify-center&quot;
    &gt;
      &lt;div
        class=&quot;text-center&quot;
      &gt;
        &lt;div
          class=&quot;animate-spin rounded-full h-12 w-12 border-b-2 border-blue-600 mx-auto&quot;
        /&gt;
        &lt;p
          class=&quot;mt-4 text-gray-600&quot;
        &gt;
          Loading...
        &lt;/p&gt;
      &lt;/div&gt;
    &lt;/div&gt;
  &lt;/div&gt;
&lt;/body&gt;
 ❯ Object.getElementError ../node_modules/@testing-library/dom/dist/config.js:37:19
 ❯ ../node_modules/@testing-library/dom/dist/query-helpers.js:76:38
 ❯ ../node_modules/@testing-library/dom/dist/query-helpers.js:52:17
 ❯ getByRole ../node_modules/@testing-library/dom/dist/query-helpers.js:95:19
 ❯ test/components/auth/AuthGuard.test.tsx:72:19
            </failure>
        </testcase>
        <testcase classname="test/components/auth/AuthGuard.test.tsx" name="AuthGuard &gt; should show login form when user is not authenticated" time="0.0028537">
            <system-out>
🔐 Auth state: { isAuthenticated: [33mfalse[39m, isLoading: [33mfalse[39m, user: [1mnull[22m }

            </system-out>
        </testcase>
        <testcase classname="test/components/auth/AuthGuard.test.tsx" name="AuthGuard &gt; should show protected content when user is authenticated" time="0.0017287">
            <system-out>
🔐 Auth state: {
  isAuthenticated: [33mtrue[39m,
  isLoading: [33mfalse[39m,
  user: {
    userId: [32m&apos;user-123&apos;[39m,
    organizationId: [32m&apos;org-123&apos;[39m,
    role: [32m&apos;admin&apos;[39m,
    email: [32m&apos;test@example.com&apos;[39m,
    name: [32m&apos;Test User&apos;[39m
  }
}

            </system-out>
        </testcase>
        <testcase classname="test/components/auth/AuthGuard.test.tsx" name="AuthGuard &gt; should log auth state in development mode" time="0.0031283">
        </testcase>
        <testcase classname="test/components/auth/AuthGuard.test.tsx" name="AuthGuard &gt; should not log auth state in production mode" time="0.0029905">
            <failure message="expected &quot;log&quot; to not be called at all, but actually been called 1 times[90m

Received: 

[1m  1st log call:

[22m    Array [
      &quot;🔐 Auth state:&quot;,
      Object {
        &quot;isAuthenticated&quot;: true,
        &quot;isLoading&quot;: false,
        &quot;user&quot;: null,
      },
    ]
[39m[90m

Number of calls: [1m1[22m
[39m" type="AssertionError">
AssertionError: expected &quot;log&quot; to not be called at all, but actually been called 1 times

Received: 

  1st log call:

    Array [
      &quot;🔐 Auth state:&quot;,
      Object {
        &quot;isAuthenticated&quot;: true,
        &quot;isLoading&quot;: false,
        &quot;user&quot;: null,
      },
    ]


Number of calls: 1

 ❯ test/components/auth/AuthGuard.test.tsx:160:28
            </failure>
        </testcase>
        <testcase classname="test/components/auth/AuthGuard.test.tsx" name="AuthGuard &gt; should handle transition from loading to authenticated" time="0.0012774">
            <failure message="rerender is not a function" type="TypeError">
TypeError: rerender is not a function
 ❯ test/components/auth/AuthGuard.test.tsx:187:5
            </failure>
        </testcase>
        <testcase classname="test/components/auth/AuthGuard.test.tsx" name="AuthGuard &gt; should handle transition from loading to unauthenticated" time="0.0009293">
            <failure message="rerender is not a function" type="TypeError">
TypeError: rerender is not a function
 ❯ test/components/auth/AuthGuard.test.tsx:215:5
            </failure>
        </testcase>
        <testcase classname="test/components/auth/AuthGuard.test.tsx" name="AuthGuard &gt; should handle authentication state changes" time="0.0007988">
            <failure message="rerender is not a function" type="TypeError">
TypeError: rerender is not a function
 ❯ test/components/auth/AuthGuard.test.tsx:246:5
            </failure>
        </testcase>
        <testcase classname="test/components/auth/AuthGuard.test.tsx" name="AuthGuard &gt; should render multiple children correctly when authenticated" time="0.0011949">
        </testcase>
        <testcase classname="test/components/auth/AuthGuard.test.tsx" name="AuthGuard &gt; should have proper loading screen styling" time="0.0019063">
            <failure message="[2mexpect([22m[31melement[39m[2m).toHaveClass([22m[32m[32m&quot;min-h-screen&quot;[32m[39m[2m)[22m

Expected the element to have class:
[32m  min-h-screen[39m
Received:
[31m  text-center[39m" type="Error">
Error: expect(element).toHaveClass(&quot;min-h-screen&quot;)

Expected the element to have class:
  min-h-screen
Received:
  text-center
 ❯ test/components/auth/AuthGuard.test.tsx:295:30
            </failure>
        </testcase>
    </testsuite>
    <testsuite name="test/components/auth/LoginForm.test.tsx" timestamp="2025-10-12T03:32:33.907Z" hostname="1000D" tests="12" failures="5" errors="0" skipped="0" time="0.2678184">
        <testcase classname="test/components/auth/LoginForm.test.tsx" name="LoginForm &gt; should render login form elements" time="0.0610862">
        </testcase>
        <testcase classname="test/components/auth/LoginForm.test.tsx" name="LoginForm &gt; should not show dev mode banner in production" time="0.0109338">
            <failure message="[2mexpect([22m[31melement[39m[2m).not.toBeInTheDocument()[22m

[31mexpected document not to contain element, found &lt;h3
  class=&quot;text-sm font-medium text-yellow-800&quot;
&gt;
  Development Mode
&lt;/h3&gt; instead[39m" type="Error">
Error: expect(element).not.toBeInTheDocument()

expected document not to contain element, found &lt;h3
  class=&quot;text-sm font-medium text-yellow-800&quot;
&gt;
  Development Mode
&lt;/h3&gt; instead
 ❯ test/components/auth/LoginForm.test.tsx:54:56
            </failure>
        </testcase>
        <testcase classname="test/components/auth/LoginForm.test.tsx" name="LoginForm &gt; should show dev mode banner when dev mode is enabled" time="0.0088353">
        </testcase>
        <testcase classname="test/components/auth/LoginForm.test.tsx" name="LoginForm &gt; should handle form submission with valid credentials" time="0.0138863">
        </testcase>
        <testcase classname="test/components/auth/LoginForm.test.tsx" name="LoginForm &gt; should display error message on login failure" time="0.0185138">
        </testcase>
        <testcase classname="test/components/auth/LoginForm.test.tsx" name="LoginForm &gt; should show loading state during login" time="0.0081064">
        </testcase>
        <testcase classname="test/components/auth/LoginForm.test.tsx" name="LoginForm &gt; should handle dev mode quick login" time="0.0504769">
            <failure message="Unable to find an accessible element with the role &quot;button&quot; and name `/quick dev login/i`

Here are the accessible roles:

  heading:

  Name &quot;AI Agent Bus&quot;:
  [36m&lt;h2[39m
    [33mclass[39m=[32m&quot;text-3xl font-bold text-gray-900&quot;[39m
  [36m/&gt;[39m

  Name &quot;Development Mode&quot;:
  [36m&lt;h3[39m
    [33mclass[39m=[32m&quot;text-sm font-medium text-yellow-800&quot;[39m
  [36m/&gt;[39m

  --------------------------------------------------
  paragraph:

  Name &quot;&quot;:
  [36m&lt;p[39m
    [33mclass[39m=[32m&quot;mt-2 text-sm text-gray-600&quot;[39m
  [36m/&gt;[39m

  Name &quot;&quot;:
  [36m&lt;p /&gt;[39m

  --------------------------------------------------
  button:

  Name &quot;Logging in...&quot;:
  [36m&lt;button[39m
    [33mclass[39m=[32m&quot;bg-yellow-100 hover:bg-yellow-200 text-yellow-800 text-sm font-medium px-3 py-2 rounded-md transition-colors duration-200 disabled:opacity-50&quot;[39m
    [33mdisabled[39m=[32m&quot;&quot;[39m
    [33mtype[39m=[32m&quot;button&quot;[39m
  [36m/&gt;[39m

  Name &quot;Signing in...&quot;:
  [36m&lt;button[39m
    [33mclass[39m=[32m&quot;group relative w-full flex justify-center py-2 px-4 border border-transparent text-sm font-medium rounded-md text-white bg-blue-600 hover:bg-blue-700 focus:outline-none focus:ring-2 focus:ring-offset-2 focus:ring-blue-500 disabled:opacity-50 disabled:cursor-not-allowed transition-colors duration-200&quot;[39m
    [33mdisabled[39m=[32m&quot;&quot;[39m
    [33mtype[39m=[32m&quot;submit&quot;[39m
  [36m/&gt;[39m

  --------------------------------------------------
  textbox:

  Name &quot;Email address&quot;:
  [36m&lt;input[39m
    [33mautocomplete[39m=[32m&quot;email&quot;[39m
    [33mclass[39m=[32m&quot;appearance-none block w-full px-3 py-2 border border-gray-300 rounded-md placeholder-gray-400 focus:outline-none focus:ring-blue-500 focus:border-blue-500 sm:text-sm&quot;[39m
    [33mid[39m=[32m&quot;email&quot;[39m
    [33mname[39m=[32m&quot;email&quot;[39m
    [33mplaceholder[39m=[32m&quot;demo@acme.com&quot;[39m
    [33mrequired[39m=[32m&quot;&quot;[39m
    [33mtype[39m=[32m&quot;email&quot;[39m
  [36m/&gt;[39m

  --------------------------------------------------

Ignored nodes: comments, script, style
[36m&lt;body&gt;[39m
  [36m&lt;div&gt;[39m
    [36m&lt;div[39m
      [33mclass[39m=[32m&quot;min-h-screen bg-gray-50 flex flex-col justify-center py-12 sm:px-6 lg:px-8&quot;[39m
    [36m&gt;[39m
      [36m&lt;div[39m
        [33mclass[39m=[32m&quot;sm:mx-auto sm:w-full sm:max-w-md&quot;[39m
      [36m&gt;[39m
        [36m&lt;div[39m
          [33mclass[39m=[32m&quot;text-center&quot;[39m
        [36m&gt;[39m
          [36m&lt;h2[39m
            [33mclass[39m=[32m&quot;text-3xl font-bold text-gray-900&quot;[39m
          [36m&gt;[39m
            [0mAI Agent Bus[0m
          [36m&lt;/h2&gt;[39m
          [36m&lt;p[39m
            [33mclass[39m=[32m&quot;mt-2 text-sm text-gray-600&quot;[39m
          [36m&gt;[39m
            [0mMulti-tenant workflow automation platform[0m
          [36m&lt;/p&gt;[39m
        [36m&lt;/div&gt;[39m
      [36m&lt;/div&gt;[39m
      [36m&lt;div[39m
        [33mclass[39m=[32m&quot;mt-8 sm:mx-auto sm:w-full sm:max-w-md&quot;[39m
      [36m&gt;[39m
        [36m&lt;div[39m
          [33mclass[39m=[32m&quot;bg-white py-8 px-4 shadow sm:rounded-lg sm:px-10&quot;[39m
        [36m&gt;[39m
          [36m&lt;div[39m
            [33mclass[39m=[32m&quot;mb-6 p-4 bg-yellow-50 border border-yellow-200 rounded-md&quot;[39m
          [36m&gt;[39m
            [36m&lt;div[39m
              [33mclass[39m=[32m&quot;flex&quot;[39m
            [36m&gt;[39m
              [36m&lt;div[39m
                [33mclass[39m=[32m&quot;flex-shrink-0&quot;[39m
              [36m&gt;[39m
                [36m&lt;svg[39m
                  [33mclass[39m=[32m&quot;h-5 w-5 text-yellow-400&quot;[39m
                  [33mfill[39m=[32m&quot;currentColor&quot;[39m
                  [33mviewBox[39m=[32m&quot;0 0 20 20&quot;[39m
                [36m&gt;[39m
                  [36m&lt;path[39m
                    [33mclip-rule[39m=[32m&quot;evenodd&quot;[39m
                    [33md[39m=[32m&quot;M8.257 3.099c.765-1.36 2.722-1.36 3.486 0l5.58 9.92c.75 1.334-.213 2.98-1.742 2.98H4.42c-1.53 0-2.493-1.646-1.743-2.98l5.58-9.92zM11 13a1 1 0 11-2 0 1 1 0 012 0zm-1-8a1 1 0 00-1 1v3a1 1 0 002 0V6a1 1 0 00-1-1z&quot;[39m
                    [33mfill-rule[39m=[32m&quot;evenodd&quot;[39m
                  [36m/&gt;[39m
                [36m&lt;/svg&gt;[39m
              [36m&lt;/div&gt;[39m
              [36m&lt;div[39m
                [33mclass[39m=[32m&quot;ml-3&quot;[39m
              [36m&gt;[39m
                [36m&lt;h3[39m
                  [33mclass[39m=[32m&quot;text-sm font-medium text-yellow-800&quot;[39m
                [36m&gt;[39m
                  [0mDevelopment Mode[0m
                [36m&lt;/h3&gt;[39m
                [36m&lt;div[39m
                  [33mclass[39m=[32m&quot;mt-2 text-sm text-yellow-700&quot;[39m
                [36m&gt;[39m
                  [36m&lt;p&gt;[39m
                    [0mAuthentication is in dev mode. You&apos;ll be logged in as Demo User (user-demo-123) in the Acme organization.[0m
                  [36m&lt;/p&gt;[39m
                [36m&lt;/div&gt;[39m
                [36m&lt;div[39m
                  [33mclass[39m=[32m&quot;mt-3&quot;[39m
                [36m&gt;[39m
                  [36m&lt;button[39m
                    [33mclass[39m=[32m&quot;bg-yellow-100 hover:bg-yellow-200 text-yellow-800 text-sm font-medium px-3 py-2 rounded-md transition-colors duration-200 disabled:opacity-50&quot;[39m
                    [33mdisabled[39m=[32m&quot;&quot;[39m
                    [33mtype[39m=[32m&quot;button&quot;[39m
                  [36m&gt;[39m
                    [0mLogging in...[0m
                  [36m&lt;/button&gt;[39m
                [36m&lt;/div&gt;[39m
              [36m&lt;/div&gt;[39m
            [36m&lt;/div&gt;[39m
          [36m&lt;/div&gt;[39m
          [36m&lt;form[39m
            [33mclass[39m=[32m&quot;space-y-6&quot;[39m
          [36m&gt;[39m
            [36m&lt;div&gt;[39m
              [36m&lt;label[39m
                [33mclass[39m=[32m&quot;block text-sm font-medium text-gray-700&quot;[39m
                [33mfor[39m=[32m&quot;email&quot;[39m
              [36m&gt;[39m
                [0mEmail address[0m
              [36m&lt;/label&gt;[39m
              [36m&lt;div[39m
                [33mclass[39m=[32m&quot;mt-1&quot;[39m
              [36m&gt;[39m
                [36m&lt;input[39m
                  [33mautocomplete[39m=[32m&quot;email&quot;[39m
                  [33mclass[39m=[32m&quot;appearance-none block w-full px-3 py-2 border border-gray-300 rounded-md placeholder-gray-400 focus:outline-none focus:ring-blue-500 focus:border-blue-500 sm:text-sm&quot;[39m
                  [33mid[39m=[32m&quot;email&quot;[39m
                  [33mname[39m=[32m&quot;email&quot;[39m
                  [33mplaceholder[39m=[32m&quot;demo@acme.com&quot;[39m
                  [33mrequired[39m=[32m&quot;&quot;[39m
                  [33mtype[39m=[32m&quot;email&quot;[39m
                [36m/&gt;[39m
              [36m&lt;/div&gt;[39m
            [36m&lt;/div&gt;[39m
            [36m&lt;div&gt;[39m
              [36m&lt;label[39m
                [33mclass[39m=[32m&quot;block text-sm font-medium text-gray-700&quot;[39m
                [33mfor[39m=[32m&quot;password&quot;[39m
              [36m&gt;[39m
                [0mPassword[0m
              [36m&lt;/label&gt;[39m
              [36m&lt;div[39m
                [33mclass[39m=[32m&quot;mt-1&quot;[39m
              [36m&gt;[39m
                [36m&lt;input[39m
                  [33mautocomplete[39m=[32m&quot;current-password&quot;[39m
                  [33mclass[39m=[32m&quot;appearance-none block w-full px-3 py-2 border border-gray-300 rounded-md placeholder-gray-400 focus:outline-none focus:ring-blue-500 focus:border-blue-500 sm:text-sm&quot;[39m
                  [33mid[39m=[32m&quot;password&quot;[39m
                  [33mname[39m=[32m&quot;password&quot;[39m
                  [33mrequired[39m=[32m&quot;&quot;[39m
                  [33mtype[39m=[32m&quot;password&quot;[39m
                [36m/&gt;[39m
              [36m&lt;/div&gt;[39m
            [36m&lt;/div&gt;[39m
            [0m[0m
            [36m&lt;div&gt;[39m
              [36m&lt;button[39m
                [33mclass[39m=[32m&quot;group relative w-full flex justify-center py-2 px-4 border border-transparent text-sm font-medium rounded-md text-white bg-blue-600 hover:bg-blue-700 focus:outline-none focus:ring-2 focus:ring-offset-2 focus:ring-blue-500 disabled:opacity-50 disabled:cursor-not-allowed transition-colors duration-200&quot;[39m
                [33mdisabled[39m=[32m&quot;&quot;[39m
                [33mtype[39m=[32m&quot;submit&quot;[39m
              [36m&gt;[39m
                [0mSigning in...[0m
              [36m&lt;/button&gt;[39m
            [36m&lt;/div&gt;[39m
          [36m&lt;/form&gt;[39m
          [0m[0m
        [36m&lt;/div&gt;[39m
      [36m&lt;/div&gt;[39m
    [36m&lt;/div&gt;[39m
  [36m&lt;/div&gt;[39m
[36m&lt;/body&gt;[39m" type="TestingLibraryElementError">
TestingLibraryElementError: Unable to find an accessible element with the role &quot;button&quot; and name `/quick dev login/i`

Here are the accessible roles:

  heading:

  Name &quot;AI Agent Bus&quot;:
  &lt;h2
    class=&quot;text-3xl font-bold text-gray-900&quot;
  /&gt;

  Name &quot;Development Mode&quot;:
  &lt;h3
    class=&quot;text-sm font-medium text-yellow-800&quot;
  /&gt;

  --------------------------------------------------
  paragraph:

  Name &quot;&quot;:
  &lt;p
    class=&quot;mt-2 text-sm text-gray-600&quot;
  /&gt;

  Name &quot;&quot;:
  &lt;p /&gt;

  --------------------------------------------------
  button:

  Name &quot;Logging in...&quot;:
  &lt;button
    class=&quot;bg-yellow-100 hover:bg-yellow-200 text-yellow-800 text-sm font-medium px-3 py-2 rounded-md transition-colors duration-200 disabled:opacity-50&quot;
    disabled=&quot;&quot;
    type=&quot;button&quot;
  /&gt;

  Name &quot;Signing in...&quot;:
  &lt;button
    class=&quot;group relative w-full flex justify-center py-2 px-4 border border-transparent text-sm font-medium rounded-md text-white bg-blue-600 hover:bg-blue-700 focus:outline-none focus:ring-2 focus:ring-offset-2 focus:ring-blue-500 disabled:opacity-50 disabled:cursor-not-allowed transition-colors duration-200&quot;
    disabled=&quot;&quot;
    type=&quot;submit&quot;
  /&gt;

  --------------------------------------------------
  textbox:

  Name &quot;Email address&quot;:
  &lt;input
    autocomplete=&quot;email&quot;
    class=&quot;appearance-none block w-full px-3 py-2 border border-gray-300 rounded-md placeholder-gray-400 focus:outline-none focus:ring-blue-500 focus:border-blue-500 sm:text-sm&quot;
    id=&quot;email&quot;
    name=&quot;email&quot;
    placeholder=&quot;demo@acme.com&quot;
    required=&quot;&quot;
    type=&quot;email&quot;
  /&gt;

  --------------------------------------------------

Ignored nodes: comments, script, style
&lt;body&gt;
  &lt;div&gt;
    &lt;div
      class=&quot;min-h-screen bg-gray-50 flex flex-col justify-center py-12 sm:px-6 lg:px-8&quot;
    &gt;
      &lt;div
        class=&quot;sm:mx-auto sm:w-full sm:max-w-md&quot;
      &gt;
        &lt;div
          class=&quot;text-center&quot;
        &gt;
          &lt;h2
            class=&quot;text-3xl font-bold text-gray-900&quot;
          &gt;
            AI Agent Bus
          &lt;/h2&gt;
          &lt;p
            class=&quot;mt-2 text-sm text-gray-600&quot;
          &gt;
            Multi-tenant workflow automation platform
          &lt;/p&gt;
        &lt;/div&gt;
      &lt;/div&gt;
      &lt;div
        class=&quot;mt-8 sm:mx-auto sm:w-full sm:max-w-md&quot;
      &gt;
        &lt;div
          class=&quot;bg-white py-8 px-4 shadow sm:rounded-lg sm:px-10&quot;
        &gt;
          &lt;div
            class=&quot;mb-6 p-4 bg-yellow-50 border border-yellow-200 rounded-md&quot;
          &gt;
            &lt;div
              class=&quot;flex&quot;
            &gt;
              &lt;div
                class=&quot;flex-shrink-0&quot;
              &gt;
                &lt;svg
                  class=&quot;h-5 w-5 text-yellow-400&quot;
                  fill=&quot;currentColor&quot;
                  viewBox=&quot;0 0 20 20&quot;
                &gt;
                  &lt;path
                    clip-rule=&quot;evenodd&quot;
                    d=&quot;M8.257 3.099c.765-1.36 2.722-1.36 3.486 0l5.58 9.92c.75 1.334-.213 2.98-1.742 2.98H4.42c-1.53 0-2.493-1.646-1.743-2.98l5.58-9.92zM11 13a1 1 0 11-2 0 1 1 0 012 0zm-1-8a1 1 0 00-1 1v3a1 1 0 002 0V6a1 1 0 00-1-1z&quot;
                    fill-rule=&quot;evenodd&quot;
                  /&gt;
                &lt;/svg&gt;
              &lt;/div&gt;
              &lt;div
                class=&quot;ml-3&quot;
              &gt;
                &lt;h3
                  class=&quot;text-sm font-medium text-yellow-800&quot;
                &gt;
                  Development Mode
                &lt;/h3&gt;
                &lt;div
                  class=&quot;mt-2 text-sm text-yellow-700&quot;
                &gt;
                  &lt;p&gt;
                    Authentication is in dev mode. You&apos;ll be logged in as Demo User (user-demo-123) in the Acme organization.
                  &lt;/p&gt;
                &lt;/div&gt;
                &lt;div
                  class=&quot;mt-3&quot;
                &gt;
                  &lt;button
                    class=&quot;bg-yellow-100 hover:bg-yellow-200 text-yellow-800 text-sm font-medium px-3 py-2 rounded-md transition-colors duration-200 disabled:opacity-50&quot;
                    disabled=&quot;&quot;
                    type=&quot;button&quot;
                  &gt;
                    Logging in...
                  &lt;/button&gt;
                &lt;/div&gt;
              &lt;/div&gt;
            &lt;/div&gt;
          &lt;/div&gt;
          &lt;form
            class=&quot;space-y-6&quot;
          &gt;
            &lt;div&gt;
              &lt;label
                class=&quot;block text-sm font-medium text-gray-700&quot;
                for=&quot;email&quot;
              &gt;
                Email address
              &lt;/label&gt;
              &lt;div
                class=&quot;mt-1&quot;
              &gt;
                &lt;input
                  autocomplete=&quot;email&quot;
                  class=&quot;appearance-none block w-full px-3 py-2 border border-gray-300 rounded-md placeholder-gray-400 focus:outline-none focus:ring-blue-500 focus:border-blue-500 sm:text-sm&quot;
                  id=&quot;email&quot;
                  name=&quot;email&quot;
                  placeholder=&quot;demo@acme.com&quot;
                  required=&quot;&quot;
                  type=&quot;email&quot;
                /&gt;
              &lt;/div&gt;
            &lt;/div&gt;
            &lt;div&gt;
              &lt;label
                class=&quot;block text-sm font-medium text-gray-700&quot;
                for=&quot;password&quot;
              &gt;
                Password
              &lt;/label&gt;
              &lt;div
                class=&quot;mt-1&quot;
              &gt;
                &lt;input
                  autocomplete=&quot;current-password&quot;
                  class=&quot;appearance-none block w-full px-3 py-2 border border-gray-300 rounded-md placeholder-gray-400 focus:outline-none focus:ring-blue-500 focus:border-blue-500 sm:text-sm&quot;
                  id=&quot;password&quot;
                  name=&quot;password&quot;
                  required=&quot;&quot;
                  type=&quot;password&quot;
                /&gt;
              &lt;/div&gt;
            &lt;/div&gt;
            
            &lt;div&gt;
              &lt;button
                class=&quot;group relative w-full flex justify-center py-2 px-4 border border-transparent text-sm font-medium rounded-md text-white bg-blue-600 hover:bg-blue-700 focus:outline-none focus:ring-2 focus:ring-offset-2 focus:ring-blue-500 disabled:opacity-50 disabled:cursor-not-allowed transition-colors duration-200&quot;
                disabled=&quot;&quot;
                type=&quot;submit&quot;
              &gt;
                Signing in...
              &lt;/button&gt;
            &lt;/div&gt;
          &lt;/form&gt;
          
        &lt;/div&gt;
      &lt;/div&gt;
    &lt;/div&gt;
  &lt;/div&gt;
&lt;/body&gt;
 ❯ Object.getElementError ../node_modules/@testing-library/dom/dist/config.js:37:19
 ❯ ../node_modules/@testing-library/dom/dist/query-helpers.js:76:38
 ❯ ../node_modules/@testing-library/dom/dist/query-helpers.js:52:17
 ❯ getByRole ../node_modules/@testing-library/dom/dist/query-helpers.js:95:19
 ❯ test/components/auth/LoginForm.test.tsx:145:34
            </failure>
        </testcase>
        <testcase classname="test/components/auth/LoginForm.test.tsx" name="LoginForm &gt; should show error for dev mode quick login failure" time="0.0441535">
            <failure message="Unable to find an accessible element with the role &quot;button&quot; and name `/quick dev login/i`

Here are the accessible roles:

  heading:

  Name &quot;AI Agent Bus&quot;:
  [36m&lt;h2[39m
    [33mclass[39m=[32m&quot;text-3xl font-bold text-gray-900&quot;[39m
  [36m/&gt;[39m

  Name &quot;Development Mode&quot;:
  [36m&lt;h3[39m
    [33mclass[39m=[32m&quot;text-sm font-medium text-yellow-800&quot;[39m
  [36m/&gt;[39m

  --------------------------------------------------
  paragraph:

  Name &quot;&quot;:
  [36m&lt;p[39m
    [33mclass[39m=[32m&quot;mt-2 text-sm text-gray-600&quot;[39m
  [36m/&gt;[39m

  Name &quot;&quot;:
  [36m&lt;p /&gt;[39m

  --------------------------------------------------
  button:

  Name &quot;Logging in...&quot;:
  [36m&lt;button[39m
    [33mclass[39m=[32m&quot;bg-yellow-100 hover:bg-yellow-200 text-yellow-800 text-sm font-medium px-3 py-2 rounded-md transition-colors duration-200 disabled:opacity-50&quot;[39m
    [33mdisabled[39m=[32m&quot;&quot;[39m
    [33mtype[39m=[32m&quot;button&quot;[39m
  [36m/&gt;[39m

  Name &quot;Signing in...&quot;:
  [36m&lt;button[39m
    [33mclass[39m=[32m&quot;group relative w-full flex justify-center py-2 px-4 border border-transparent text-sm font-medium rounded-md text-white bg-blue-600 hover:bg-blue-700 focus:outline-none focus:ring-2 focus:ring-offset-2 focus:ring-blue-500 disabled:opacity-50 disabled:cursor-not-allowed transition-colors duration-200&quot;[39m
    [33mdisabled[39m=[32m&quot;&quot;[39m
    [33mtype[39m=[32m&quot;submit&quot;[39m
  [36m/&gt;[39m

  --------------------------------------------------
  textbox:

  Name &quot;Email address&quot;:
  [36m&lt;input[39m
    [33mautocomplete[39m=[32m&quot;email&quot;[39m
    [33mclass[39m=[32m&quot;appearance-none block w-full px-3 py-2 border border-gray-300 rounded-md placeholder-gray-400 focus:outline-none focus:ring-blue-500 focus:border-blue-500 sm:text-sm&quot;[39m
    [33mid[39m=[32m&quot;email&quot;[39m
    [33mname[39m=[32m&quot;email&quot;[39m
    [33mplaceholder[39m=[32m&quot;demo@acme.com&quot;[39m
    [33mrequired[39m=[32m&quot;&quot;[39m
    [33mtype[39m=[32m&quot;email&quot;[39m
  [36m/&gt;[39m

  --------------------------------------------------

Ignored nodes: comments, script, style
[36m&lt;body&gt;[39m
  [36m&lt;div&gt;[39m
    [36m&lt;div[39m
      [33mclass[39m=[32m&quot;min-h-screen bg-gray-50 flex flex-col justify-center py-12 sm:px-6 lg:px-8&quot;[39m
    [36m&gt;[39m
      [36m&lt;div[39m
        [33mclass[39m=[32m&quot;sm:mx-auto sm:w-full sm:max-w-md&quot;[39m
      [36m&gt;[39m
        [36m&lt;div[39m
          [33mclass[39m=[32m&quot;text-center&quot;[39m
        [36m&gt;[39m
          [36m&lt;h2[39m
            [33mclass[39m=[32m&quot;text-3xl font-bold text-gray-900&quot;[39m
          [36m&gt;[39m
            [0mAI Agent Bus[0m
          [36m&lt;/h2&gt;[39m
          [36m&lt;p[39m
            [33mclass[39m=[32m&quot;mt-2 text-sm text-gray-600&quot;[39m
          [36m&gt;[39m
            [0mMulti-tenant workflow automation platform[0m
          [36m&lt;/p&gt;[39m
        [36m&lt;/div&gt;[39m
      [36m&lt;/div&gt;[39m
      [36m&lt;div[39m
        [33mclass[39m=[32m&quot;mt-8 sm:mx-auto sm:w-full sm:max-w-md&quot;[39m
      [36m&gt;[39m
        [36m&lt;div[39m
          [33mclass[39m=[32m&quot;bg-white py-8 px-4 shadow sm:rounded-lg sm:px-10&quot;[39m
        [36m&gt;[39m
          [36m&lt;div[39m
            [33mclass[39m=[32m&quot;mb-6 p-4 bg-yellow-50 border border-yellow-200 rounded-md&quot;[39m
          [36m&gt;[39m
            [36m&lt;div[39m
              [33mclass[39m=[32m&quot;flex&quot;[39m
            [36m&gt;[39m
              [36m&lt;div[39m
                [33mclass[39m=[32m&quot;flex-shrink-0&quot;[39m
              [36m&gt;[39m
                [36m&lt;svg[39m
                  [33mclass[39m=[32m&quot;h-5 w-5 text-yellow-400&quot;[39m
                  [33mfill[39m=[32m&quot;currentColor&quot;[39m
                  [33mviewBox[39m=[32m&quot;0 0 20 20&quot;[39m
                [36m&gt;[39m
                  [36m&lt;path[39m
                    [33mclip-rule[39m=[32m&quot;evenodd&quot;[39m
                    [33md[39m=[32m&quot;M8.257 3.099c.765-1.36 2.722-1.36 3.486 0l5.58 9.92c.75 1.334-.213 2.98-1.742 2.98H4.42c-1.53 0-2.493-1.646-1.743-2.98l5.58-9.92zM11 13a1 1 0 11-2 0 1 1 0 012 0zm-1-8a1 1 0 00-1 1v3a1 1 0 002 0V6a1 1 0 00-1-1z&quot;[39m
                    [33mfill-rule[39m=[32m&quot;evenodd&quot;[39m
                  [36m/&gt;[39m
                [36m&lt;/svg&gt;[39m
              [36m&lt;/div&gt;[39m
              [36m&lt;div[39m
                [33mclass[39m=[32m&quot;ml-3&quot;[39m
              [36m&gt;[39m
                [36m&lt;h3[39m
                  [33mclass[39m=[32m&quot;text-sm font-medium text-yellow-800&quot;[39m
                [36m&gt;[39m
                  [0mDevelopment Mode[0m
                [36m&lt;/h3&gt;[39m
                [36m&lt;div[39m
                  [33mclass[39m=[32m&quot;mt-2 text-sm text-yellow-700&quot;[39m
                [36m&gt;[39m
                  [36m&lt;p&gt;[39m
                    [0mAuthentication is in dev mode. You&apos;ll be logged in as Demo User (user-demo-123) in the Acme organization.[0m
                  [36m&lt;/p&gt;[39m
                [36m&lt;/div&gt;[39m
                [36m&lt;div[39m
                  [33mclass[39m=[32m&quot;mt-3&quot;[39m
                [36m&gt;[39m
                  [36m&lt;button[39m
                    [33mclass[39m=[32m&quot;bg-yellow-100 hover:bg-yellow-200 text-yellow-800 text-sm font-medium px-3 py-2 rounded-md transition-colors duration-200 disabled:opacity-50&quot;[39m
                    [33mdisabled[39m=[32m&quot;&quot;[39m
                    [33mtype[39m=[32m&quot;button&quot;[39m
                  [36m&gt;[39m
                    [0mLogging in...[0m
                  [36m&lt;/button&gt;[39m
                [36m&lt;/div&gt;[39m
              [36m&lt;/div&gt;[39m
            [36m&lt;/div&gt;[39m
          [36m&lt;/div&gt;[39m
          [36m&lt;form[39m
            [33mclass[39m=[32m&quot;space-y-6&quot;[39m
          [36m&gt;[39m
            [36m&lt;div&gt;[39m
              [36m&lt;label[39m
                [33mclass[39m=[32m&quot;block text-sm font-medium text-gray-700&quot;[39m
                [33mfor[39m=[32m&quot;email&quot;[39m
              [36m&gt;[39m
                [0mEmail address[0m
              [36m&lt;/label&gt;[39m
              [36m&lt;div[39m
                [33mclass[39m=[32m&quot;mt-1&quot;[39m
              [36m&gt;[39m
                [36m&lt;input[39m
                  [33mautocomplete[39m=[32m&quot;email&quot;[39m
                  [33mclass[39m=[32m&quot;appearance-none block w-full px-3 py-2 border border-gray-300 rounded-md placeholder-gray-400 focus:outline-none focus:ring-blue-500 focus:border-blue-500 sm:text-sm&quot;[39m
                  [33mid[39m=[32m&quot;email&quot;[39m
                  [33mname[39m=[32m&quot;email&quot;[39m
                  [33mplaceholder[39m=[32m&quot;demo@acme.com&quot;[39m
                  [33mrequired[39m=[32m&quot;&quot;[39m
                  [33mtype[39m=[32m&quot;email&quot;[39m
                [36m/&gt;[39m
              [36m&lt;/div&gt;[39m
            [36m&lt;/div&gt;[39m
            [36m&lt;div&gt;[39m
              [36m&lt;label[39m
                [33mclass[39m=[32m&quot;block text-sm font-medium text-gray-700&quot;[39m
                [33mfor[39m=[32m&quot;password&quot;[39m
              [36m&gt;[39m
                [0mPassword[0m
              [36m&lt;/label&gt;[39m
              [36m&lt;div[39m
                [33mclass[39m=[32m&quot;mt-1&quot;[39m
              [36m&gt;[39m
                [36m&lt;input[39m
                  [33mautocomplete[39m=[32m&quot;current-password&quot;[39m
                  [33mclass[39m=[32m&quot;appearance-none block w-full px-3 py-2 border border-gray-300 rounded-md placeholder-gray-400 focus:outline-none focus:ring-blue-500 focus:border-blue-500 sm:text-sm&quot;[39m
                  [33mid[39m=[32m&quot;password&quot;[39m
                  [33mname[39m=[32m&quot;password&quot;[39m
                  [33mrequired[39m=[32m&quot;&quot;[39m
                  [33mtype[39m=[32m&quot;password&quot;[39m
                [36m/&gt;[39m
              [36m&lt;/div&gt;[39m
            [36m&lt;/div&gt;[39m
            [0m[0m
            [36m&lt;div&gt;[39m
              [36m&lt;button[39m
                [33mclass[39m=[32m&quot;group relative w-full flex justify-center py-2 px-4 border border-transparent text-sm font-medium rounded-md text-white bg-blue-600 hover:bg-blue-700 focus:outline-none focus:ring-2 focus:ring-offset-2 focus:ring-blue-500 disabled:opacity-50 disabled:cursor-not-allowed transition-colors duration-200&quot;[39m
                [33mdisabled[39m=[32m&quot;&quot;[39m
                [33mtype[39m=[32m&quot;submit&quot;[39m
              [36m&gt;[39m
                [0mSigning in...[0m
              [36m&lt;/button&gt;[39m
            [36m&lt;/div&gt;[39m
          [36m&lt;/form&gt;[39m
          [0m[0m
        [36m&lt;/div&gt;[39m
      [36m&lt;/div&gt;[39m
    [36m&lt;/div&gt;[39m
  [36m&lt;/div&gt;[39m
[36m&lt;/body&gt;[39m" type="TestingLibraryElementError">
TestingLibraryElementError: Unable to find an accessible element with the role &quot;button&quot; and name `/quick dev login/i`

Here are the accessible roles:

  heading:

  Name &quot;AI Agent Bus&quot;:
  &lt;h2
    class=&quot;text-3xl font-bold text-gray-900&quot;
  /&gt;

  Name &quot;Development Mode&quot;:
  &lt;h3
    class=&quot;text-sm font-medium text-yellow-800&quot;
  /&gt;

  --------------------------------------------------
  paragraph:

  Name &quot;&quot;:
  &lt;p
    class=&quot;mt-2 text-sm text-gray-600&quot;
  /&gt;

  Name &quot;&quot;:
  &lt;p /&gt;

  --------------------------------------------------
  button:

  Name &quot;Logging in...&quot;:
  &lt;button
    class=&quot;bg-yellow-100 hover:bg-yellow-200 text-yellow-800 text-sm font-medium px-3 py-2 rounded-md transition-colors duration-200 disabled:opacity-50&quot;
    disabled=&quot;&quot;
    type=&quot;button&quot;
  /&gt;

  Name &quot;Signing in...&quot;:
  &lt;button
    class=&quot;group relative w-full flex justify-center py-2 px-4 border border-transparent text-sm font-medium rounded-md text-white bg-blue-600 hover:bg-blue-700 focus:outline-none focus:ring-2 focus:ring-offset-2 focus:ring-blue-500 disabled:opacity-50 disabled:cursor-not-allowed transition-colors duration-200&quot;
    disabled=&quot;&quot;
    type=&quot;submit&quot;
  /&gt;

  --------------------------------------------------
  textbox:

  Name &quot;Email address&quot;:
  &lt;input
    autocomplete=&quot;email&quot;
    class=&quot;appearance-none block w-full px-3 py-2 border border-gray-300 rounded-md placeholder-gray-400 focus:outline-none focus:ring-blue-500 focus:border-blue-500 sm:text-sm&quot;
    id=&quot;email&quot;
    name=&quot;email&quot;
    placeholder=&quot;demo@acme.com&quot;
    required=&quot;&quot;
    type=&quot;email&quot;
  /&gt;

  --------------------------------------------------

Ignored nodes: comments, script, style
&lt;body&gt;
  &lt;div&gt;
    &lt;div
      class=&quot;min-h-screen bg-gray-50 flex flex-col justify-center py-12 sm:px-6 lg:px-8&quot;
    &gt;
      &lt;div
        class=&quot;sm:mx-auto sm:w-full sm:max-w-md&quot;
      &gt;
        &lt;div
          class=&quot;text-center&quot;
        &gt;
          &lt;h2
            class=&quot;text-3xl font-bold text-gray-900&quot;
          &gt;
            AI Agent Bus
          &lt;/h2&gt;
          &lt;p
            class=&quot;mt-2 text-sm text-gray-600&quot;
          &gt;
            Multi-tenant workflow automation platform
          &lt;/p&gt;
        &lt;/div&gt;
      &lt;/div&gt;
      &lt;div
        class=&quot;mt-8 sm:mx-auto sm:w-full sm:max-w-md&quot;
      &gt;
        &lt;div
          class=&quot;bg-white py-8 px-4 shadow sm:rounded-lg sm:px-10&quot;
        &gt;
          &lt;div
            class=&quot;mb-6 p-4 bg-yellow-50 border border-yellow-200 rounded-md&quot;
          &gt;
            &lt;div
              class=&quot;flex&quot;
            &gt;
              &lt;div
                class=&quot;flex-shrink-0&quot;
              &gt;
                &lt;svg
                  class=&quot;h-5 w-5 text-yellow-400&quot;
                  fill=&quot;currentColor&quot;
                  viewBox=&quot;0 0 20 20&quot;
                &gt;
                  &lt;path
                    clip-rule=&quot;evenodd&quot;
                    d=&quot;M8.257 3.099c.765-1.36 2.722-1.36 3.486 0l5.58 9.92c.75 1.334-.213 2.98-1.742 2.98H4.42c-1.53 0-2.493-1.646-1.743-2.98l5.58-9.92zM11 13a1 1 0 11-2 0 1 1 0 012 0zm-1-8a1 1 0 00-1 1v3a1 1 0 002 0V6a1 1 0 00-1-1z&quot;
                    fill-rule=&quot;evenodd&quot;
                  /&gt;
                &lt;/svg&gt;
              &lt;/div&gt;
              &lt;div
                class=&quot;ml-3&quot;
              &gt;
                &lt;h3
                  class=&quot;text-sm font-medium text-yellow-800&quot;
                &gt;
                  Development Mode
                &lt;/h3&gt;
                &lt;div
                  class=&quot;mt-2 text-sm text-yellow-700&quot;
                &gt;
                  &lt;p&gt;
                    Authentication is in dev mode. You&apos;ll be logged in as Demo User (user-demo-123) in the Acme organization.
                  &lt;/p&gt;
                &lt;/div&gt;
                &lt;div
                  class=&quot;mt-3&quot;
                &gt;
                  &lt;button
                    class=&quot;bg-yellow-100 hover:bg-yellow-200 text-yellow-800 text-sm font-medium px-3 py-2 rounded-md transition-colors duration-200 disabled:opacity-50&quot;
                    disabled=&quot;&quot;
                    type=&quot;button&quot;
                  &gt;
                    Logging in...
                  &lt;/button&gt;
                &lt;/div&gt;
              &lt;/div&gt;
            &lt;/div&gt;
          &lt;/div&gt;
          &lt;form
            class=&quot;space-y-6&quot;
          &gt;
            &lt;div&gt;
              &lt;label
                class=&quot;block text-sm font-medium text-gray-700&quot;
                for=&quot;email&quot;
              &gt;
                Email address
              &lt;/label&gt;
              &lt;div
                class=&quot;mt-1&quot;
              &gt;
                &lt;input
                  autocomplete=&quot;email&quot;
                  class=&quot;appearance-none block w-full px-3 py-2 border border-gray-300 rounded-md placeholder-gray-400 focus:outline-none focus:ring-blue-500 focus:border-blue-500 sm:text-sm&quot;
                  id=&quot;email&quot;
                  name=&quot;email&quot;
                  placeholder=&quot;demo@acme.com&quot;
                  required=&quot;&quot;
                  type=&quot;email&quot;
                /&gt;
              &lt;/div&gt;
            &lt;/div&gt;
            &lt;div&gt;
              &lt;label
                class=&quot;block text-sm font-medium text-gray-700&quot;
                for=&quot;password&quot;
              &gt;
                Password
              &lt;/label&gt;
              &lt;div
                class=&quot;mt-1&quot;
              &gt;
                &lt;input
                  autocomplete=&quot;current-password&quot;
                  class=&quot;appearance-none block w-full px-3 py-2 border border-gray-300 rounded-md placeholder-gray-400 focus:outline-none focus:ring-blue-500 focus:border-blue-500 sm:text-sm&quot;
                  id=&quot;password&quot;
                  name=&quot;password&quot;
                  required=&quot;&quot;
                  type=&quot;password&quot;
                /&gt;
              &lt;/div&gt;
            &lt;/div&gt;
            
            &lt;div&gt;
              &lt;button
                class=&quot;group relative w-full flex justify-center py-2 px-4 border border-transparent text-sm font-medium rounded-md text-white bg-blue-600 hover:bg-blue-700 focus:outline-none focus:ring-2 focus:ring-offset-2 focus:ring-blue-500 disabled:opacity-50 disabled:cursor-not-allowed transition-colors duration-200&quot;
                disabled=&quot;&quot;
                type=&quot;submit&quot;
              &gt;
                Signing in...
              &lt;/button&gt;
            &lt;/div&gt;
          &lt;/form&gt;
          
        &lt;/div&gt;
      &lt;/div&gt;
    &lt;/div&gt;
  &lt;/div&gt;
&lt;/body&gt;
 ❯ Object.getElementError ../node_modules/@testing-library/dom/dist/config.js:37:19
 ❯ ../node_modules/@testing-library/dom/dist/query-helpers.js:76:38
 ❯ ../node_modules/@testing-library/dom/dist/query-helpers.js:52:17
 ❯ getByRole ../node_modules/@testing-library/dom/dist/query-helpers.js:95:19
 ❯ test/components/auth/LoginForm.test.tsx:167:34
            </failure>
        </testcase>
        <testcase classname="test/components/auth/LoginForm.test.tsx" name="LoginForm &gt; should require email and password fields" time="0.0027346">
        </testcase>
        <testcase classname="test/components/auth/LoginForm.test.tsx" name="LoginForm &gt; should have proper form attributes" time="0.0022639">
        </testcase>
        <testcase classname="test/components/auth/LoginForm.test.tsx" name="LoginForm &gt; should show production message when not in dev mode" time="0.0035015">
            <failure message="Unable to find an element with the text: Production authentication coming soon. This could be because the text is broken up by multiple elements. In this case, you can provide a function for your text matcher to make your matcher more flexible.

Ignored nodes: comments, script, style
[36m&lt;body&gt;[39m
  [36m&lt;div&gt;[39m
    [36m&lt;div[39m
      [33mclass[39m=[32m&quot;min-h-screen bg-gray-50 flex flex-col justify-center py-12 sm:px-6 lg:px-8&quot;[39m
    [36m&gt;[39m
      [36m&lt;div[39m
        [33mclass[39m=[32m&quot;sm:mx-auto sm:w-full sm:max-w-md&quot;[39m
      [36m&gt;[39m
        [36m&lt;div[39m
          [33mclass[39m=[32m&quot;text-center&quot;[39m
        [36m&gt;[39m
          [36m&lt;h2[39m
            [33mclass[39m=[32m&quot;text-3xl font-bold text-gray-900&quot;[39m
          [36m&gt;[39m
            [0mAI Agent Bus[0m
          [36m&lt;/h2&gt;[39m
          [36m&lt;p[39m
            [33mclass[39m=[32m&quot;mt-2 text-sm text-gray-600&quot;[39m
          [36m&gt;[39m
            [0mMulti-tenant workflow automation platform[0m
          [36m&lt;/p&gt;[39m
        [36m&lt;/div&gt;[39m
      [36m&lt;/div&gt;[39m
      [36m&lt;div[39m
        [33mclass[39m=[32m&quot;mt-8 sm:mx-auto sm:w-full sm:max-w-md&quot;[39m
      [36m&gt;[39m
        [36m&lt;div[39m
          [33mclass[39m=[32m&quot;bg-white py-8 px-4 shadow sm:rounded-lg sm:px-10&quot;[39m
        [36m&gt;[39m
          [36m&lt;div[39m
            [33mclass[39m=[32m&quot;mb-6 p-4 bg-yellow-50 border border-yellow-200 rounded-md&quot;[39m
          [36m&gt;[39m
            [36m&lt;div[39m
              [33mclass[39m=[32m&quot;flex&quot;[39m
            [36m&gt;[39m
              [36m&lt;div[39m
                [33mclass[39m=[32m&quot;flex-shrink-0&quot;[39m
              [36m&gt;[39m
                [36m&lt;svg[39m
                  [33mclass[39m=[32m&quot;h-5 w-5 text-yellow-400&quot;[39m
                  [33mfill[39m=[32m&quot;currentColor&quot;[39m
                  [33mviewBox[39m=[32m&quot;0 0 20 20&quot;[39m
                [36m&gt;[39m
                  [36m&lt;path[39m
                    [33mclip-rule[39m=[32m&quot;evenodd&quot;[39m
                    [33md[39m=[32m&quot;M8.257 3.099c.765-1.36 2.722-1.36 3.486 0l5.58 9.92c.75 1.334-.213 2.98-1.742 2.98H4.42c-1.53 0-2.493-1.646-1.743-2.98l5.58-9.92zM11 13a1 1 0 11-2 0 1 1 0 012 0zm-1-8a1 1 0 00-1 1v3a1 1 0 002 0V6a1 1 0 00-1-1z&quot;[39m
                    [33mfill-rule[39m=[32m&quot;evenodd&quot;[39m
                  [36m/&gt;[39m
                [36m&lt;/svg&gt;[39m
              [36m&lt;/div&gt;[39m
              [36m&lt;div[39m
                [33mclass[39m=[32m&quot;ml-3&quot;[39m
              [36m&gt;[39m
                [36m&lt;h3[39m
                  [33mclass[39m=[32m&quot;text-sm font-medium text-yellow-800&quot;[39m
                [36m&gt;[39m
                  [0mDevelopment Mode[0m
                [36m&lt;/h3&gt;[39m
                [36m&lt;div[39m
                  [33mclass[39m=[32m&quot;mt-2 text-sm text-yellow-700&quot;[39m
                [36m&gt;[39m
                  [36m&lt;p&gt;[39m
                    [0mAuthentication is in dev mode. You&apos;ll be logged in as Demo User (user-demo-123) in the Acme organization.[0m
                  [36m&lt;/p&gt;[39m
                [36m&lt;/div&gt;[39m
                [36m&lt;div[39m
                  [33mclass[39m=[32m&quot;mt-3&quot;[39m
                [36m&gt;[39m
                  [36m&lt;button[39m
                    [33mclass[39m=[32m&quot;bg-yellow-100 hover:bg-yellow-200 text-yellow-800 text-sm font-medium px-3 py-2 rounded-md transition-colors duration-200 disabled:opacity-50&quot;[39m
                    [33mdisabled[39m=[32m&quot;&quot;[39m
                    [33mtype[39m=[32m&quot;button&quot;[39m
                  [36m&gt;[39m
                    [0mLogging in...[0m
                  [36m&lt;/button&gt;[39m
                [36m&lt;/div&gt;[39m
              [36m&lt;/div&gt;[39m
            [36m&lt;/div&gt;[39m
          [36m&lt;/div&gt;[39m
          [36m&lt;form[39m
            [33mclass[39m=[32m&quot;space-y-6&quot;[39m
          [36m&gt;[39m
            [36m&lt;div&gt;[39m
              [36m&lt;label[39m
                [33mclass[39m=[32m&quot;block text-sm font-medium text-gray-700&quot;[39m
                [33mfor[39m=[32m&quot;email&quot;[39m
              [36m&gt;[39m
                [0mEmail address[0m
              [36m&lt;/label&gt;[39m
              [36m&lt;div[39m
                [33mclass[39m=[32m&quot;mt-1&quot;[39m
              [36m&gt;[39m
                [36m&lt;input[39m
                  [33mautocomplete[39m=[32m&quot;email&quot;[39m
                  [33mclass[39m=[32m&quot;appearance-none block w-full px-3 py-2 border border-gray-300 rounded-md placeholder-gray-400 focus:outline-none focus:ring-blue-500 focus:border-blue-500 sm:text-sm&quot;[39m
                  [33mid[39m=[32m&quot;email&quot;[39m
                  [33mname[39m=[32m&quot;email&quot;[39m
                  [33mplaceholder[39m=[32m&quot;demo@acme.com&quot;[39m
                  [33mrequired[39m=[32m&quot;&quot;[39m
                  [33mtype[39m=[32m&quot;email&quot;[39m
                [36m/&gt;[39m
              [36m&lt;/div&gt;[39m
            [36m&lt;/div&gt;[39m
            [36m&lt;div&gt;[39m
              [36m&lt;label[39m
                [33mclass[39m=[32m&quot;block text-sm font-medium text-gray-700&quot;[39m
                [33mfor[39m=[32m&quot;password&quot;[39m
              [36m&gt;[39m
                [0mPassword[0m
              [36m&lt;/label&gt;[39m
              [36m&lt;div[39m
                [33mclass[39m=[32m&quot;mt-1&quot;[39m
              [36m&gt;[39m
                [36m&lt;input[39m
                  [33mautocomplete[39m=[32m&quot;current-password&quot;[39m
                  [33mclass[39m=[32m&quot;appearance-none block w-full px-3 py-2 border border-gray-300 rounded-md placeholder-gray-400 focus:outline-none focus:ring-blue-500 focus:border-blue-500 sm:text-sm&quot;[39m
                  [33mid[39m=[32m&quot;password&quot;[39m
                  [33mname[39m=[32m&quot;password&quot;[39m
                  [33mrequired[39m=[32m&quot;&quot;[39m
                  [33mtype[39m=[32m&quot;password&quot;[39m
                [36m/&gt;[39m
              [36m&lt;/div&gt;[39m
            [36m&lt;/div&gt;[39m
            [0m[0m
            [36m&lt;div&gt;[39m
              [36m&lt;button[39m
                [33mclass[39m=[32m&quot;group relative w-full flex justify-center py-2 px-4 border border-transparent text-sm font-medium rounded-md text-white bg-blue-600 hover:bg-blue-700 focus:outline-none focus:ring-2 focus:ring-offset-2 focus:ring-blue-500 disabled:opacity-50 disabled:cursor-not-allowed transition-colors duration-200&quot;[39m
                [33mdisabled[39m=[32m&quot;&quot;[39m
                [33mtype[39m=[32m&quot;submit&quot;[39m
              [36m&gt;[39m
                [0mSigning in...[0m
              [36m&lt;/button&gt;[39m
            [36m&lt;/div&gt;[39m
          [36m&lt;/form&gt;[39m
          [0m[0m
        [36m&lt;/div&gt;[39m
      [36m&lt;/div&gt;[39m
    [36m&lt;/div&gt;[39m
  [36m&lt;/div&gt;[39m
[36m&lt;/body&gt;[39m" type="TestingLibraryElementError">
TestingLibraryElementError: Unable to find an element with the text: Production authentication coming soon. This could be because the text is broken up by multiple elements. In this case, you can provide a function for your text matcher to make your matcher more flexible.

Ignored nodes: comments, script, style
&lt;body&gt;
  &lt;div&gt;
    &lt;div
      class=&quot;min-h-screen bg-gray-50 flex flex-col justify-center py-12 sm:px-6 lg:px-8&quot;
    &gt;
      &lt;div
        class=&quot;sm:mx-auto sm:w-full sm:max-w-md&quot;
      &gt;
        &lt;div
          class=&quot;text-center&quot;
        &gt;
          &lt;h2
            class=&quot;text-3xl font-bold text-gray-900&quot;
          &gt;
            AI Agent Bus
          &lt;/h2&gt;
          &lt;p
            class=&quot;mt-2 text-sm text-gray-600&quot;
          &gt;
            Multi-tenant workflow automation platform
          &lt;/p&gt;
        &lt;/div&gt;
      &lt;/div&gt;
      &lt;div
        class=&quot;mt-8 sm:mx-auto sm:w-full sm:max-w-md&quot;
      &gt;
        &lt;div
          class=&quot;bg-white py-8 px-4 shadow sm:rounded-lg sm:px-10&quot;
        &gt;
          &lt;div
            class=&quot;mb-6 p-4 bg-yellow-50 border border-yellow-200 rounded-md&quot;
          &gt;
            &lt;div
              class=&quot;flex&quot;
            &gt;
              &lt;div
                class=&quot;flex-shrink-0&quot;
              &gt;
                &lt;svg
                  class=&quot;h-5 w-5 text-yellow-400&quot;
                  fill=&quot;currentColor&quot;
                  viewBox=&quot;0 0 20 20&quot;
                &gt;
                  &lt;path
                    clip-rule=&quot;evenodd&quot;
                    d=&quot;M8.257 3.099c.765-1.36 2.722-1.36 3.486 0l5.58 9.92c.75 1.334-.213 2.98-1.742 2.98H4.42c-1.53 0-2.493-1.646-1.743-2.98l5.58-9.92zM11 13a1 1 0 11-2 0 1 1 0 012 0zm-1-8a1 1 0 00-1 1v3a1 1 0 002 0V6a1 1 0 00-1-1z&quot;
                    fill-rule=&quot;evenodd&quot;
                  /&gt;
                &lt;/svg&gt;
              &lt;/div&gt;
              &lt;div
                class=&quot;ml-3&quot;
              &gt;
                &lt;h3
                  class=&quot;text-sm font-medium text-yellow-800&quot;
                &gt;
                  Development Mode
                &lt;/h3&gt;
                &lt;div
                  class=&quot;mt-2 text-sm text-yellow-700&quot;
                &gt;
                  &lt;p&gt;
                    Authentication is in dev mode. You&apos;ll be logged in as Demo User (user-demo-123) in the Acme organization.
                  &lt;/p&gt;
                &lt;/div&gt;
                &lt;div
                  class=&quot;mt-3&quot;
                &gt;
                  &lt;button
                    class=&quot;bg-yellow-100 hover:bg-yellow-200 text-yellow-800 text-sm font-medium px-3 py-2 rounded-md transition-colors duration-200 disabled:opacity-50&quot;
                    disabled=&quot;&quot;
                    type=&quot;button&quot;
                  &gt;
                    Logging in...
                  &lt;/button&gt;
                &lt;/div&gt;
              &lt;/div&gt;
            &lt;/div&gt;
          &lt;/div&gt;
          &lt;form
            class=&quot;space-y-6&quot;
          &gt;
            &lt;div&gt;
              &lt;label
                class=&quot;block text-sm font-medium text-gray-700&quot;
                for=&quot;email&quot;
              &gt;
                Email address
              &lt;/label&gt;
              &lt;div
                class=&quot;mt-1&quot;
              &gt;
                &lt;input
                  autocomplete=&quot;email&quot;
                  class=&quot;appearance-none block w-full px-3 py-2 border border-gray-300 rounded-md placeholder-gray-400 focus:outline-none focus:ring-blue-500 focus:border-blue-500 sm:text-sm&quot;
                  id=&quot;email&quot;
                  name=&quot;email&quot;
                  placeholder=&quot;demo@acme.com&quot;
                  required=&quot;&quot;
                  type=&quot;email&quot;
                /&gt;
              &lt;/div&gt;
            &lt;/div&gt;
            &lt;div&gt;
              &lt;label
                class=&quot;block text-sm font-medium text-gray-700&quot;
                for=&quot;password&quot;
              &gt;
                Password
              &lt;/label&gt;
              &lt;div
                class=&quot;mt-1&quot;
              &gt;
                &lt;input
                  autocomplete=&quot;current-password&quot;
                  class=&quot;appearance-none block w-full px-3 py-2 border border-gray-300 rounded-md placeholder-gray-400 focus:outline-none focus:ring-blue-500 focus:border-blue-500 sm:text-sm&quot;
                  id=&quot;password&quot;
                  name=&quot;password&quot;
                  required=&quot;&quot;
                  type=&quot;password&quot;
                /&gt;
              &lt;/div&gt;
            &lt;/div&gt;
            
            &lt;div&gt;
              &lt;button
                class=&quot;group relative w-full flex justify-center py-2 px-4 border border-transparent text-sm font-medium rounded-md text-white bg-blue-600 hover:bg-blue-700 focus:outline-none focus:ring-2 focus:ring-offset-2 focus:ring-blue-500 disabled:opacity-50 disabled:cursor-not-allowed transition-colors duration-200&quot;
                disabled=&quot;&quot;
                type=&quot;submit&quot;
              &gt;
                Signing in...
              &lt;/button&gt;
            &lt;/div&gt;
          &lt;/form&gt;
          
        &lt;/div&gt;
      &lt;/div&gt;
    &lt;/div&gt;
  &lt;/div&gt;
&lt;/body&gt;
 ❯ Object.getElementError ../node_modules/@testing-library/dom/dist/config.js:37:19
 ❯ ../node_modules/@testing-library/dom/dist/query-helpers.js:76:38
 ❯ ../node_modules/@testing-library/dom/dist/query-helpers.js:52:17
 ❯ getByText ../node_modules/@testing-library/dom/dist/query-helpers.js:95:19
 ❯ test/components/auth/LoginForm.test.tsx:201:19
            </failure>
        </testcase>
        <testcase classname="test/components/auth/LoginForm.test.tsx" name="LoginForm &gt; should clear error when form is resubmitted" time="0.0422064">
            <failure message="Unable to find an accessible element with the role &quot;button&quot; and name `/sign in/i`

Here are the accessible roles:

  heading:

  Name &quot;AI Agent Bus&quot;:
  [36m&lt;h2[39m
    [33mclass[39m=[32m&quot;text-3xl font-bold text-gray-900&quot;[39m
  [36m/&gt;[39m

  Name &quot;Development Mode&quot;:
  [36m&lt;h3[39m
    [33mclass[39m=[32m&quot;text-sm font-medium text-yellow-800&quot;[39m
  [36m/&gt;[39m

  --------------------------------------------------
  paragraph:

  Name &quot;&quot;:
  [36m&lt;p[39m
    [33mclass[39m=[32m&quot;mt-2 text-sm text-gray-600&quot;[39m
  [36m/&gt;[39m

  Name &quot;&quot;:
  [36m&lt;p /&gt;[39m

  --------------------------------------------------
  button:

  Name &quot;Logging in...&quot;:
  [36m&lt;button[39m
    [33mclass[39m=[32m&quot;bg-yellow-100 hover:bg-yellow-200 text-yellow-800 text-sm font-medium px-3 py-2 rounded-md transition-colors duration-200 disabled:opacity-50&quot;[39m
    [33mdisabled[39m=[32m&quot;&quot;[39m
    [33mtype[39m=[32m&quot;button&quot;[39m
  [36m/&gt;[39m

  Name &quot;Signing in...&quot;:
  [36m&lt;button[39m
    [33mclass[39m=[32m&quot;group relative w-full flex justify-center py-2 px-4 border border-transparent text-sm font-medium rounded-md text-white bg-blue-600 hover:bg-blue-700 focus:outline-none focus:ring-2 focus:ring-offset-2 focus:ring-blue-500 disabled:opacity-50 disabled:cursor-not-allowed transition-colors duration-200&quot;[39m
    [33mdisabled[39m=[32m&quot;&quot;[39m
    [33mtype[39m=[32m&quot;submit&quot;[39m
  [36m/&gt;[39m

  --------------------------------------------------
  textbox:

  Name &quot;Email address&quot;:
  [36m&lt;input[39m
    [33mautocomplete[39m=[32m&quot;email&quot;[39m
    [33mclass[39m=[32m&quot;appearance-none block w-full px-3 py-2 border border-gray-300 rounded-md placeholder-gray-400 focus:outline-none focus:ring-blue-500 focus:border-blue-500 sm:text-sm&quot;[39m
    [33mid[39m=[32m&quot;email&quot;[39m
    [33mname[39m=[32m&quot;email&quot;[39m
    [33mplaceholder[39m=[32m&quot;demo@acme.com&quot;[39m
    [33mrequired[39m=[32m&quot;&quot;[39m
    [33mtype[39m=[32m&quot;email&quot;[39m
  [36m/&gt;[39m

  --------------------------------------------------

Ignored nodes: comments, script, style
[36m&lt;body&gt;[39m
  [36m&lt;div&gt;[39m
    [36m&lt;div[39m
      [33mclass[39m=[32m&quot;min-h-screen bg-gray-50 flex flex-col justify-center py-12 sm:px-6 lg:px-8&quot;[39m
    [36m&gt;[39m
      [36m&lt;div[39m
        [33mclass[39m=[32m&quot;sm:mx-auto sm:w-full sm:max-w-md&quot;[39m
      [36m&gt;[39m
        [36m&lt;div[39m
          [33mclass[39m=[32m&quot;text-center&quot;[39m
        [36m&gt;[39m
          [36m&lt;h2[39m
            [33mclass[39m=[32m&quot;text-3xl font-bold text-gray-900&quot;[39m
          [36m&gt;[39m
            [0mAI Agent Bus[0m
          [36m&lt;/h2&gt;[39m
          [36m&lt;p[39m
            [33mclass[39m=[32m&quot;mt-2 text-sm text-gray-600&quot;[39m
          [36m&gt;[39m
            [0mMulti-tenant workflow automation platform[0m
          [36m&lt;/p&gt;[39m
        [36m&lt;/div&gt;[39m
      [36m&lt;/div&gt;[39m
      [36m&lt;div[39m
        [33mclass[39m=[32m&quot;mt-8 sm:mx-auto sm:w-full sm:max-w-md&quot;[39m
      [36m&gt;[39m
        [36m&lt;div[39m
          [33mclass[39m=[32m&quot;bg-white py-8 px-4 shadow sm:rounded-lg sm:px-10&quot;[39m
        [36m&gt;[39m
          [36m&lt;div[39m
            [33mclass[39m=[32m&quot;mb-6 p-4 bg-yellow-50 border border-yellow-200 rounded-md&quot;[39m
          [36m&gt;[39m
            [36m&lt;div[39m
              [33mclass[39m=[32m&quot;flex&quot;[39m
            [36m&gt;[39m
              [36m&lt;div[39m
                [33mclass[39m=[32m&quot;flex-shrink-0&quot;[39m
              [36m&gt;[39m
                [36m&lt;svg[39m
                  [33mclass[39m=[32m&quot;h-5 w-5 text-yellow-400&quot;[39m
                  [33mfill[39m=[32m&quot;currentColor&quot;[39m
                  [33mviewBox[39m=[32m&quot;0 0 20 20&quot;[39m
                [36m&gt;[39m
                  [36m&lt;path[39m
                    [33mclip-rule[39m=[32m&quot;evenodd&quot;[39m
                    [33md[39m=[32m&quot;M8.257 3.099c.765-1.36 2.722-1.36 3.486 0l5.58 9.92c.75 1.334-.213 2.98-1.742 2.98H4.42c-1.53 0-2.493-1.646-1.743-2.98l5.58-9.92zM11 13a1 1 0 11-2 0 1 1 0 012 0zm-1-8a1 1 0 00-1 1v3a1 1 0 002 0V6a1 1 0 00-1-1z&quot;[39m
                    [33mfill-rule[39m=[32m&quot;evenodd&quot;[39m
                  [36m/&gt;[39m
                [36m&lt;/svg&gt;[39m
              [36m&lt;/div&gt;[39m
              [36m&lt;div[39m
                [33mclass[39m=[32m&quot;ml-3&quot;[39m
              [36m&gt;[39m
                [36m&lt;h3[39m
                  [33mclass[39m=[32m&quot;text-sm font-medium text-yellow-800&quot;[39m
                [36m&gt;[39m
                  [0mDevelopment Mode[0m
                [36m&lt;/h3&gt;[39m
                [36m&lt;div[39m
                  [33mclass[39m=[32m&quot;mt-2 text-sm text-yellow-700&quot;[39m
                [36m&gt;[39m
                  [36m&lt;p&gt;[39m
                    [0mAuthentication is in dev mode. You&apos;ll be logged in as Demo User (user-demo-123) in the Acme organization.[0m
                  [36m&lt;/p&gt;[39m
                [36m&lt;/div&gt;[39m
                [36m&lt;div[39m
                  [33mclass[39m=[32m&quot;mt-3&quot;[39m
                [36m&gt;[39m
                  [36m&lt;button[39m
                    [33mclass[39m=[32m&quot;bg-yellow-100 hover:bg-yellow-200 text-yellow-800 text-sm font-medium px-3 py-2 rounded-md transition-colors duration-200 disabled:opacity-50&quot;[39m
                    [33mdisabled[39m=[32m&quot;&quot;[39m
                    [33mtype[39m=[32m&quot;button&quot;[39m
                  [36m&gt;[39m
                    [0mLogging in...[0m
                  [36m&lt;/button&gt;[39m
                [36m&lt;/div&gt;[39m
              [36m&lt;/div&gt;[39m
            [36m&lt;/div&gt;[39m
          [36m&lt;/div&gt;[39m
          [36m&lt;form[39m
            [33mclass[39m=[32m&quot;space-y-6&quot;[39m
          [36m&gt;[39m
            [36m&lt;div&gt;[39m
              [36m&lt;label[39m
                [33mclass[39m=[32m&quot;block text-sm font-medium text-gray-700&quot;[39m
                [33mfor[39m=[32m&quot;email&quot;[39m
              [36m&gt;[39m
                [0mEmail address[0m
              [36m&lt;/label&gt;[39m
              [36m&lt;div[39m
                [33mclass[39m=[32m&quot;mt-1&quot;[39m
              [36m&gt;[39m
                [36m&lt;input[39m
                  [33mautocomplete[39m=[32m&quot;email&quot;[39m
                  [33mclass[39m=[32m&quot;appearance-none block w-full px-3 py-2 border border-gray-300 rounded-md placeholder-gray-400 focus:outline-none focus:ring-blue-500 focus:border-blue-500 sm:text-sm&quot;[39m
                  [33mid[39m=[32m&quot;email&quot;[39m
                  [33mname[39m=[32m&quot;email&quot;[39m
                  [33mplaceholder[39m=[32m&quot;demo@acme.com&quot;[39m
                  [33mrequired[39m=[32m&quot;&quot;[39m
                  [33mtype[39m=[32m&quot;email&quot;[39m
                [36m/&gt;[39m
              [36m&lt;/div&gt;[39m
            [36m&lt;/div&gt;[39m
            [36m&lt;div&gt;[39m
              [36m&lt;label[39m
                [33mclass[39m=[32m&quot;block text-sm font-medium text-gray-700&quot;[39m
                [33mfor[39m=[32m&quot;password&quot;[39m
              [36m&gt;[39m
                [0mPassword[0m
              [36m&lt;/label&gt;[39m
              [36m&lt;div[39m
                [33mclass[39m=[32m&quot;mt-1&quot;[39m
              [36m&gt;[39m
                [36m&lt;input[39m
                  [33mautocomplete[39m=[32m&quot;current-password&quot;[39m
                  [33mclass[39m=[32m&quot;appearance-none block w-full px-3 py-2 border border-gray-300 rounded-md placeholder-gray-400 focus:outline-none focus:ring-blue-500 focus:border-blue-500 sm:text-sm&quot;[39m
                  [33mid[39m=[32m&quot;password&quot;[39m
                  [33mname[39m=[32m&quot;password&quot;[39m
                  [33mrequired[39m=[32m&quot;&quot;[39m
                  [33mtype[39m=[32m&quot;password&quot;[39m
                [36m/&gt;[39m
              [36m&lt;/div&gt;[39m
            [36m&lt;/div&gt;[39m
            [0m[0m
            [36m&lt;div&gt;[39m
              [36m&lt;button[39m
                [33mclass[39m=[32m&quot;group relative w-full flex justify-center py-2 px-4 border border-transparent text-sm font-medium rounded-md text-white bg-blue-600 hover:bg-blue-700 focus:outline-none focus:ring-2 focus:ring-offset-2 focus:ring-blue-500 disabled:opacity-50 disabled:cursor-not-allowed transition-colors duration-200&quot;[39m
                [33mdisabled[39m=[32m&quot;&quot;[39m
                [33mtype[39m=[32m&quot;submit&quot;[39m
              [36m&gt;[39m
                [0mSigning in...[0m
              [36m&lt;/button&gt;[39m
            [36m&lt;/div&gt;[39m
          [36m&lt;/form&gt;[39m
          [0m[0m
        [36m&lt;/div&gt;[39m
      [36m&lt;/div&gt;[39m
    [36m&lt;/div&gt;[39m
  [36m&lt;/div&gt;[39m
[36m&lt;/body&gt;[39m" type="TestingLibraryElementError">
TestingLibraryElementError: Unable to find an accessible element with the role &quot;button&quot; and name `/sign in/i`

Here are the accessible roles:

  heading:

  Name &quot;AI Agent Bus&quot;:
  &lt;h2
    class=&quot;text-3xl font-bold text-gray-900&quot;
  /&gt;

  Name &quot;Development Mode&quot;:
  &lt;h3
    class=&quot;text-sm font-medium text-yellow-800&quot;
  /&gt;

  --------------------------------------------------
  paragraph:

  Name &quot;&quot;:
  &lt;p
    class=&quot;mt-2 text-sm text-gray-600&quot;
  /&gt;

  Name &quot;&quot;:
  &lt;p /&gt;

  --------------------------------------------------
  button:

  Name &quot;Logging in...&quot;:
  &lt;button
    class=&quot;bg-yellow-100 hover:bg-yellow-200 text-yellow-800 text-sm font-medium px-3 py-2 rounded-md transition-colors duration-200 disabled:opacity-50&quot;
    disabled=&quot;&quot;
    type=&quot;button&quot;
  /&gt;

  Name &quot;Signing in...&quot;:
  &lt;button
    class=&quot;group relative w-full flex justify-center py-2 px-4 border border-transparent text-sm font-medium rounded-md text-white bg-blue-600 hover:bg-blue-700 focus:outline-none focus:ring-2 focus:ring-offset-2 focus:ring-blue-500 disabled:opacity-50 disabled:cursor-not-allowed transition-colors duration-200&quot;
    disabled=&quot;&quot;
    type=&quot;submit&quot;
  /&gt;

  --------------------------------------------------
  textbox:

  Name &quot;Email address&quot;:
  &lt;input
    autocomplete=&quot;email&quot;
    class=&quot;appearance-none block w-full px-3 py-2 border border-gray-300 rounded-md placeholder-gray-400 focus:outline-none focus:ring-blue-500 focus:border-blue-500 sm:text-sm&quot;
    id=&quot;email&quot;
    name=&quot;email&quot;
    placeholder=&quot;demo@acme.com&quot;
    required=&quot;&quot;
    type=&quot;email&quot;
  /&gt;

  --------------------------------------------------

Ignored nodes: comments, script, style
&lt;body&gt;
  &lt;div&gt;
    &lt;div
      class=&quot;min-h-screen bg-gray-50 flex flex-col justify-center py-12 sm:px-6 lg:px-8&quot;
    &gt;
      &lt;div
        class=&quot;sm:mx-auto sm:w-full sm:max-w-md&quot;
      &gt;
        &lt;div
          class=&quot;text-center&quot;
        &gt;
          &lt;h2
            class=&quot;text-3xl font-bold text-gray-900&quot;
          &gt;
            AI Agent Bus
          &lt;/h2&gt;
          &lt;p
            class=&quot;mt-2 text-sm text-gray-600&quot;
          &gt;
            Multi-tenant workflow automation platform
          &lt;/p&gt;
        &lt;/div&gt;
      &lt;/div&gt;
      &lt;div
        class=&quot;mt-8 sm:mx-auto sm:w-full sm:max-w-md&quot;
      &gt;
        &lt;div
          class=&quot;bg-white py-8 px-4 shadow sm:rounded-lg sm:px-10&quot;
        &gt;
          &lt;div
            class=&quot;mb-6 p-4 bg-yellow-50 border border-yellow-200 rounded-md&quot;
          &gt;
            &lt;div
              class=&quot;flex&quot;
            &gt;
              &lt;div
                class=&quot;flex-shrink-0&quot;
              &gt;
                &lt;svg
                  class=&quot;h-5 w-5 text-yellow-400&quot;
                  fill=&quot;currentColor&quot;
                  viewBox=&quot;0 0 20 20&quot;
                &gt;
                  &lt;path
                    clip-rule=&quot;evenodd&quot;
                    d=&quot;M8.257 3.099c.765-1.36 2.722-1.36 3.486 0l5.58 9.92c.75 1.334-.213 2.98-1.742 2.98H4.42c-1.53 0-2.493-1.646-1.743-2.98l5.58-9.92zM11 13a1 1 0 11-2 0 1 1 0 012 0zm-1-8a1 1 0 00-1 1v3a1 1 0 002 0V6a1 1 0 00-1-1z&quot;
                    fill-rule=&quot;evenodd&quot;
                  /&gt;
                &lt;/svg&gt;
              &lt;/div&gt;
              &lt;div
                class=&quot;ml-3&quot;
              &gt;
                &lt;h3
                  class=&quot;text-sm font-medium text-yellow-800&quot;
                &gt;
                  Development Mode
                &lt;/h3&gt;
                &lt;div
                  class=&quot;mt-2 text-sm text-yellow-700&quot;
                &gt;
                  &lt;p&gt;
                    Authentication is in dev mode. You&apos;ll be logged in as Demo User (user-demo-123) in the Acme organization.
                  &lt;/p&gt;
                &lt;/div&gt;
                &lt;div
                  class=&quot;mt-3&quot;
                &gt;
                  &lt;button
                    class=&quot;bg-yellow-100 hover:bg-yellow-200 text-yellow-800 text-sm font-medium px-3 py-2 rounded-md transition-colors duration-200 disabled:opacity-50&quot;
                    disabled=&quot;&quot;
                    type=&quot;button&quot;
                  &gt;
                    Logging in...
                  &lt;/button&gt;
                &lt;/div&gt;
              &lt;/div&gt;
            &lt;/div&gt;
          &lt;/div&gt;
          &lt;form
            class=&quot;space-y-6&quot;
          &gt;
            &lt;div&gt;
              &lt;label
                class=&quot;block text-sm font-medium text-gray-700&quot;
                for=&quot;email&quot;
              &gt;
                Email address
              &lt;/label&gt;
              &lt;div
                class=&quot;mt-1&quot;
              &gt;
                &lt;input
                  autocomplete=&quot;email&quot;
                  class=&quot;appearance-none block w-full px-3 py-2 border border-gray-300 rounded-md placeholder-gray-400 focus:outline-none focus:ring-blue-500 focus:border-blue-500 sm:text-sm&quot;
                  id=&quot;email&quot;
                  name=&quot;email&quot;
                  placeholder=&quot;demo@acme.com&quot;
                  required=&quot;&quot;
                  type=&quot;email&quot;
                /&gt;
              &lt;/div&gt;
            &lt;/div&gt;
            &lt;div&gt;
              &lt;label
                class=&quot;block text-sm font-medium text-gray-700&quot;
                for=&quot;password&quot;
              &gt;
                Password
              &lt;/label&gt;
              &lt;div
                class=&quot;mt-1&quot;
              &gt;
                &lt;input
                  autocomplete=&quot;current-password&quot;
                  class=&quot;appearance-none block w-full px-3 py-2 border border-gray-300 rounded-md placeholder-gray-400 focus:outline-none focus:ring-blue-500 focus:border-blue-500 sm:text-sm&quot;
                  id=&quot;password&quot;
                  name=&quot;password&quot;
                  required=&quot;&quot;
                  type=&quot;password&quot;
                /&gt;
              &lt;/div&gt;
            &lt;/div&gt;
            
            &lt;div&gt;
              &lt;button
                class=&quot;group relative w-full flex justify-center py-2 px-4 border border-transparent text-sm font-medium rounded-md text-white bg-blue-600 hover:bg-blue-700 focus:outline-none focus:ring-2 focus:ring-offset-2 focus:ring-blue-500 disabled:opacity-50 disabled:cursor-not-allowed transition-colors duration-200&quot;
                disabled=&quot;&quot;
                type=&quot;submit&quot;
              &gt;
                Signing in...
              &lt;/button&gt;
            &lt;/div&gt;
          &lt;/form&gt;
          
        &lt;/div&gt;
      &lt;/div&gt;
    &lt;/div&gt;
  &lt;/div&gt;
&lt;/body&gt;
 ❯ Object.getElementError ../node_modules/@testing-library/dom/dist/config.js:37:19
 ❯ ../node_modules/@testing-library/dom/dist/query-helpers.js:76:38
 ❯ ../node_modules/@testing-library/dom/dist/query-helpers.js:52:17
 ❯ getByRole ../node_modules/@testing-library/dom/dist/query-helpers.js:95:19
 ❯ test/components/auth/LoginForm.test.tsx:212:33
            </failure>
        </testcase>
    </testsuite>
    <testsuite name="test/components/auth/UserInfo.test.tsx" timestamp="2025-10-12T03:32:33.911Z" hostname="1000D" tests="17" failures="4" errors="0" skipped="0" time="2.1769268">
        <testcase classname="test/components/auth/UserInfo.test.tsx" name="UserInfo &gt; should render user info button with user details" time="0.049545">
        </testcase>
        <testcase classname="test/components/auth/UserInfo.test.tsx" name="UserInfo &gt; should use email initial if name is not available" time="0.001417">
        </testcase>
        <testcase classname="test/components/auth/UserInfo.test.tsx" name="UserInfo &gt; should use question mark if neither name nor email available" time="0.0098836">
            <failure message="Unable to find an element with the text: No org. This could be because the text is broken up by multiple elements. In this case, you can provide a function for your text matcher to make your matcher more flexible.

Ignored nodes: comments, script, style
[36m&lt;body&gt;[39m
  [36m&lt;div&gt;[39m
    [36m&lt;div[39m
      [33mclass[39m=[32m&quot;relative&quot;[39m
    [36m&gt;[39m
      [36m&lt;button[39m
        [33mclass[39m=[32m&quot;flex items-center space-x-2 px-3 py-2 rounded-md text-sm font-medium text-gray-700 hover:bg-gray-100 transition-colors&quot;[39m
      [36m&gt;[39m
        [36m&lt;div[39m
          [33mclass[39m=[32m&quot;w-8 h-8 bg-blue-600 rounded-full flex items-center justify-center text-white text-sm font-semibold&quot;[39m
        [36m&gt;[39m
          [0m?[0m
        [36m&lt;/div&gt;[39m
        [36m&lt;div[39m
          [33mclass[39m=[32m&quot;text-left&quot;[39m
        [36m&gt;[39m
          [36m&lt;div[39m
            [33mclass[39m=[32m&quot;font-medium&quot;[39m
          [36m&gt;[39m
            [0mUser[0m
          [36m&lt;/div&gt;[39m
          [36m&lt;div[39m
            [33mclass[39m=[32m&quot;text-xs text-gray-500&quot;[39m
          [36m&gt;[39m
            [0morg-123[0m
          [36m&lt;/div&gt;[39m
        [36m&lt;/div&gt;[39m
        [36m&lt;svg[39m
          [33mclass[39m=[32m&quot;w-4 h-4 text-gray-400&quot;[39m
          [33mfill[39m=[32m&quot;none&quot;[39m
          [33mstroke[39m=[32m&quot;currentColor&quot;[39m
          [33mviewBox[39m=[32m&quot;0 0 24 24&quot;[39m
        [36m&gt;[39m
          [36m&lt;path[39m
            [33md[39m=[32m&quot;M19 9l-7 7-7-7&quot;[39m
            [33mstroke-linecap[39m=[32m&quot;round&quot;[39m
            [33mstroke-linejoin[39m=[32m&quot;round&quot;[39m
            [33mstroke-width[39m=[32m&quot;2&quot;[39m
          [36m/&gt;[39m
        [36m&lt;/svg&gt;[39m
      [36m&lt;/button&gt;[39m
      [0m[0m
      [0m[0m
    [36m&lt;/div&gt;[39m
  [36m&lt;/div&gt;[39m
[36m&lt;/body&gt;[39m" type="TestingLibraryElementError">
TestingLibraryElementError: Unable to find an element with the text: No org. This could be because the text is broken up by multiple elements. In this case, you can provide a function for your text matcher to make your matcher more flexible.

Ignored nodes: comments, script, style
&lt;body&gt;
  &lt;div&gt;
    &lt;div
      class=&quot;relative&quot;
    &gt;
      &lt;button
        class=&quot;flex items-center space-x-2 px-3 py-2 rounded-md text-sm font-medium text-gray-700 hover:bg-gray-100 transition-colors&quot;
      &gt;
        &lt;div
          class=&quot;w-8 h-8 bg-blue-600 rounded-full flex items-center justify-center text-white text-sm font-semibold&quot;
        &gt;
          ?
        &lt;/div&gt;
        &lt;div
          class=&quot;text-left&quot;
        &gt;
          &lt;div
            class=&quot;font-medium&quot;
          &gt;
            User
          &lt;/div&gt;
          &lt;div
            class=&quot;text-xs text-gray-500&quot;
          &gt;
            org-123
          &lt;/div&gt;
        &lt;/div&gt;
        &lt;svg
          class=&quot;w-4 h-4 text-gray-400&quot;
          fill=&quot;none&quot;
          stroke=&quot;currentColor&quot;
          viewBox=&quot;0 0 24 24&quot;
        &gt;
          &lt;path
            d=&quot;M19 9l-7 7-7-7&quot;
            stroke-linecap=&quot;round&quot;
            stroke-linejoin=&quot;round&quot;
            stroke-width=&quot;2&quot;
          /&gt;
        &lt;/svg&gt;
      &lt;/button&gt;
      
      
    &lt;/div&gt;
  &lt;/div&gt;
&lt;/body&gt;
 ❯ Object.getElementError ../node_modules/@testing-library/dom/dist/config.js:37:19
 ❯ ../node_modules/@testing-library/dom/dist/query-helpers.js:76:38
 ❯ ../node_modules/@testing-library/dom/dist/query-helpers.js:52:17
 ❯ getByText ../node_modules/@testing-library/dom/dist/query-helpers.js:95:19
 ❯ test/components/auth/UserInfo.test.tsx:80:19
            </failure>
        </testcase>
        <testcase classname="test/components/auth/UserInfo.test.tsx" name="UserInfo &gt; should show dropdown menu when clicked" time="0.0135199">
        </testcase>
        <testcase classname="test/components/auth/UserInfo.test.tsx" name="UserInfo &gt; should hide dropdown menu when clicked again" time="0.0048229">
        </testcase>
        <testcase classname="test/components/auth/UserInfo.test.tsx" name="UserInfo &gt; should show dev mode badge when in dev mode" time="0.0039606">
        </testcase>
        <testcase classname="test/components/auth/UserInfo.test.tsx" name="UserInfo &gt; should not show dev mode badge in production" time="0.0091868">
            <failure message="[2mexpect([22m[31melement[39m[2m).not.toBeInTheDocument()[22m

[31mexpected document not to contain element, found &lt;div
  class=&quot;mt-2 px-2 py-1 bg-yellow-100 text-yellow-800 text-xs rounded&quot;
&gt;
  Dev Mode
&lt;/div&gt; instead[39m" type="Error">
Error: expect(element).not.toBeInTheDocument()

expected document not to contain element, found &lt;div
  class=&quot;mt-2 px-2 py-1 bg-yellow-100 text-yellow-800 text-xs rounded&quot;
&gt;
  Dev Mode
&lt;/div&gt; instead
 ❯ test/components/auth/UserInfo.test.tsx:145:48
            </failure>
        </testcase>
        <testcase classname="test/components/auth/UserInfo.test.tsx" name="UserInfo &gt; should call logout when sign out is clicked" time="0.0081077">
        </testcase>
        <testcase classname="test/components/auth/UserInfo.test.tsx" name="UserInfo &gt; should close dropdown after logout" time="0.0086828">
        </testcase>
        <testcase classname="test/components/auth/UserInfo.test.tsx" name="UserInfo &gt; should close dropdown when profile settings is clicked" time="0.0070431">
        </testcase>
        <testcase classname="test/components/auth/UserInfo.test.tsx" name="UserInfo &gt; should close dropdown when organization settings is clicked" time="0.006687">
        </testcase>
        <testcase classname="test/components/auth/UserInfo.test.tsx" name="UserInfo &gt; should close dropdown when backdrop is clicked" time="0.0101102">
        </testcase>
        <testcase classname="test/components/auth/UserInfo.test.tsx" name="UserInfo &gt; should have proper button styling" time="0.0033134">
        </testcase>
        <testcase classname="test/components/auth/UserInfo.test.tsx" name="UserInfo &gt; should have proper avatar styling" time="0.0031621">
        </testcase>
        <testcase classname="test/components/auth/UserInfo.test.tsx" name="UserInfo &gt; should display correct user information in dropdown" time="1.0163629">
            <failure message="Found multiple elements with the text: Test User

Here are the matching elements:

Ignored nodes: comments, script, style
[36m&lt;div[39m
  [33mclass[39m=[32m&quot;font-medium&quot;[39m
[36m&gt;[39m
  [0mTest User[0m
[36m&lt;/div&gt;[39m

Ignored nodes: comments, script, style
[36m&lt;p[39m
  [33mclass[39m=[32m&quot;text-sm font-medium text-gray-900&quot;[39m
[36m&gt;[39m
  [0mTest User[0m
[36m&lt;/p&gt;[39m

(If this is intentional, then use the `*AllBy*` variant of the query (like `queryAllByText`, `getAllByText`, or `findAllByText`)).

Ignored nodes: comments, script, style
[36m&lt;body&gt;[39m
  [36m&lt;div&gt;[39m
    [36m&lt;div[39m
      [33mclass[39m=[32m&quot;relative&quot;[39m
    [36m&gt;[39m
      [36m&lt;button[39m
        [33mclass[39m=[32m&quot;flex items-center space-x-2 px-3 py-2 rounded-md text-sm font-medium text-gray-700 hover:bg-gray-100 transition-colors&quot;[39m
      [36m&gt;[39m
        [36m&lt;div[39m
          [33mclass[39m=[32m&quot;w-8 h-8 bg-blue-600 rounded-full flex items-center justify-center text-white text-sm font-semibold&quot;[39m
        [36m&gt;[39m
          [0mT[0m
        [36m&lt;/div&gt;[39m
        [36m&lt;div[39m
          [33mclass[39m=[32m&quot;text-left&quot;[39m
        [36m&gt;[39m
          [36m&lt;div[39m
            [33mclass[39m=[32m&quot;font-medium&quot;[39m
          [36m&gt;[39m
            [0mTest User[0m
          [36m&lt;/div&gt;[39m
          [36m&lt;div[39m
            [33mclass[39m=[32m&quot;text-xs text-gray-500&quot;[39m
          [36m&gt;[39m
            [0morg-123[0m
          [36m&lt;/div&gt;[39m
        [36m&lt;/div&gt;[39m
        [36m&lt;svg[39m
          [33mclass[39m=[32m&quot;w-4 h-4 text-gray-400&quot;[39m
          [33mfill[39m=[32m&quot;none&quot;[39m
          [33mstroke[39m=[32m&quot;currentColor&quot;[39m
          [33mviewBox[39m=[32m&quot;0 0 24 24&quot;[39m
        [36m&gt;[39m
          [36m&lt;path[39m
            [33md[39m=[32m&quot;M19 9l-7 7-7-7&quot;[39m
            [33mstroke-linecap[39m=[32m&quot;round&quot;[39m
            [33mstroke-linejoin[39m=[32m&quot;round&quot;[39m
            [33mstroke-width[39m=[32m&quot;2&quot;[39m
          [36m/&gt;[39m
        [36m&lt;/svg&gt;[39m
      [36m&lt;/button&gt;[39m
      [36m&lt;div[39m
        [33mclass[39m=[32m&quot;absolute right-0 mt-2 w-64 bg-white rounded-md shadow-lg py-1 z-50 border border-gray-200&quot;[39m
      [36m&gt;[39m
        [36m&lt;div[39m
          [33mclass[39m=[32m&quot;px-4 py-3 border-b border-gray-200&quot;[39m
        [36m&gt;[39m
          [36m&lt;p[39m
            [33mclass[39m=[32m&quot;text-sm font-medium text-gray-900&quot;[39m
          [36m&gt;[39m
            [0mTest User[0m
          [36m&lt;/p&gt;[39m
          [36m&lt;p[39m
            [33mclass[39m=[32m&quot;text-sm text-gray-500&quot;[39m
          [36m&gt;[39m
            [0mtest@example.com[0m
          [36m&lt;/p&gt;[39m
          [36m&lt;p[39m
            [33mclass[39m=[32m&quot;text-xs text-gray-400 mt-1&quot;[39m
          [36m&gt;[39m
            [0morg-123[0m
            [0m • [0m
            [0madmin[0m
          [36m&lt;/p&gt;[39m
          [36m&lt;div[39m
            [33mclass[39m=[32m&quot;mt-2 px-2 py-1 bg-yellow-100 text-yellow-800 text-xs rounded&quot;[39m
          [36m&gt;[39m
            [0mDev Mode[0m
          [36m&lt;/div&gt;[39m
        [36m&lt;/div&gt;[39m
        [36m&lt;div[39m
          [33mclass[39m=[32m&quot;py-1&quot;[39m
        [36m&gt;[39m
          [36m&lt;button[39m
            [33mclass[39m=[32m&quot;flex items-center w-full px-4 py-2 text-sm text-gray-700 hover:bg-gray-100&quot;[39m
          [36m&gt;[39m
            [36m&lt;svg[39m
              [33mclass[39m=[32m&quot;w-4 h-4 mr-3&quot;[39m
              [33mfill[39m=[32m&quot;none&quot;[39m
              [33mstroke[39m=[32m&quot;currentColor&quot;[39m
              [33mviewBox[39m=[32m&quot;0 0 24 24&quot;[39m
            [36m&gt;[39m
              [36m&lt;path[39m
                [33md[39m=[32m&quot;M16 7a4 4 0 11-8 0 4 4 0 018 0zM12 14a7 7 0 00-7 7h14a7 7 0 00-7-7z&quot;[39m
                [33mstroke-linecap[39m=[32m&quot;round&quot;[39m
                [33mstroke-linejoin[39m=[32m&quot;round&quot;[39m
                [33mstroke-width[39m=[32m&quot;2&quot;[39m
              [36m/&gt;[39m
            [36m&lt;/svg&gt;[39m
            [0mProfile Settings[0m
          [36m&lt;/button&gt;[39m
          [36m&lt;button[39m
            [33mclass[39m=[32m&quot;flex items-center w-full px-4 py-2 text-sm text-gray-700 hover:bg-gray-100&quot;[39m
          [36m&gt;[39m
            [36m&lt;svg[39m
              [33mclass[39m=[32m&quot;w-4 h-4 mr-3&quot;[39m
              [33mfill[39m=[32m&quot;none&quot;[39m
              [33mstroke[39m=[32m&quot;currentColor&quot;[39m
              [33mviewBox[39m=[32m&quot;0 0 24 24&quot;[39m
            [36m&gt;[39m
              [36m&lt;path[39m
                [33md[39m=[32m&quot;M19 21V5a2 2 0 00-2-2H7a2 2 0 00-2 2v16m14 0h2m-2 0h-5m-9 0H3m2 0h5M9 7h1m-1 4h1m4-4h1m-1 4h1m-5 10v-5a1 1 0 011-1h2a1 1 0 011 1v5m-4 0h4&quot;[39m
                [33mstroke-linecap[39m=[32m&quot;round&quot;[39m
                [33mstroke-linejoin[39m=[32m&quot;round&quot;[39m
                [33mstroke-width[39m=[32m&quot;2&quot;[39m
              [36m/&gt;[39m
            [36m&lt;/svg&gt;[39m
            [0mOrganization[0m
          [36m&lt;/button&gt;[39m
          [36m&lt;div[39m
            [33mclass[39m=[32m&quot;border-t border-gray-200 mt-1 pt-1&quot;[39m
          [36m&gt;[39m
            [36m&lt;button[39m
              [33mclass[39m=[32m&quot;flex items-center w-full px-4 py-2 text-sm text-red-700 hover:bg-red-50&quot;[39m
            [36m&gt;[39m
              [36m&lt;svg[39m
                [33mclass[39m=[32m&quot;w-4 h-4 mr-3&quot;[39m
                [33mfill[39m=[32m&quot;none&quot;[39m
                [33mstroke[39m=[32m&quot;currentColor&quot;[39m
                [33mviewBox[39m=[32m&quot;0 0 24 24&quot;[39m
              [36m&gt;[39m
                [36m&lt;path[39m
                  [33md[39m=[32m&quot;M17 16l4-4m0 0l-4-4m4 4H7m6 4v1a3 3 0 01-3 3H6a3 3 0 01-3-3V7a3 3 0 013-3h4a3 3 0 013 3v1&quot;[39m
                  [33mstroke-linecap[39m=[32m&quot;round&quot;[39m
                  [33mstroke-linejoin[39m=[32m&quot;round&quot;[39m
                  [33mstroke-width[39m=[32m&quot;2&quot;[39m
                [36m/&gt;[39m
              [36m&lt;/svg&gt;[39m
              [0mSign Out[0m
            [36m&lt;/button&gt;[39m
          [36m&lt;/div&gt;[39m
        [36m&lt;/div&gt;[39m
      [36m&lt;/div&gt;[39m
      [36m&lt;div[39m
        [33mclass[39m=[32m&quot;fixed inset-0 z-40&quot;[39m
      [36m/&gt;[39m
    [36m&lt;/div&gt;[39m
  [36m&lt;/div&gt;[39m
[36m&lt;/body&gt;[39m

Ignored nodes: comments, script, style
[36m&lt;html&gt;[39m
  [36m&lt;head /&gt;[39m
  [36m&lt;body&gt;[39m
    [36m&lt;div&gt;[39m
      [36m&lt;div[39m
        [33mclass[39m=[32m&quot;relative&quot;[39m
      [36m&gt;[39m
        [36m&lt;button[39m
          [33mclass[39m=[32m&quot;flex items-center space-x-2 px-3 py-2 rounded-md text-sm font-medium text-gray-700 hover:bg-gray-100 transition-colors&quot;[39m
        [36m&gt;[39m
          [36m&lt;div[39m
            [33mclass[39m=[32m&quot;w-8 h-8 bg-blue-600 rounded-full flex items-center justify-center text-white text-sm font-semibold&quot;[39m
          [36m&gt;[39m
            [0mT[0m
          [36m&lt;/div&gt;[39m
          [36m&lt;div[39m
            [33mclass[39m=[32m&quot;text-left&quot;[39m
          [36m&gt;[39m
            [36m&lt;div[39m
              [33mclass[39m=[32m&quot;font-medium&quot;[39m
            [36m&gt;[39m
              [0mTest User[0m
            [36m&lt;/div&gt;[39m
            [36m&lt;div[39m
              [33mclass[39m=[32m&quot;text-xs text-gray-500&quot;[39m
            [36m&gt;[39m
              [0morg-123[0m
            [36m&lt;/div&gt;[39m
          [36m&lt;/div&gt;[39m
          [36m&lt;svg[39m
            [33mclass[39m=[32m&quot;w-4 h-4 text-gray-400&quot;[39m
            [33mfill[39m=[32m&quot;none&quot;[39m
            [33mstroke[39m=[32m&quot;currentColor&quot;[39m
            [33mviewBox[39m=[32m&quot;0 0 24 24&quot;[39m
          [36m&gt;[39m
            [36m&lt;path[39m
              [33md[39m=[32m&quot;M19 9l-7 7-7-7&quot;[39m
              [33mstroke-linecap[39m=[32m&quot;round&quot;[39m
              [33mstroke-linejoin[39m=[32m&quot;round&quot;[39m
              [33mstroke-width[39m=[32m&quot;2&quot;[39m
            [36m/&gt;[39m
          [36m&lt;/svg&gt;[39m
        [36m&lt;/button&gt;[39m
        [36m&lt;div[39m
          [33mclass[39m=[32m&quot;absolute right-0 mt-2 w-64 bg-white rounded-md shadow-lg py-1 z-50 border border-gray-200&quot;[39m
        [36m&gt;[39m
          [36m&lt;div[39m
            [33mclass[39m=[32m&quot;px-4 py-3 border-b border-gray-200&quot;[39m
          [36m&gt;[39m
            [36m&lt;p[39m
              [33mclass[39m=[32m&quot;text-sm font-medium text-gray-900&quot;[39m
            [36m&gt;[39m
              [0mTest User[0m
            [36m&lt;/p&gt;[39m
            [36m&lt;p[39m
              [33mclass[39m=[32m&quot;text-sm text-gray-500&quot;[39m
            [36m&gt;[39m
              [0mtest@example.com[0m
            [36m&lt;/p&gt;[39m
            [36m&lt;p[39m
              [33mclass[39m=[32m&quot;text-xs text-gray-400 mt-1&quot;[39m
            [36m&gt;[39m
              [0morg-123[0m
              [0m • [0m
              [0madmin[0m
            [36m&lt;/p&gt;[39m
            [36m&lt;div[39m
              [33mclass[39m=[32m&quot;mt-2 px-2 py-1 bg-yellow-100 text-yellow-800 text-xs rounded&quot;[39m
            [36m&gt;[39m
              [0mDev Mode[0m
            [36m&lt;/div&gt;[39m
          [36m&lt;/div&gt;[39m
          [36m&lt;div[39m
            [33mclass[39m=[32m&quot;py-1&quot;[39m
          [36m&gt;[39m
            [36m&lt;button[39m
              [33mclass[39m=[32m&quot;flex items-center w-full px-4 py-2 text-sm text-gray-700 hover:bg-gray-100&quot;[39m
            [36m&gt;[39m
              [36m&lt;svg[39m
                [33mclass[39m=[32m&quot;w-4 h-4 mr-3&quot;[39m
                [33mfill[39m=[32m&quot;none&quot;[39m
                [33mstroke[39m=[32m&quot;currentColor&quot;[39m
                [33mviewBox[39m=[32m&quot;0 0 24 24&quot;[39m
              [36m&gt;[39m
                [36m&lt;path[39m
                  [33md[39m=[32m&quot;M16 7a4 4 0 11-8 0 4 4 0 018 0zM12 14a7 7 0 00-7 7h14a7 7 0 00-7-7z&quot;[39m
                  [33mstroke-linecap[39m=[32m&quot;round&quot;[39m
                  [33mstroke-linejoin[39m=[32m&quot;round&quot;[39m
                  [33mstroke-width[39m=[32m&quot;2&quot;[39m
                [36m/&gt;[39m
              [36m&lt;/svg&gt;[39m
              [0mProfile Settings[0m
            [36m&lt;/button&gt;[39m
            [36m&lt;button[39m
              [33mclass[39m=[32m&quot;flex items-center w-full px-4 py-2 text-sm text-gray-700 hover:bg-gray-100&quot;[39m
            [36m&gt;[39m
              [36m&lt;svg[39m
                [33mclass[39m=[32m&quot;w-4 h-4 mr-3&quot;[39m
                [33mfill[39m=[32m&quot;none&quot;[39m
                [33mstroke[39m=[32m&quot;currentColor&quot;[39m
                [33mviewBox[39m=[32m&quot;0 0 24 24&quot;[39m
              [36m&gt;[39m
                [36m&lt;path[39m
                  [33md[39m=[32m&quot;M19 21V5a2 2 0 00-2-2H7a2 2 0 00-2 2v16m14 0h2m-2 0h-5m-9 0H3m2 0h5M9 7h1m-1 4h1m4-4h1m-1 4h1m-5 10v-5a1 1 0 011-1h2a1 1 0 011 1v5m-4 0h4&quot;[39m
                  [33mstroke-linecap[39m=[32m&quot;round&quot;[39m
                  [33mstroke-linejoin[39m=[32m&quot;round&quot;[39m
                  [33mstroke-width[39m=[32m&quot;2&quot;[39m
                [36m/&gt;[39m
              [36m&lt;/svg&gt;[39m
              [0mOrganization[0m
            [36m&lt;/button&gt;[39m
            [36m&lt;div[39m
              [33mclass[39m=[32m&quot;border-t border-gray-200 mt-1 pt-1&quot;[39m
            [36m&gt;[39m
              [36m&lt;button[39m
                [33mclass[39m=[32m&quot;flex items-center w-full px-4 py-2 text-sm text-red-700 hover:bg-red-50&quot;[39m
              [36m&gt;[39m
                [36m&lt;svg[39m
                  [33mclass[39m=[32m&quot;w-4 h-4 mr-3&quot;[39m
                  [33mfill[39m=[32m&quot;none&quot;[39m
                  [33mstroke[39m=[32m&quot;currentColor&quot;[39m
                  [33mviewBox[39m=[32m&quot;0 0 24 24&quot;[39m
                [36m&gt;[39m
                  [36m&lt;path[39m
                    [33md[39m=[32m&quot;M17 16l4-4m0 0l-4-4m4 4H7m6 4v1a3 3 0 01-3 3H6a3 3 0 01-3-3V7a3 3 0 013-3h4a3 3 0 013 3v1&quot;[39m
                    [33mstroke-linecap[39m=[32m&quot;round&quot;[39m
                    [33mstroke-linejoin[39m=[32m&quot;round&quot;[39m
                    [33mstroke-width[39m=[32m&quot;2&quot;[39m
                  [36m/&gt;[39m
                [36m&lt;/svg&gt;[39m
                [0mSign Out[0m
              [36m&lt;/button&gt;[39m
            [36m&lt;/div&gt;[39m
          [36m&lt;/div&gt;[39m
        [36m&lt;/div&gt;[39m
        [36m&lt;div[39m
          [33mclass[39m=[32m&quot;fixed inset-0 z-40&quot;[39m
        [36m/&gt;[39m
      [36m&lt;/div&gt;[39m
    [36m&lt;/div&gt;[39m
  [36m&lt;/body&gt;[39m
[36m&lt;/html&gt;[39m" type="TestingLibraryElementError">
TestingLibraryElementError: Found multiple elements with the text: Test User

Here are the matching elements:

Ignored nodes: comments, script, style
&lt;div
  class=&quot;font-medium&quot;
&gt;
  Test User
&lt;/div&gt;

Ignored nodes: comments, script, style
&lt;p
  class=&quot;text-sm font-medium text-gray-900&quot;
&gt;
  Test User
&lt;/p&gt;

(If this is intentional, then use the `*AllBy*` variant of the query (like `queryAllByText`, `getAllByText`, or `findAllByText`)).

Ignored nodes: comments, script, style
&lt;body&gt;
  &lt;div&gt;
    &lt;div
      class=&quot;relative&quot;
    &gt;
      &lt;button
        class=&quot;flex items-center space-x-2 px-3 py-2 rounded-md text-sm font-medium text-gray-700 hover:bg-gray-100 transition-colors&quot;
      &gt;
        &lt;div
          class=&quot;w-8 h-8 bg-blue-600 rounded-full flex items-center justify-center text-white text-sm font-semibold&quot;
        &gt;
          T
        &lt;/div&gt;
        &lt;div
          class=&quot;text-left&quot;
        &gt;
          &lt;div
            class=&quot;font-medium&quot;
          &gt;
            Test User
          &lt;/div&gt;
          &lt;div
            class=&quot;text-xs text-gray-500&quot;
          &gt;
            org-123
          &lt;/div&gt;
        &lt;/div&gt;
        &lt;svg
          class=&quot;w-4 h-4 text-gray-400&quot;
          fill=&quot;none&quot;
          stroke=&quot;currentColor&quot;
          viewBox=&quot;0 0 24 24&quot;
        &gt;
          &lt;path
            d=&quot;M19 9l-7 7-7-7&quot;
            stroke-linecap=&quot;round&quot;
            stroke-linejoin=&quot;round&quot;
            stroke-width=&quot;2&quot;
          /&gt;
        &lt;/svg&gt;
      &lt;/button&gt;
      &lt;div
        class=&quot;absolute right-0 mt-2 w-64 bg-white rounded-md shadow-lg py-1 z-50 border border-gray-200&quot;
      &gt;
        &lt;div
          class=&quot;px-4 py-3 border-b border-gray-200&quot;
        &gt;
          &lt;p
            class=&quot;text-sm font-medium text-gray-900&quot;
          &gt;
            Test User
          &lt;/p&gt;
          &lt;p
            class=&quot;text-sm text-gray-500&quot;
          &gt;
            test@example.com
          &lt;/p&gt;
          &lt;p
            class=&quot;text-xs text-gray-400 mt-1&quot;
          &gt;
            org-123
             • 
            admin
          &lt;/p&gt;
          &lt;div
            class=&quot;mt-2 px-2 py-1 bg-yellow-100 text-yellow-800 text-xs rounded&quot;
          &gt;
            Dev Mode
          &lt;/div&gt;
        &lt;/div&gt;
        &lt;div
          class=&quot;py-1&quot;
        &gt;
          &lt;button
            class=&quot;flex items-center w-full px-4 py-2 text-sm text-gray-700 hover:bg-gray-100&quot;
          &gt;
            &lt;svg
              class=&quot;w-4 h-4 mr-3&quot;
              fill=&quot;none&quot;
              stroke=&quot;currentColor&quot;
              viewBox=&quot;0 0 24 24&quot;
            &gt;
              &lt;path
                d=&quot;M16 7a4 4 0 11-8 0 4 4 0 018 0zM12 14a7 7 0 00-7 7h14a7 7 0 00-7-7z&quot;
                stroke-linecap=&quot;round&quot;
                stroke-linejoin=&quot;round&quot;
                stroke-width=&quot;2&quot;
              /&gt;
            &lt;/svg&gt;
            Profile Settings
          &lt;/button&gt;
          &lt;button
            class=&quot;flex items-center w-full px-4 py-2 text-sm text-gray-700 hover:bg-gray-100&quot;
          &gt;
            &lt;svg
              class=&quot;w-4 h-4 mr-3&quot;
              fill=&quot;none&quot;
              stroke=&quot;currentColor&quot;
              viewBox=&quot;0 0 24 24&quot;
            &gt;
              &lt;path
                d=&quot;M19 21V5a2 2 0 00-2-2H7a2 2 0 00-2 2v16m14 0h2m-2 0h-5m-9 0H3m2 0h5M9 7h1m-1 4h1m4-4h1m-1 4h1m-5 10v-5a1 1 0 011-1h2a1 1 0 011 1v5m-4 0h4&quot;
                stroke-linecap=&quot;round&quot;
                stroke-linejoin=&quot;round&quot;
                stroke-width=&quot;2&quot;
              /&gt;
            &lt;/svg&gt;
            Organization
          &lt;/button&gt;
          &lt;div
            class=&quot;border-t border-gray-200 mt-1 pt-1&quot;
          &gt;
            &lt;button
              class=&quot;flex items-center w-full px-4 py-2 text-sm text-red-700 hover:bg-red-50&quot;
            &gt;
              &lt;svg
                class=&quot;w-4 h-4 mr-3&quot;
                fill=&quot;none&quot;
                stroke=&quot;currentColor&quot;
                viewBox=&quot;0 0 24 24&quot;
              &gt;
                &lt;path
                  d=&quot;M17 16l4-4m0 0l-4-4m4 4H7m6 4v1a3 3 0 01-3 3H6a3 3 0 01-3-3V7a3 3 0 013-3h4a3 3 0 013 3v1&quot;
                  stroke-linecap=&quot;round&quot;
                  stroke-linejoin=&quot;round&quot;
                  stroke-width=&quot;2&quot;
                /&gt;
              &lt;/svg&gt;
              Sign Out
            &lt;/button&gt;
          &lt;/div&gt;
        &lt;/div&gt;
      &lt;/div&gt;
      &lt;div
        class=&quot;fixed inset-0 z-40&quot;
      /&gt;
    &lt;/div&gt;
  &lt;/div&gt;
&lt;/body&gt;

Ignored nodes: comments, script, style
&lt;html&gt;
  &lt;head /&gt;
  &lt;body&gt;
    &lt;div&gt;
      &lt;div
        class=&quot;relative&quot;
      &gt;
        &lt;button
          class=&quot;flex items-center space-x-2 px-3 py-2 rounded-md text-sm font-medium text-gray-700 hover:bg-gray-100 transition-colors&quot;
        &gt;
          &lt;div
            class=&quot;w-8 h-8 bg-blue-600 rounded-full flex items-center justify-center text-white text-sm font-semibold&quot;
          &gt;
            T
          &lt;/div&gt;
          &lt;div
            class=&quot;text-left&quot;
          &gt;
            &lt;div
              class=&quot;font-medium&quot;
            &gt;
              Test User
            &lt;/div&gt;
            &lt;div
              class=&quot;text-xs text-gray-500&quot;
            &gt;
              org-123
            &lt;/div&gt;
          &lt;/div&gt;
          &lt;svg
            class=&quot;w-4 h-4 text-gray-400&quot;
            fill=&quot;none&quot;
            stroke=&quot;currentColor&quot;
            viewBox=&quot;0 0 24 24&quot;
          &gt;
            &lt;path
              d=&quot;M19 9l-7 7-7-7&quot;
              stroke-linecap=&quot;round&quot;
              stroke-linejoin=&quot;round&quot;
              stroke-width=&quot;2&quot;
            /&gt;
          &lt;/svg&gt;
        &lt;/button&gt;
        &lt;div
          class=&quot;absolute right-0 mt-2 w-64 bg-white rounded-md shadow-lg py-1 z-50 border border-gray-200&quot;
        &gt;
          &lt;div
            class=&quot;px-4 py-3 border-b border-gray-200&quot;
          &gt;
            &lt;p
              class=&quot;text-sm font-medium text-gray-900&quot;
            &gt;
              Test User
            &lt;/p&gt;
            &lt;p
              class=&quot;text-sm text-gray-500&quot;
            &gt;
              test@example.com
            &lt;/p&gt;
            &lt;p
              class=&quot;text-xs text-gray-400 mt-1&quot;
            &gt;
              org-123
               • 
              admin
            &lt;/p&gt;
            &lt;div
              class=&quot;mt-2 px-2 py-1 bg-yellow-100 text-yellow-800 text-xs rounded&quot;
            &gt;
              Dev Mode
            &lt;/div&gt;
          &lt;/div&gt;
          &lt;div
            class=&quot;py-1&quot;
          &gt;
            &lt;button
              class=&quot;flex items-center w-full px-4 py-2 text-sm text-gray-700 hover:bg-gray-100&quot;
            &gt;
              &lt;svg
                class=&quot;w-4 h-4 mr-3&quot;
                fill=&quot;none&quot;
                stroke=&quot;currentColor&quot;
                viewBox=&quot;0 0 24 24&quot;
              &gt;
                &lt;path
                  d=&quot;M16 7a4 4 0 11-8 0 4 4 0 018 0zM12 14a7 7 0 00-7 7h14a7 7 0 00-7-7z&quot;
                  stroke-linecap=&quot;round&quot;
                  stroke-linejoin=&quot;round&quot;
                  stroke-width=&quot;2&quot;
                /&gt;
              &lt;/svg&gt;
              Profile Settings
            &lt;/button&gt;
            &lt;button
              class=&quot;flex items-center w-full px-4 py-2 text-sm text-gray-700 hover:bg-gray-100&quot;
            &gt;
              &lt;svg
                class=&quot;w-4 h-4 mr-3&quot;
                fill=&quot;none&quot;
                stroke=&quot;currentColor&quot;
                viewBox=&quot;0 0 24 24&quot;
              &gt;
                &lt;path
                  d=&quot;M19 21V5a2 2 0 00-2-2H7a2 2 0 00-2 2v16m14 0h2m-2 0h-5m-9 0H3m2 0h5M9 7h1m-1 4h1m4-4h1m-1 4h1m-5 10v-5a1 1 0 011-1h2a1 1 0 011 1v5m-4 0h4&quot;
                  stroke-linecap=&quot;round&quot;
                  stroke-linejoin=&quot;round&quot;
                  stroke-width=&quot;2&quot;
                /&gt;
              &lt;/svg&gt;
              Organization
            &lt;/button&gt;
            &lt;div
              class=&quot;border-t border-gray-200 mt-1 pt-1&quot;
            &gt;
              &lt;button
                class=&quot;flex items-center w-full px-4 py-2 text-sm text-red-700 hover:bg-red-50&quot;
              &gt;
                &lt;svg
                  class=&quot;w-4 h-4 mr-3&quot;
                  fill=&quot;none&quot;
                  stroke=&quot;currentColor&quot;
                  viewBox=&quot;0 0 24 24&quot;
                &gt;
                  &lt;path
                    d=&quot;M17 16l4-4m0 0l-4-4m4 4H7m6 4v1a3 3 0 01-3 3H6a3 3 0 01-3-3V7a3 3 0 013-3h4a3 3 0 013 3v1&quot;
                    stroke-linecap=&quot;round&quot;
                    stroke-linejoin=&quot;round&quot;
                    stroke-width=&quot;2&quot;
                  /&gt;
                &lt;/svg&gt;
                Sign Out
              &lt;/button&gt;
            &lt;/div&gt;
          &lt;/div&gt;
        &lt;/div&gt;
        &lt;div
          class=&quot;fixed inset-0 z-40&quot;
        /&gt;
      &lt;/div&gt;
    &lt;/div&gt;
  &lt;/body&gt;
&lt;/html&gt;
 ❯ Module.waitFor ../node_modules/@testing-library/dom/dist/wait-for.js:163:27
 ❯ test/components/auth/UserInfo.test.tsx:284:11
            </failure>
        </testcase>
        <testcase classname="test/components/auth/UserInfo.test.tsx" name="UserInfo &gt; should handle missing organization ID gracefully" time="0.0038878">
        </testcase>
        <testcase classname="test/components/auth/UserInfo.test.tsx" name="UserInfo &gt; should have proper dropdown menu styling" time="1.0160951">
            <failure message="[2mexpect([22m[31melement[39m[2m).toHaveClass([22m[32m[32m&quot;absolute&quot;[32m[39m[2m)[22m

Expected the element to have class:
[32m  absolute[39m
Received:
[31m  py-1[39m

Ignored nodes: comments, script, style
[36m&lt;html&gt;[39m
  [36m&lt;head /&gt;[39m
  [36m&lt;body&gt;[39m
    [36m&lt;div&gt;[39m
      [36m&lt;div[39m
        [33mclass[39m=[32m&quot;relative&quot;[39m
      [36m&gt;[39m
        [36m&lt;button[39m
          [33mclass[39m=[32m&quot;flex items-center space-x-2 px-3 py-2 rounded-md text-sm font-medium text-gray-700 hover:bg-gray-100 transition-colors&quot;[39m
        [36m&gt;[39m
          [36m&lt;div[39m
            [33mclass[39m=[32m&quot;w-8 h-8 bg-blue-600 rounded-full flex items-center justify-center text-white text-sm font-semibold&quot;[39m
          [36m&gt;[39m
            [0mT[0m
          [36m&lt;/div&gt;[39m
          [36m&lt;div[39m
            [33mclass[39m=[32m&quot;text-left&quot;[39m
          [36m&gt;[39m
            [36m&lt;div[39m
              [33mclass[39m=[32m&quot;font-medium&quot;[39m
            [36m&gt;[39m
              [0mTest User[0m
            [36m&lt;/div&gt;[39m
            [36m&lt;div[39m
              [33mclass[39m=[32m&quot;text-xs text-gray-500&quot;[39m
            [36m&gt;[39m
              [0morg-123[0m
            [36m&lt;/div&gt;[39m
          [36m&lt;/div&gt;[39m
          [36m&lt;svg[39m
            [33mclass[39m=[32m&quot;w-4 h-4 text-gray-400&quot;[39m
            [33mfill[39m=[32m&quot;none&quot;[39m
            [33mstroke[39m=[32m&quot;currentColor&quot;[39m
            [33mviewBox[39m=[32m&quot;0 0 24 24&quot;[39m
          [36m&gt;[39m
            [36m&lt;path[39m
              [33md[39m=[32m&quot;M19 9l-7 7-7-7&quot;[39m
              [33mstroke-linecap[39m=[32m&quot;round&quot;[39m
              [33mstroke-linejoin[39m=[32m&quot;round&quot;[39m
              [33mstroke-width[39m=[32m&quot;2&quot;[39m
            [36m/&gt;[39m
          [36m&lt;/svg&gt;[39m
        [36m&lt;/button&gt;[39m
        [36m&lt;div[39m
          [33mclass[39m=[32m&quot;absolute right-0 mt-2 w-64 bg-white rounded-md shadow-lg py-1 z-50 border border-gray-200&quot;[39m
        [36m&gt;[39m
          [36m&lt;div[39m
            [33mclass[39m=[32m&quot;px-4 py-3 border-b border-gray-200&quot;[39m
          [36m&gt;[39m
            [36m&lt;p[39m
              [33mclass[39m=[32m&quot;text-sm font-medium text-gray-900&quot;[39m
            [36m&gt;[39m
              [0mTest User[0m
            [36m&lt;/p&gt;[39m
            [36m&lt;p[39m
              [33mclass[39m=[32m&quot;text-sm text-gray-500&quot;[39m
            [36m&gt;[39m
              [0mtest@example.com[0m
            [36m&lt;/p&gt;[39m
            [36m&lt;p[39m
              [33mclass[39m=[32m&quot;text-xs text-gray-400 mt-1&quot;[39m
            [36m&gt;[39m
              [0morg-123[0m
              [0m • [0m
              [0madmin[0m
            [36m&lt;/p&gt;[39m
            [36m&lt;div[39m
              [33mclass[39m=[32m&quot;mt-2 px-2 py-1 bg-yellow-100 text-yellow-800 text-xs rounded&quot;[39m
            [36m&gt;[39m
              [0mDev Mode[0m
            [36m&lt;/div&gt;[39m
          [36m&lt;/div&gt;[39m
          [36m&lt;div[39m
            [33mclass[39m=[32m&quot;py-1&quot;[39m
          [36m&gt;[39m
            [36m&lt;button[39m
              [33mclass[39m=[32m&quot;flex items-center w-full px-4 py-2 text-sm text-gray-700 hover:bg-gray-100&quot;[39m
            [36m&gt;[39m
              [36m&lt;svg[39m
                [33mclass[39m=[32m&quot;w-4 h-4 mr-3&quot;[39m
                [33mfill[39m=[32m&quot;none&quot;[39m
                [33mstroke[39m=[32m&quot;currentColor&quot;[39m
                [33mviewBox[39m=[32m&quot;0 0 24 24&quot;[39m
              [36m&gt;[39m
                [36m&lt;path[39m
                  [33md[39m=[32m&quot;M16 7a4 4 0 11-8 0 4 4 0 018 0zM12 14a7 7 0 00-7 7h14a7 7 0 00-7-7z&quot;[39m
                  [33mstroke-linecap[39m=[32m&quot;round&quot;[39m
                  [33mstroke-linejoin[39m=[32m&quot;round&quot;[39m
                  [33mstroke-width[39m=[32m&quot;2&quot;[39m
                [36m/&gt;[39m
              [36m&lt;/svg&gt;[39m
              [0mProfile Settings[0m
            [36m&lt;/button&gt;[39m
            [36m&lt;button[39m
              [33mclass[39m=[32m&quot;flex items-center w-full px-4 py-2 text-sm text-gray-700 hover:bg-gray-100&quot;[39m
            [36m&gt;[39m
              [36m&lt;svg[39m
                [33mclass[39m=[32m&quot;w-4 h-4 mr-3&quot;[39m
                [33mfill[39m=[32m&quot;none&quot;[39m
                [33mstroke[39m=[32m&quot;currentColor&quot;[39m
                [33mviewBox[39m=[32m&quot;0 0 24 24&quot;[39m
              [36m&gt;[39m
                [36m&lt;path[39m
                  [33md[39m=[32m&quot;M19 21V5a2 2 0 00-2-2H7a2 2 0 00-2 2v16m14 0h2m-2 0h-5m-9 0H3m2 0h5M9 7h1m-1 4h1m4-4h1m-1 4h1m-5 10v-5a1 1 0 011-1h2a1 1 0 011 1v5m-4 0h4&quot;[39m
                  [33mstroke-linecap[39m=[32m&quot;round&quot;[39m
                  [33mstroke-linejoin[39m=[32m&quot;round&quot;[39m
                  [33mstroke-width[39m=[32m&quot;2&quot;[39m
                [36m/&gt;[39m
              [36m&lt;/svg&gt;[39m
              [0mOrganization[0m
            [36m&lt;/button&gt;[39m
            [36m&lt;div[39m
              [33mclass[39m=[32m&quot;border-t border-gray-200 mt-1 pt-1&quot;[39m
            [36m&gt;[39m
              [36m&lt;button[39m
                [33mclass[39m=[32m&quot;flex items-center w-full px-4 py-2 text-sm text-red-700 hover:bg-red-50&quot;[39m
              [36m&gt;[39m
                [36m&lt;svg[39m
                  [33mclass[39m=[32m&quot;w-4 h-4 mr-3&quot;[39m
                  [33mfill[39m=[32m&quot;none&quot;[39m
                  [33mstroke[39m=[32m&quot;currentColor&quot;[39m
                  [33mviewBox[39m=[32m&quot;0 0 24 24&quot;[39m
                [36m&gt;[39m
                  [36m&lt;path[39m
                    [33md[39m=[32m&quot;M17 16l4-4m0 0l-4-4m4 4H7m6 4v1a3 3 0 01-3 3H6a3 3 0 01-3-3V7a3 3 0 013-3h4a3 3 0 013 3v1&quot;[39m
                    [33mstroke-linecap[39m=[32m&quot;round&quot;[39m
                    [33mstroke-linejoin[39m=[32m&quot;round&quot;[39m
                    [33mstroke-width[39m=[32m&quot;2&quot;[39m
                  [36m/&gt;[39m
                [36m&lt;/svg&gt;[39m
                [0mSign Out[0m
              [36m&lt;/button&gt;[39m
            [36m&lt;/div&gt;[39m
          [36m&lt;/div&gt;[39m
        [36m&lt;/div&gt;[39m
        [36m&lt;div[39m
          [33mclass[39m=[32m&quot;fixed inset-0 z-40&quot;[39m
        [36m/&gt;[39m
      [36m&lt;/div&gt;[39m
    [36m&lt;/div&gt;[39m
  [36m&lt;/body&gt;[39m
[36m&lt;/html&gt;[39m" type="Error">
Error: expect(element).toHaveClass(&quot;absolute&quot;)

Expected the element to have class:
  absolute
Received:
  py-1

Ignored nodes: comments, script, style
&lt;html&gt;
  &lt;head /&gt;
  &lt;body&gt;
    &lt;div&gt;
      &lt;div
        class=&quot;relative&quot;
      &gt;
        &lt;button
          class=&quot;flex items-center space-x-2 px-3 py-2 rounded-md text-sm font-medium text-gray-700 hover:bg-gray-100 transition-colors&quot;
        &gt;
          &lt;div
            class=&quot;w-8 h-8 bg-blue-600 rounded-full flex items-center justify-center text-white text-sm font-semibold&quot;
          &gt;
            T
          &lt;/div&gt;
          &lt;div
            class=&quot;text-left&quot;
          &gt;
            &lt;div
              class=&quot;font-medium&quot;
            &gt;
              Test User
            &lt;/div&gt;
            &lt;div
              class=&quot;text-xs text-gray-500&quot;
            &gt;
              org-123
            &lt;/div&gt;
          &lt;/div&gt;
          &lt;svg
            class=&quot;w-4 h-4 text-gray-400&quot;
            fill=&quot;none&quot;
            stroke=&quot;currentColor&quot;
            viewBox=&quot;0 0 24 24&quot;
          &gt;
            &lt;path
              d=&quot;M19 9l-7 7-7-7&quot;
              stroke-linecap=&quot;round&quot;
              stroke-linejoin=&quot;round&quot;
              stroke-width=&quot;2&quot;
            /&gt;
          &lt;/svg&gt;
        &lt;/button&gt;
        &lt;div
          class=&quot;absolute right-0 mt-2 w-64 bg-white rounded-md shadow-lg py-1 z-50 border border-gray-200&quot;
        &gt;
          &lt;div
            class=&quot;px-4 py-3 border-b border-gray-200&quot;
          &gt;
            &lt;p
              class=&quot;text-sm font-medium text-gray-900&quot;
            &gt;
              Test User
            &lt;/p&gt;
            &lt;p
              class=&quot;text-sm text-gray-500&quot;
            &gt;
              test@example.com
            &lt;/p&gt;
            &lt;p
              class=&quot;text-xs text-gray-400 mt-1&quot;
            &gt;
              org-123
               • 
              admin
            &lt;/p&gt;
            &lt;div
              class=&quot;mt-2 px-2 py-1 bg-yellow-100 text-yellow-800 text-xs rounded&quot;
            &gt;
              Dev Mode
            &lt;/div&gt;
          &lt;/div&gt;
          &lt;div
            class=&quot;py-1&quot;
          &gt;
            &lt;button
              class=&quot;flex items-center w-full px-4 py-2 text-sm text-gray-700 hover:bg-gray-100&quot;
            &gt;
              &lt;svg
                class=&quot;w-4 h-4 mr-3&quot;
                fill=&quot;none&quot;
                stroke=&quot;currentColor&quot;
                viewBox=&quot;0 0 24 24&quot;
              &gt;
                &lt;path
                  d=&quot;M16 7a4 4 0 11-8 0 4 4 0 018 0zM12 14a7 7 0 00-7 7h14a7 7 0 00-7-7z&quot;
                  stroke-linecap=&quot;round&quot;
                  stroke-linejoin=&quot;round&quot;
                  stroke-width=&quot;2&quot;
                /&gt;
              &lt;/svg&gt;
              Profile Settings
            &lt;/button&gt;
            &lt;button
              class=&quot;flex items-center w-full px-4 py-2 text-sm text-gray-700 hover:bg-gray-100&quot;
            &gt;
              &lt;svg
                class=&quot;w-4 h-4 mr-3&quot;
                fill=&quot;none&quot;
                stroke=&quot;currentColor&quot;
                viewBox=&quot;0 0 24 24&quot;
              &gt;
                &lt;path
                  d=&quot;M19 21V5a2 2 0 00-2-2H7a2 2 0 00-2 2v16m14 0h2m-2 0h-5m-9 0H3m2 0h5M9 7h1m-1 4h1m4-4h1m-1 4h1m-5 10v-5a1 1 0 011-1h2a1 1 0 011 1v5m-4 0h4&quot;
                  stroke-linecap=&quot;round&quot;
                  stroke-linejoin=&quot;round&quot;
                  stroke-width=&quot;2&quot;
                /&gt;
              &lt;/svg&gt;
              Organization
            &lt;/button&gt;
            &lt;div
              class=&quot;border-t border-gray-200 mt-1 pt-1&quot;
            &gt;
              &lt;button
                class=&quot;flex items-center w-full px-4 py-2 text-sm text-red-700 hover:bg-red-50&quot;
              &gt;
                &lt;svg
                  class=&quot;w-4 h-4 mr-3&quot;
                  fill=&quot;none&quot;
                  stroke=&quot;currentColor&quot;
                  viewBox=&quot;0 0 24 24&quot;
                &gt;
                  &lt;path
                    d=&quot;M17 16l4-4m0 0l-4-4m4 4H7m6 4v1a3 3 0 01-3 3H6a3 3 0 01-3-3V7a3 3 0 013-3h4a3 3 0 013 3v1&quot;
                    stroke-linecap=&quot;round&quot;
                    stroke-linejoin=&quot;round&quot;
                    stroke-width=&quot;2&quot;
                  /&gt;
                &lt;/svg&gt;
                Sign Out
              &lt;/button&gt;
            &lt;/div&gt;
          &lt;/div&gt;
        &lt;/div&gt;
        &lt;div
          class=&quot;fixed inset-0 z-40&quot;
        /&gt;
      &lt;/div&gt;
    &lt;/div&gt;
  &lt;/body&gt;
&lt;/html&gt;
 ❯ test/components/auth/UserInfo.test.tsx:315:24
 ❯ runWithExpensiveErrorDiagnosticsDisabled ../node_modules/@testing-library/dom/dist/config.js:47:12
 ❯ checkCallback ../node_modules/@testing-library/dom/dist/wait-for.js:124:77
 ❯ Timeout.checkRealTimersCallback ../node_modules/@testing-library/dom/dist/wait-for.js:118:16
            </failure>
        </testcase>
    </testsuite>
    <testsuite name="test/workflow/tasks/ArtifactsGetTask.test.ts" timestamp="2025-10-12T03:32:33.915Z" hostname="1000D" tests="1" failures="1" errors="0" skipped="0" time="0">
        <testcase classname="test/workflow/tasks/ArtifactsGetTask.test.ts" name="test/workflow/tasks/ArtifactsGetTask.test.ts" time="0">
            <failure message="Failed to resolve import &quot;../../../src/workflow/tasks/mcp/ArtifactsGetTask&quot; from &quot;test/workflow/tasks/ArtifactsGetTask.test.ts&quot;. Does the file exist?" type="Error">
Error: Failed to resolve import &quot;../../../src/workflow/tasks/mcp/ArtifactsGetTask&quot; from &quot;test/workflow/tasks/ArtifactsGetTask.test.ts&quot;. Does the file exist?
  Plugin: vite:import-analysis
  File: C:/Users/Todd/aws-ai-agent-bus/dashboard-ui/test/workflow/tasks/ArtifactsGetTask.test.ts:5:33
  1  |  import { describe, it, expect, beforeEach, vi } from &quot;vitest&quot;;
  2  |  import { ArtifactsGetTask } from &quot;../../../src/workflow/tasks/mcp/ArtifactsGetTask&quot;;
     |                                    ^
  3  |  import {
  4  |    TaskExecutionError,
 ❯ TransformPluginContext._formatLog ../node_modules/vite/dist/node/chunks/dep-M_KD0XSK.js:31527:43
 ❯ TransformPluginContext.error ../node_modules/vite/dist/node/chunks/dep-M_KD0XSK.js:31524:14
 ❯ normalizeUrl ../node_modules/vite/dist/node/chunks/dep-M_KD0XSK.js:29996:18
 ❯ ../node_modules/vite/dist/node/chunks/dep-M_KD0XSK.js:30054:32
 ❯ TransformPluginContext.transform ../node_modules/vite/dist/node/chunks/dep-M_KD0XSK.js:30022:4
 ❯ EnvironmentPluginContainer.transform ../node_modules/vite/dist/node/chunks/dep-M_KD0XSK.js:31325:14
 ❯ loadAndTransform ../node_modules/vite/dist/node/chunks/dep-M_KD0XSK.js:26407:26
            </failure>
        </testcase>
    </testsuite>
    <testsuite name="test/workflow/tasks/ArtifactsListTask.test.ts" timestamp="2025-10-12T03:32:33.916Z" hostname="1000D" tests="1" failures="1" errors="0" skipped="0" time="0">
        <testcase classname="test/workflow/tasks/ArtifactsListTask.test.ts" name="test/workflow/tasks/ArtifactsListTask.test.ts" time="0">
            <failure message="Failed to resolve import &quot;../../../src/workflow/tasks/mcp/ArtifactsListTask&quot; from &quot;test/workflow/tasks/ArtifactsListTask.test.ts&quot;. Does the file exist?" type="Error">
Error: Failed to resolve import &quot;../../../src/workflow/tasks/mcp/ArtifactsListTask&quot; from &quot;test/workflow/tasks/ArtifactsListTask.test.ts&quot;. Does the file exist?
  Plugin: vite:import-analysis
  File: C:/Users/Todd/aws-ai-agent-bus/dashboard-ui/test/workflow/tasks/ArtifactsListTask.test.ts:5:34
  1  |  import { describe, it, expect, beforeEach, vi } from &quot;vitest&quot;;
  2  |  import { ArtifactsListTask } from &quot;../../../src/workflow/tasks/mcp/ArtifactsListTask&quot;;
     |                                     ^
  3  |  import {
  4  |    TaskExecutionError,
 ❯ TransformPluginContext._formatLog ../node_modules/vite/dist/node/chunks/dep-M_KD0XSK.js:31527:43
 ❯ TransformPluginContext.error ../node_modules/vite/dist/node/chunks/dep-M_KD0XSK.js:31524:14
 ❯ normalizeUrl ../node_modules/vite/dist/node/chunks/dep-M_KD0XSK.js:29996:18
 ❯ ../node_modules/vite/dist/node/chunks/dep-M_KD0XSK.js:30054:32
 ❯ TransformPluginContext.transform ../node_modules/vite/dist/node/chunks/dep-M_KD0XSK.js:30022:4
 ❯ EnvironmentPluginContainer.transform ../node_modules/vite/dist/node/chunks/dep-M_KD0XSK.js:31325:14
 ❯ loadAndTransform ../node_modules/vite/dist/node/chunks/dep-M_KD0XSK.js:26407:26
            </failure>
        </testcase>
    </testsuite>
    <testsuite name="test/workflow/tasks/ArtifactsPutTask.test.ts" timestamp="2025-10-12T03:32:33.916Z" hostname="1000D" tests="1" failures="1" errors="0" skipped="0" time="0">
        <testcase classname="test/workflow/tasks/ArtifactsPutTask.test.ts" name="test/workflow/tasks/ArtifactsPutTask.test.ts" time="0">
            <failure message="Failed to resolve import &quot;../../../src/workflow/tasks/mcp/ArtifactsPutTask&quot; from &quot;test/workflow/tasks/ArtifactsPutTask.test.ts&quot;. Does the file exist?" type="Error">
Error: Failed to resolve import &quot;../../../src/workflow/tasks/mcp/ArtifactsPutTask&quot; from &quot;test/workflow/tasks/ArtifactsPutTask.test.ts&quot;. Does the file exist?
  Plugin: vite:import-analysis
  File: C:/Users/Todd/aws-ai-agent-bus/dashboard-ui/test/workflow/tasks/ArtifactsPutTask.test.ts:5:33
  1  |  import { describe, it, expect, beforeEach, vi } from &quot;vitest&quot;;
  2  |  import { ArtifactsPutTask } from &quot;../../../src/workflow/tasks/mcp/ArtifactsPutTask&quot;;
     |                                    ^
  3  |  import {
  4  |    TaskExecutionError,
 ❯ TransformPluginContext._formatLog ../node_modules/vite/dist/node/chunks/dep-M_KD0XSK.js:31527:43
 ❯ TransformPluginContext.error ../node_modules/vite/dist/node/chunks/dep-M_KD0XSK.js:31524:14
 ❯ normalizeUrl ../node_modules/vite/dist/node/chunks/dep-M_KD0XSK.js:29996:18
 ❯ ../node_modules/vite/dist/node/chunks/dep-M_KD0XSK.js:30054:32
 ❯ TransformPluginContext.transform ../node_modules/vite/dist/node/chunks/dep-M_KD0XSK.js:30022:4
 ❯ EnvironmentPluginContainer.transform ../node_modules/vite/dist/node/chunks/dep-M_KD0XSK.js:31325:14
 ❯ loadAndTransform ../node_modules/vite/dist/node/chunks/dep-M_KD0XSK.js:26407:26
            </failure>
        </testcase>
    </testsuite>
    <testsuite name="test/workflow/tasks/EventsSendTask.test.ts" timestamp="2025-10-12T03:32:33.917Z" hostname="1000D" tests="1" failures="1" errors="0" skipped="0" time="0">
        <testcase classname="test/workflow/tasks/EventsSendTask.test.ts" name="test/workflow/tasks/EventsSendTask.test.ts" time="0">
            <failure message="Failed to resolve import &quot;../../../src/workflow/tasks/mcp/EventsSendTask&quot; from &quot;test/workflow/tasks/EventsSendTask.test.ts&quot;. Does the file exist?" type="Error">
Error: Failed to resolve import &quot;../../../src/workflow/tasks/mcp/EventsSendTask&quot; from &quot;test/workflow/tasks/EventsSendTask.test.ts&quot;. Does the file exist?
  Plugin: vite:import-analysis
  File: C:/Users/Todd/aws-ai-agent-bus/dashboard-ui/test/workflow/tasks/EventsSendTask.test.ts:5:31
  1  |  import { describe, it, expect, beforeEach, vi } from &quot;vitest&quot;;
  2  |  import { EventsSendTask } from &quot;../../../src/workflow/tasks/mcp/EventsSendTask&quot;;
     |                                  ^
  3  |  import {
  4  |    TaskExecutionError,
 ❯ TransformPluginContext._formatLog ../node_modules/vite/dist/node/chunks/dep-M_KD0XSK.js:31527:43
 ❯ TransformPluginContext.error ../node_modules/vite/dist/node/chunks/dep-M_KD0XSK.js:31524:14
 ❯ normalizeUrl ../node_modules/vite/dist/node/chunks/dep-M_KD0XSK.js:29996:18
 ❯ ../node_modules/vite/dist/node/chunks/dep-M_KD0XSK.js:30054:32
 ❯ TransformPluginContext.transform ../node_modules/vite/dist/node/chunks/dep-M_KD0XSK.js:30022:4
 ❯ EnvironmentPluginContainer.transform ../node_modules/vite/dist/node/chunks/dep-M_KD0XSK.js:31325:14
 ❯ loadAndTransform ../node_modules/vite/dist/node/chunks/dep-M_KD0XSK.js:26407:26
            </failure>
        </testcase>
    </testsuite>
    <testsuite name="test/workflow/tasks/HTTPGetTask.test.ts" timestamp="2025-10-12T03:32:33.917Z" hostname="1000D" tests="36" failures="0" errors="0" skipped="0" time="0.0595058">
        <testcase classname="test/workflow/tasks/HTTPGetTask.test.ts" name="HTTPGetTask &gt; task metadata &gt; should have correct task type" time="0.0040729">
        </testcase>
        <testcase classname="test/workflow/tasks/HTTPGetTask.test.ts" name="HTTPGetTask &gt; task metadata &gt; should have correct display info" time="0.001895">
        </testcase>
        <testcase classname="test/workflow/tasks/HTTPGetTask.test.ts" name="HTTPGetTask &gt; task metadata &gt; should have correct schema" time="0.0014748">
        </testcase>
        <testcase classname="test/workflow/tasks/HTTPGetTask.test.ts" name="HTTPGetTask &gt; input validation &gt; should validate valid input with direct URL" time="0.0018218">
        </testcase>
        <testcase classname="test/workflow/tasks/HTTPGetTask.test.ts" name="HTTPGetTask &gt; input validation &gt; should validate input with context URL" time="0.0009157">
        </testcase>
        <testcase classname="test/workflow/tasks/HTTPGetTask.test.ts" name="HTTPGetTask &gt; input validation &gt; should reject when neither URL nor context URL is provided" time="0.0017457">
        </testcase>
        <testcase classname="test/workflow/tasks/HTTPGetTask.test.ts" name="HTTPGetTask &gt; input validation &gt; should reject invalid URL format" time="0.0011113">
        </testcase>
        <testcase classname="test/workflow/tasks/HTTPGetTask.test.ts" name="HTTPGetTask &gt; input validation &gt; should accept various valid URL formats" time="0.0015193">
        </testcase>
        <testcase classname="test/workflow/tasks/HTTPGetTask.test.ts" name="HTTPGetTask &gt; input validation &gt; should reject invalid timeout values" time="0.0012897">
        </testcase>
        <testcase classname="test/workflow/tasks/HTTPGetTask.test.ts" name="HTTPGetTask &gt; input validation &gt; should warn about missing context URL key" time="0.0006999">
        </testcase>
        <testcase classname="test/workflow/tasks/HTTPGetTask.test.ts" name="HTTPGetTask &gt; input validation &gt; should validate headers format" time="0.0006299">
        </testcase>
        <testcase classname="test/workflow/tasks/HTTPGetTask.test.ts" name="HTTPGetTask &gt; task execution &gt; should execute successfully with direct URL" time="0.0022384">
        </testcase>
        <testcase classname="test/workflow/tasks/HTTPGetTask.test.ts" name="HTTPGetTask &gt; task execution &gt; should execute successfully with context URL" time="0.0014825">
        </testcase>
        <testcase classname="test/workflow/tasks/HTTPGetTask.test.ts" name="HTTPGetTask &gt; task execution &gt; should use default context URL key when not specified" time="0.002433">
        </testcase>
        <testcase classname="test/workflow/tasks/HTTPGetTask.test.ts" name="HTTPGetTask &gt; task execution &gt; should use default timeout when not specified" time="0.0010861">
        </testcase>
        <testcase classname="test/workflow/tasks/HTTPGetTask.test.ts" name="HTTPGetTask &gt; task execution &gt; should handle different response data types" time="0.001355">
        </testcase>
        <testcase classname="test/workflow/tasks/HTTPGetTask.test.ts" name="HTTPGetTask &gt; task execution &gt; should log execution progress" time="0.0010333">
        </testcase>
        <testcase classname="test/workflow/tasks/HTTPGetTask.test.ts" name="HTTPGetTask &gt; task execution &gt; should throw error when context URL key is missing" time="0.0020234">
        </testcase>
        <testcase classname="test/workflow/tasks/HTTPGetTask.test.ts" name="HTTPGetTask &gt; task execution &gt; should throw TaskExecutionError on HTTP service failure" time="0.0011211">
        </testcase>
        <testcase classname="test/workflow/tasks/HTTPGetTask.test.ts" name="HTTPGetTask &gt; HTTP status code handling &gt; should handle successful status codes (2xx)" time="0.0008714">
        </testcase>
        <testcase classname="test/workflow/tasks/HTTPGetTask.test.ts" name="HTTPGetTask &gt; HTTP status code handling &gt; should handle client error status codes (4xx)" time="0.000989">
        </testcase>
        <testcase classname="test/workflow/tasks/HTTPGetTask.test.ts" name="HTTPGetTask &gt; HTTP status code handling &gt; should handle server error status codes (5xx)" time="0.0006524">
        </testcase>
        <testcase classname="test/workflow/tasks/HTTPGetTask.test.ts" name="HTTPGetTask &gt; headers and authentication &gt; should send custom headers correctly" time="0.0007463">
        </testcase>
        <testcase classname="test/workflow/tasks/HTTPGetTask.test.ts" name="HTTPGetTask &gt; headers and authentication &gt; should handle case-insensitive headers" time="0.0012389">
        </testcase>
        <testcase classname="test/workflow/tasks/HTTPGetTask.test.ts" name="HTTPGetTask &gt; headers and authentication &gt; should handle empty headers object" time="0.0007877">
        </testcase>
        <testcase classname="test/workflow/tasks/HTTPGetTask.test.ts" name="HTTPGetTask &gt; response data handling &gt; should handle large response payloads efficiently" time="0.0072687">
        </testcase>
        <testcase classname="test/workflow/tasks/HTTPGetTask.test.ts" name="HTTPGetTask &gt; response data handling &gt; should handle binary response data" time="0.0012981">
        </testcase>
        <testcase classname="test/workflow/tasks/HTTPGetTask.test.ts" name="HTTPGetTask &gt; response data handling &gt; should handle malformed JSON responses gracefully" time="0.0012843">
        </testcase>
        <testcase classname="test/workflow/tasks/HTTPGetTask.test.ts" name="HTTPGetTask &gt; URL construction and context integration &gt; should handle URLs with query parameters" time="0.0014249">
        </testcase>
        <testcase classname="test/workflow/tasks/HTTPGetTask.test.ts" name="HTTPGetTask &gt; URL construction and context integration &gt; should handle URLs with fragments" time="0.0011581">
        </testcase>
        <testcase classname="test/workflow/tasks/HTTPGetTask.test.ts" name="HTTPGetTask &gt; URL construction and context integration &gt; should handle context URLs with special characters" time="0.0012985">
        </testcase>
        <testcase classname="test/workflow/tasks/HTTPGetTask.test.ts" name="HTTPGetTask &gt; integration with workflow context &gt; should work without logger" time="0.0008821">
        </testcase>
        <testcase classname="test/workflow/tasks/HTTPGetTask.test.ts" name="HTTPGetTask &gt; integration with workflow context &gt; should preserve existing context data" time="0.0012667">
        </testcase>
        <testcase classname="test/workflow/tasks/HTTPGetTask.test.ts" name="HTTPGetTask &gt; integration with workflow context &gt; should handle concurrent executions" time="0.0021747">
        </testcase>
        <testcase classname="test/workflow/tasks/HTTPGetTask.test.ts" name="HTTPGetTask &gt; timeout handling &gt; should respect custom timeout values" time="0.0017602">
        </testcase>
        <testcase classname="test/workflow/tasks/HTTPGetTask.test.ts" name="HTTPGetTask &gt; timeout handling &gt; should handle timeout errors from HTTP service" time="0.0018742">
        </testcase>
    </testsuite>
    <testsuite name="test/workflow/tasks/KVGetTask.test.ts" timestamp="2025-10-12T03:32:33.920Z" hostname="1000D" tests="1" failures="1" errors="0" skipped="0" time="0">
        <testcase classname="test/workflow/tasks/KVGetTask.test.ts" name="test/workflow/tasks/KVGetTask.test.ts" time="0">
            <failure message="Failed to resolve import &quot;../../../src/workflow/tasks/mcp/KVGetTask&quot; from &quot;test/workflow/tasks/KVGetTask.test.ts&quot;. Does the file exist?" type="Error">
Error: Failed to resolve import &quot;../../../src/workflow/tasks/mcp/KVGetTask&quot; from &quot;test/workflow/tasks/KVGetTask.test.ts&quot;. Does the file exist?
  Plugin: vite:import-analysis
  File: C:/Users/Todd/aws-ai-agent-bus/dashboard-ui/test/workflow/tasks/KVGetTask.test.ts:5:26
  1  |  import { describe, it, expect, beforeEach, vi } from &quot;vitest&quot;;
  2  |  import { KVGetTask } from &quot;../../../src/workflow/tasks/mcp/KVGetTask&quot;;
     |                             ^
  3  |  import {
  4  |    TaskExecutionError,
 ❯ TransformPluginContext._formatLog ../node_modules/vite/dist/node/chunks/dep-M_KD0XSK.js:31527:43
 ❯ TransformPluginContext.error ../node_modules/vite/dist/node/chunks/dep-M_KD0XSK.js:31524:14
 ❯ normalizeUrl ../node_modules/vite/dist/node/chunks/dep-M_KD0XSK.js:29996:18
 ❯ ../node_modules/vite/dist/node/chunks/dep-M_KD0XSK.js:30054:32
 ❯ TransformPluginContext.transform ../node_modules/vite/dist/node/chunks/dep-M_KD0XSK.js:30022:4
 ❯ EnvironmentPluginContainer.transform ../node_modules/vite/dist/node/chunks/dep-M_KD0XSK.js:31325:14
 ❯ loadAndTransform ../node_modules/vite/dist/node/chunks/dep-M_KD0XSK.js:26407:26
            </failure>
        </testcase>
    </testsuite>
    <testsuite name="test/workflow/tasks/KVSetTask.test.ts" timestamp="2025-10-12T03:32:33.920Z" hostname="1000D" tests="1" failures="1" errors="0" skipped="0" time="0">
        <testcase classname="test/workflow/tasks/KVSetTask.test.ts" name="test/workflow/tasks/KVSetTask.test.ts" time="0">
            <failure message="Failed to resolve import &quot;../../../src/workflow/tasks/mcp/KVSetTask&quot; from &quot;test/workflow/tasks/KVSetTask.test.ts&quot;. Does the file exist?" type="Error">
Error: Failed to resolve import &quot;../../../src/workflow/tasks/mcp/KVSetTask&quot; from &quot;test/workflow/tasks/KVSetTask.test.ts&quot;. Does the file exist?
  Plugin: vite:import-analysis
  File: C:/Users/Todd/aws-ai-agent-bus/dashboard-ui/test/workflow/tasks/KVSetTask.test.ts:5:26
  1  |  import { describe, it, expect, beforeEach, vi } from &quot;vitest&quot;;
  2  |  import { KVSetTask } from &quot;../../../src/workflow/tasks/mcp/KVSetTask&quot;;
     |                             ^
  3  |  import {
  4  |    TaskExecutionError,
 ❯ TransformPluginContext._formatLog ../node_modules/vite/dist/node/chunks/dep-M_KD0XSK.js:31527:43
 ❯ TransformPluginContext.error ../node_modules/vite/dist/node/chunks/dep-M_KD0XSK.js:31524:14
 ❯ normalizeUrl ../node_modules/vite/dist/node/chunks/dep-M_KD0XSK.js:29996:18
 ❯ ../node_modules/vite/dist/node/chunks/dep-M_KD0XSK.js:30054:32
 ❯ TransformPluginContext.transform ../node_modules/vite/dist/node/chunks/dep-M_KD0XSK.js:30022:4
 ❯ EnvironmentPluginContainer.transform ../node_modules/vite/dist/node/chunks/dep-M_KD0XSK.js:31325:14
 ❯ loadAndTransform ../node_modules/vite/dist/node/chunks/dep-M_KD0XSK.js:26407:26
            </failure>
        </testcase>
    </testsuite>
    <testsuite name="test/workflow/tasks/OutputTask.test.ts" timestamp="2025-10-12T03:32:33.921Z" hostname="1000D" tests="34" failures="0" errors="0" skipped="0" time="0.0528651">
        <testcase classname="test/workflow/tasks/OutputTask.test.ts" name="OutputTask &gt; task metadata &gt; should have correct task type" time="0.0035803">
        </testcase>
        <testcase classname="test/workflow/tasks/OutputTask.test.ts" name="OutputTask &gt; task metadata &gt; should have correct display info" time="0.0015867">
        </testcase>
        <testcase classname="test/workflow/tasks/OutputTask.test.ts" name="OutputTask &gt; task metadata &gt; should have correct schema" time="0.0010103">
        </testcase>
        <testcase classname="test/workflow/tasks/OutputTask.test.ts" name="OutputTask &gt; input validation &gt; should validate valid input with all options" time="0.0008936">
        </testcase>
        <testcase classname="test/workflow/tasks/OutputTask.test.ts" name="OutputTask &gt; input validation &gt; should validate empty input (use defaults)" time="0.0008653">
        </testcase>
        <testcase classname="test/workflow/tasks/OutputTask.test.ts" name="OutputTask &gt; input validation &gt; should reject invalid format" time="0.0016494">
        </testcase>
        <testcase classname="test/workflow/tasks/OutputTask.test.ts" name="OutputTask &gt; input validation &gt; should require custom template when format is custom" time="0.0008145">
        </testcase>
        <testcase classname="test/workflow/tasks/OutputTask.test.ts" name="OutputTask &gt; input validation &gt; should accept valid format options" time="0.0007401">
        </testcase>
        <testcase classname="test/workflow/tasks/OutputTask.test.ts" name="OutputTask &gt; input validation &gt; should validate fields array" time="0.0006181">
        </testcase>
        <testcase classname="test/workflow/tasks/OutputTask.test.ts" name="OutputTask &gt; input validation &gt; should reject non-string fields" time="0.0007514">
        </testcase>
        <testcase classname="test/workflow/tasks/OutputTask.test.ts" name="OutputTask &gt; task execution &gt; should execute successfully with JSON format" time="0.0013187">
        </testcase>
        <testcase classname="test/workflow/tasks/OutputTask.test.ts" name="OutputTask &gt; task execution &gt; should execute with specific fields selection" time="0.0017227">
        </testcase>
        <testcase classname="test/workflow/tasks/OutputTask.test.ts" name="OutputTask &gt; task execution &gt; should execute with summary format" time="0.0010987">
        </testcase>
        <testcase classname="test/workflow/tasks/OutputTask.test.ts" name="OutputTask &gt; task execution &gt; should execute with detailed format" time="0.0013325">
        </testcase>
        <testcase classname="test/workflow/tasks/OutputTask.test.ts" name="OutputTask &gt; task execution &gt; should execute with custom template" time="0.0011143">
        </testcase>
        <testcase classname="test/workflow/tasks/OutputTask.test.ts" name="OutputTask &gt; task execution &gt; should handle nested field access in templates" time="0.0009499">
        </testcase>
        <testcase classname="test/workflow/tasks/OutputTask.test.ts" name="OutputTask &gt; task execution &gt; should exclude metadata when includeMetadata is false" time="0.001037">
        </testcase>
        <testcase classname="test/workflow/tasks/OutputTask.test.ts" name="OutputTask &gt; task execution &gt; should log execution progress" time="0.0015434">
        </testcase>
        <testcase classname="test/workflow/tasks/OutputTask.test.ts" name="OutputTask &gt; task execution &gt; should store output in context" time="0.0009782">
        </testcase>
        <testcase classname="test/workflow/tasks/OutputTask.test.ts" name="OutputTask &gt; format-specific behavior &gt; should handle empty context data gracefully" time="0.0013507">
        </testcase>
        <testcase classname="test/workflow/tasks/OutputTask.test.ts" name="OutputTask &gt; format-specific behavior &gt; should generate meaningful summary for complex workflows" time="0.0015828">
        </testcase>
        <testcase classname="test/workflow/tasks/OutputTask.test.ts" name="OutputTask &gt; format-specific behavior &gt; should create detailed report with proper sections" time="0.0013602">
        </testcase>
        <testcase classname="test/workflow/tasks/OutputTask.test.ts" name="OutputTask &gt; template processing &gt; should handle missing template variables gracefully" time="0.0009984">
        </testcase>
        <testcase classname="test/workflow/tasks/OutputTask.test.ts" name="OutputTask &gt; template processing &gt; should handle complex template expressions" time="0.0011359">
        </testcase>
        <testcase classname="test/workflow/tasks/OutputTask.test.ts" name="OutputTask &gt; template processing &gt; should escape special characters in template values" time="0.001813">
        </testcase>
        <testcase classname="test/workflow/tasks/OutputTask.test.ts" name="OutputTask &gt; field selection and filtering &gt; should handle nested field selection" time="0.0016624">
        </testcase>
        <testcase classname="test/workflow/tasks/OutputTask.test.ts" name="OutputTask &gt; field selection and filtering &gt; should handle non-existent field paths gracefully" time="0.0016888">
        </testcase>
        <testcase classname="test/workflow/tasks/OutputTask.test.ts" name="OutputTask &gt; integration with workflow engine &gt; should work without logger" time="0.0011242">
        </testcase>
        <testcase classname="test/workflow/tasks/OutputTask.test.ts" name="OutputTask &gt; integration with workflow engine &gt; should preserve existing context data" time="0.0015376">
        </testcase>
        <testcase classname="test/workflow/tasks/OutputTask.test.ts" name="OutputTask &gt; integration with workflow engine &gt; should be suitable as final workflow node" time="0.0016468">
        </testcase>
        <testcase classname="test/workflow/tasks/OutputTask.test.ts" name="OutputTask &gt; integration with workflow engine &gt; should handle concurrent executions" time="0.0018305">
        </testcase>
        <testcase classname="test/workflow/tasks/OutputTask.test.ts" name="OutputTask &gt; error handling and edge cases &gt; should handle circular references in data" time="0.0015541">
        </testcase>
        <testcase classname="test/workflow/tasks/OutputTask.test.ts" name="OutputTask &gt; error handling and edge cases &gt; should handle very large data sets efficiently" time="0.0069521">
        </testcase>
        <testcase classname="test/workflow/tasks/OutputTask.test.ts" name="OutputTask &gt; error handling and edge cases &gt; should handle invalid template syntax gracefully" time="0.0009471">
        </testcase>
    </testsuite>
</testsuites>
